running egg_info
creating ../../build/my_rm_scripts/my_rm_scripts.egg-info
writing ../../build/my_rm_scripts/my_rm_scripts.egg-info/PKG-INFO
writing dependency_links to ../../build/my_rm_scripts/my_rm_scripts.egg-info/dependency_links.txt
writing entry points to ../../build/my_rm_scripts/my_rm_scripts.egg-info/entry_points.txt
writing requirements to ../../build/my_rm_scripts/my_rm_scripts.egg-info/requires.txt
writing top-level names to ../../build/my_rm_scripts/my_rm_scripts.egg-info/top_level.txt
writing manifest file '../../build/my_rm_scripts/my_rm_scripts.egg-info/SOURCES.txt'
reading manifest file '../../build/my_rm_scripts/my_rm_scripts.egg-info/SOURCES.txt'
writing manifest file '../../build/my_rm_scripts/my_rm_scripts.egg-info/SOURCES.txt'
running build
running build_py
creating /home/jim/ros2_ws/build/my_rm_scripts/build
creating /home/jim/ros2_ws/build/my_rm_scripts/build/lib
creating /home/jim/ros2_ws/build/my_rm_scripts/build/lib/my_rm_scripts
copying my_rm_scripts/__init__.py -> /home/jim/ros2_ws/build/my_rm_scripts/build/lib/my_rm_scripts
copying my_rm_scripts/move_rm65_client.py -> /home/jim/ros2_ws/build/my_rm_scripts/build/lib/my_rm_scripts
running install
running install_lib
creating /home/jim/ros2_ws/install/my_rm_scripts/lib/python3.10/site-packages/my_rm_scripts
copying /home/jim/ros2_ws/build/my_rm_scripts/build/lib/my_rm_scripts/__init__.py -> /home/jim/ros2_ws/install/my_rm_scripts/lib/python3.10/site-packages/my_rm_scripts
copying /home/jim/ros2_ws/build/my_rm_scripts/build/lib/my_rm_scripts/move_rm65_client.py -> /home/jim/ros2_ws/install/my_rm_scripts/lib/python3.10/site-packages/my_rm_scripts
byte-compiling /home/jim/ros2_ws/install/my_rm_scripts/lib/python3.10/site-packages/my_rm_scripts/__init__.py to __init__.cpython-310.pyc
byte-compiling /home/jim/ros2_ws/install/my_rm_scripts/lib/python3.10/site-packages/my_rm_scripts/move_rm65_client.py to move_rm65_client.cpython-310.pyc
running install_data
creating /home/jim/ros2_ws/install/my_rm_scripts/share/ament_index
creating /home/jim/ros2_ws/install/my_rm_scripts/share/ament_index/resource_index
creating /home/jim/ros2_ws/install/my_rm_scripts/share/ament_index/resource_index/packages
copying resource/my_rm_scripts -> /home/jim/ros2_ws/install/my_rm_scripts/share/ament_index/resource_index/packages
copying package.xml -> /home/jim/ros2_ws/install/my_rm_scripts/share/my_rm_scripts
running install_egg_info
Copying ../../build/my_rm_scripts/my_rm_scripts.egg-info to /home/jim/ros2_ws/install/my_rm_scripts/lib/python3.10/site-packages/my_rm_scripts-0.0.0-py3.10.egg-info
running install_scripts
Installing move_rm65_client script to /home/jim/ros2_ws/install/my_rm_scripts/lib/my_rm_scripts
writing list of installed files to '/home/jim/ros2_ws/build/my_rm_scripts/install.log'
