[0.477s] Invoking command in '/home/jim/ros2_ws/src/my_rm_scripts': PYTHONPATH=/home/jim/ros2_ws/build/my_rm_scripts/prefix_override:/usr/lib/python3/dist-packages/colcon_core/task/python/colcon_distutils_commands:/home/jim/ros2_ws/install/my_rm_scripts/lib/python3.10/site-packages:${PYTHONPATH} /usr/bin/python3 -W ignore:setup.py install is deprecated -W ignore:easy_install command is deprecated setup.py egg_info --egg-base ../../build/my_rm_scripts build --build-base /home/jim/ros2_ws/build/my_rm_scripts/build install --record /home/jim/ros2_ws/build/my_rm_scripts/install.log --single-version-externally-managed install_data
[0.655s] running egg_info
[0.656s] creating ../../build/my_rm_scripts/my_rm_scripts.egg-info
[0.656s] writing ../../build/my_rm_scripts/my_rm_scripts.egg-info/PKG-INFO
[0.656s] writing dependency_links to ../../build/my_rm_scripts/my_rm_scripts.egg-info/dependency_links.txt
[0.656s] writing entry points to ../../build/my_rm_scripts/my_rm_scripts.egg-info/entry_points.txt
[0.656s] writing requirements to ../../build/my_rm_scripts/my_rm_scripts.egg-info/requires.txt
[0.656s] writing top-level names to ../../build/my_rm_scripts/my_rm_scripts.egg-info/top_level.txt
[0.656s] writing manifest file '../../build/my_rm_scripts/my_rm_scripts.egg-info/SOURCES.txt'
[0.657s] reading manifest file '../../build/my_rm_scripts/my_rm_scripts.egg-info/SOURCES.txt'
[0.658s] writing manifest file '../../build/my_rm_scripts/my_rm_scripts.egg-info/SOURCES.txt'
[0.658s] running build
[0.658s] running build_py
[0.658s] creating /home/jim/ros2_ws/build/my_rm_scripts/build
[0.658s] creating /home/jim/ros2_ws/build/my_rm_scripts/build/lib
[0.658s] creating /home/jim/ros2_ws/build/my_rm_scripts/build/lib/my_rm_scripts
[0.658s] copying my_rm_scripts/__init__.py -> /home/jim/ros2_ws/build/my_rm_scripts/build/lib/my_rm_scripts
[0.658s] copying my_rm_scripts/move_rm65_client.py -> /home/jim/ros2_ws/build/my_rm_scripts/build/lib/my_rm_scripts
[0.658s] running install
[0.659s] running install_lib
[0.659s] creating /home/jim/ros2_ws/install/my_rm_scripts/lib/python3.10/site-packages/my_rm_scripts
[0.659s] copying /home/jim/ros2_ws/build/my_rm_scripts/build/lib/my_rm_scripts/__init__.py -> /home/jim/ros2_ws/install/my_rm_scripts/lib/python3.10/site-packages/my_rm_scripts
[0.659s] copying /home/jim/ros2_ws/build/my_rm_scripts/build/lib/my_rm_scripts/move_rm65_client.py -> /home/jim/ros2_ws/install/my_rm_scripts/lib/python3.10/site-packages/my_rm_scripts
[0.659s] byte-compiling /home/jim/ros2_ws/install/my_rm_scripts/lib/python3.10/site-packages/my_rm_scripts/__init__.py to __init__.cpython-310.pyc
[0.659s] byte-compiling /home/jim/ros2_ws/install/my_rm_scripts/lib/python3.10/site-packages/my_rm_scripts/move_rm65_client.py to move_rm65_client.cpython-310.pyc
[0.660s] running install_data
[0.660s] creating /home/jim/ros2_ws/install/my_rm_scripts/share/ament_index
[0.660s] creating /home/jim/ros2_ws/install/my_rm_scripts/share/ament_index/resource_index
[0.660s] creating /home/jim/ros2_ws/install/my_rm_scripts/share/ament_index/resource_index/packages
[0.660s] copying resource/my_rm_scripts -> /home/jim/ros2_ws/install/my_rm_scripts/share/ament_index/resource_index/packages
[0.661s] copying package.xml -> /home/jim/ros2_ws/install/my_rm_scripts/share/my_rm_scripts
[0.661s] running install_egg_info
[0.662s] Copying ../../build/my_rm_scripts/my_rm_scripts.egg-info to /home/jim/ros2_ws/install/my_rm_scripts/lib/python3.10/site-packages/my_rm_scripts-0.0.0-py3.10.egg-info
[0.662s] running install_scripts
[0.676s] Installing move_rm65_client script to /home/jim/ros2_ws/install/my_rm_scripts/lib/my_rm_scripts
[0.677s] writing list of installed files to '/home/jim/ros2_ws/build/my_rm_scripts/install.log'
[0.692s] Invoked command in '/home/jim/ros2_ws/src/my_rm_scripts' returned '0': PYTHONPATH=/home/jim/ros2_ws/build/my_rm_scripts/prefix_override:/usr/lib/python3/dist-packages/colcon_core/task/python/colcon_distutils_commands:/home/jim/ros2_ws/install/my_rm_scripts/lib/python3.10/site-packages:${PYTHONPATH} /usr/bin/python3 -W ignore:setup.py install is deprecated -W ignore:easy_install command is deprecated setup.py egg_info --egg-base ../../build/my_rm_scripts build --build-base /home/jim/ros2_ws/build/my_rm_scripts/build install --record /home/jim/ros2_ws/build/my_rm_scripts/install.log --single-version-externally-managed install_data
