[1.818s] Invoking command in '/home/jim/ros2_ws/src/geometry2/examples_tf2_py': AMENT_PREFIX_PATH=/home/jim/ros2_ws/install/tf2_ros_py:/home/jim/ros2_ws/install/tf2_py:/home/jim/ros2_ws/install/tf2_msgs:/home/jim/ros2_ws/install/tf2:${AMENT_PREFIX_PATH} CMAKE_PREFIX_PATH=/home/jim/ros2_ws/install/tf2_py:/home/jim/ros2_ws/install/tf2_msgs:/home/jim/ros2_ws/install/tf2:${CMAKE_PREFIX_PATH} LD_LIBRARY_PATH=/home/jim/ros2_ws/install/tf2_msgs/lib:/home/jim/ros2_ws/install/tf2/lib:${LD_LIBRARY_PATH} PYTHONPATH=/home/jim/ros2_ws/build/examples_tf2_py/prefix_override:/usr/lib/python3/dist-packages/colcon_core/task/python/colcon_distutils_commands:/home/jim/ros2_ws/install/examples_tf2_py/lib/python3.10/site-packages:/home/jim/ros2_ws/install/tf2_ros_py/lib/python3.10/site-packages:/home/jim/ros2_ws/install/tf2_py/local/lib/python3.10/dist-packages:/home/jim/ros2_ws/install/tf2_msgs/local/lib/python3.10/dist-packages:${PYTHONPATH} /usr/bin/python3 -W ignore:setup.py install is deprecated -W ignore:easy_install command is deprecated setup.py egg_info --egg-base ../../../build/examples_tf2_py build --build-base /home/jim/ros2_ws/build/examples_tf2_py/build install --record /home/jim/ros2_ws/build/examples_tf2_py/install.log --single-version-externally-managed install_data
[2.264s] running egg_info
[2.264s] creating ../../../build/examples_tf2_py/examples_tf2_py.egg-info
[2.264s] writing ../../../build/examples_tf2_py/examples_tf2_py.egg-info/PKG-INFO
[2.264s] writing dependency_links to ../../../build/examples_tf2_py/examples_tf2_py.egg-info/dependency_links.txt
[2.264s] writing entry points to ../../../build/examples_tf2_py/examples_tf2_py.egg-info/entry_points.txt
[2.264s] writing requirements to ../../../build/examples_tf2_py/examples_tf2_py.egg-info/requires.txt
[2.265s] writing top-level names to ../../../build/examples_tf2_py/examples_tf2_py.egg-info/top_level.txt
[2.265s] writing manifest file '../../../build/examples_tf2_py/examples_tf2_py.egg-info/SOURCES.txt'
[2.270s] reading manifest file '../../../build/examples_tf2_py/examples_tf2_py.egg-info/SOURCES.txt'
[2.270s] writing manifest file '../../../build/examples_tf2_py/examples_tf2_py.egg-info/SOURCES.txt'
[2.270s] running build
[2.271s] running build_py
[2.271s] creating /home/jim/ros2_ws/build/examples_tf2_py/build
[2.271s] creating /home/jim/ros2_ws/build/examples_tf2_py/build/lib
[2.272s] creating /home/jim/ros2_ws/build/examples_tf2_py/build/lib/examples_tf2_py
[2.272s] copying examples_tf2_py/dynamic_broadcaster.py -> /home/jim/ros2_ws/build/examples_tf2_py/build/lib/examples_tf2_py
[2.272s] copying examples_tf2_py/static_broadcaster.py -> /home/jim/ros2_ws/build/examples_tf2_py/build/lib/examples_tf2_py
[2.273s] copying examples_tf2_py/async_waits_for_transform.py -> /home/jim/ros2_ws/build/examples_tf2_py/build/lib/examples_tf2_py
[2.273s] copying examples_tf2_py/blocking_waits_for_transform.py -> /home/jim/ros2_ws/build/examples_tf2_py/build/lib/examples_tf2_py
[2.274s] copying examples_tf2_py/__init__.py -> /home/jim/ros2_ws/build/examples_tf2_py/build/lib/examples_tf2_py
[2.274s] copying examples_tf2_py/waits_for_transform.py -> /home/jim/ros2_ws/build/examples_tf2_py/build/lib/examples_tf2_py
[2.275s] copying examples_tf2_py/frame_dumper.py -> /home/jim/ros2_ws/build/examples_tf2_py/build/lib/examples_tf2_py
[2.275s] running install
[2.276s] running install_lib
[2.277s] creating /home/jim/ros2_ws/install/examples_tf2_py/lib/python3.10/site-packages/examples_tf2_py
[2.278s] copying /home/jim/ros2_ws/build/examples_tf2_py/build/lib/examples_tf2_py/dynamic_broadcaster.py -> /home/jim/ros2_ws/install/examples_tf2_py/lib/python3.10/site-packages/examples_tf2_py
[2.278s] copying /home/jim/ros2_ws/build/examples_tf2_py/build/lib/examples_tf2_py/static_broadcaster.py -> /home/jim/ros2_ws/install/examples_tf2_py/lib/python3.10/site-packages/examples_tf2_py
[2.278s] copying /home/jim/ros2_ws/build/examples_tf2_py/build/lib/examples_tf2_py/async_waits_for_transform.py -> /home/jim/ros2_ws/install/examples_tf2_py/lib/python3.10/site-packages/examples_tf2_py
[2.279s] copying /home/jim/ros2_ws/build/examples_tf2_py/build/lib/examples_tf2_py/blocking_waits_for_transform.py -> /home/jim/ros2_ws/install/examples_tf2_py/lib/python3.10/site-packages/examples_tf2_py
[2.279s] copying /home/jim/ros2_ws/build/examples_tf2_py/build/lib/examples_tf2_py/__init__.py -> /home/jim/ros2_ws/install/examples_tf2_py/lib/python3.10/site-packages/examples_tf2_py
[2.279s] copying /home/jim/ros2_ws/build/examples_tf2_py/build/lib/examples_tf2_py/waits_for_transform.py -> /home/jim/ros2_ws/install/examples_tf2_py/lib/python3.10/site-packages/examples_tf2_py
[2.281s] copying /home/jim/ros2_ws/build/examples_tf2_py/build/lib/examples_tf2_py/frame_dumper.py -> /home/jim/ros2_ws/install/examples_tf2_py/lib/python3.10/site-packages/examples_tf2_py
[2.281s] byte-compiling /home/jim/ros2_ws/install/examples_tf2_py/lib/python3.10/site-packages/examples_tf2_py/dynamic_broadcaster.py to dynamic_broadcaster.cpython-310.pyc
[2.283s] byte-compiling /home/jim/ros2_ws/install/examples_tf2_py/lib/python3.10/site-packages/examples_tf2_py/static_broadcaster.py to static_broadcaster.cpython-310.pyc
[2.284s] byte-compiling /home/jim/ros2_ws/install/examples_tf2_py/lib/python3.10/site-packages/examples_tf2_py/async_waits_for_transform.py to async_waits_for_transform.cpython-310.pyc
[2.286s] byte-compiling /home/jim/ros2_ws/install/examples_tf2_py/lib/python3.10/site-packages/examples_tf2_py/blocking_waits_for_transform.py to blocking_waits_for_transform.cpython-310.pyc
[2.286s] byte-compiling /home/jim/ros2_ws/install/examples_tf2_py/lib/python3.10/site-packages/examples_tf2_py/__init__.py to __init__.cpython-310.pyc
[2.286s] byte-compiling /home/jim/ros2_ws/install/examples_tf2_py/lib/python3.10/site-packages/examples_tf2_py/waits_for_transform.py to waits_for_transform.cpython-310.pyc
[2.291s] byte-compiling /home/jim/ros2_ws/install/examples_tf2_py/lib/python3.10/site-packages/examples_tf2_py/frame_dumper.py to frame_dumper.cpython-310.pyc
[2.292s] running install_data
[2.292s] creating /home/jim/ros2_ws/install/examples_tf2_py/share/ament_index
[2.292s] creating /home/jim/ros2_ws/install/examples_tf2_py/share/ament_index/resource_index
[2.292s] creating /home/jim/ros2_ws/install/examples_tf2_py/share/ament_index/resource_index/packages
[2.292s] copying resource/examples_tf2_py -> /home/jim/ros2_ws/install/examples_tf2_py/share/ament_index/resource_index/packages
[2.292s] copying package.xml -> /home/jim/ros2_ws/install/examples_tf2_py/share/examples_tf2_py
[2.292s] creating /home/jim/ros2_ws/install/examples_tf2_py/share/examples_tf2_py/launch
[2.292s] copying launch/broadcasters.launch.xml -> /home/jim/ros2_ws/install/examples_tf2_py/share/examples_tf2_py/launch
[2.292s] running install_egg_info
[2.298s] Copying ../../../build/examples_tf2_py/examples_tf2_py.egg-info to /home/jim/ros2_ws/install/examples_tf2_py/lib/python3.10/site-packages/examples_tf2_py-0.25.17-py3.10.egg-info
[2.298s] running install_scripts
[2.326s] Installing async_waits_for_transform script to /home/jim/ros2_ws/install/examples_tf2_py/lib/examples_tf2_py
[2.328s] Installing blocking_waits_for_transform script to /home/jim/ros2_ws/install/examples_tf2_py/lib/examples_tf2_py
[2.328s] Installing dynamic_broadcaster script to /home/jim/ros2_ws/install/examples_tf2_py/lib/examples_tf2_py
[2.328s] Installing frame_dumper script to /home/jim/ros2_ws/install/examples_tf2_py/lib/examples_tf2_py
[2.328s] Installing static_broadcaster script to /home/jim/ros2_ws/install/examples_tf2_py/lib/examples_tf2_py
[2.328s] Installing waits_for_transform script to /home/jim/ros2_ws/install/examples_tf2_py/lib/examples_tf2_py
[2.328s] writing list of installed files to '/home/jim/ros2_ws/build/examples_tf2_py/install.log'
[2.372s] Invoked command in '/home/jim/ros2_ws/src/geometry2/examples_tf2_py' returned '0': AMENT_PREFIX_PATH=/home/jim/ros2_ws/install/tf2_ros_py:/home/jim/ros2_ws/install/tf2_py:/home/jim/ros2_ws/install/tf2_msgs:/home/jim/ros2_ws/install/tf2:${AMENT_PREFIX_PATH} CMAKE_PREFIX_PATH=/home/jim/ros2_ws/install/tf2_py:/home/jim/ros2_ws/install/tf2_msgs:/home/jim/ros2_ws/install/tf2:${CMAKE_PREFIX_PATH} LD_LIBRARY_PATH=/home/jim/ros2_ws/install/tf2_msgs/lib:/home/jim/ros2_ws/install/tf2/lib:${LD_LIBRARY_PATH} PYTHONPATH=/home/jim/ros2_ws/build/examples_tf2_py/prefix_override:/usr/lib/python3/dist-packages/colcon_core/task/python/colcon_distutils_commands:/home/jim/ros2_ws/install/examples_tf2_py/lib/python3.10/site-packages:/home/jim/ros2_ws/install/tf2_ros_py/lib/python3.10/site-packages:/home/jim/ros2_ws/install/tf2_py/local/lib/python3.10/dist-packages:/home/jim/ros2_ws/install/tf2_msgs/local/lib/python3.10/dist-packages:${PYTHONPATH} /usr/bin/python3 -W ignore:setup.py install is deprecated -W ignore:easy_install command is deprecated setup.py egg_info --egg-base ../../../build/examples_tf2_py build --build-base /home/jim/ros2_ws/build/examples_tf2_py/build install --record /home/jim/ros2_ws/build/examples_tf2_py/install.log --single-version-externally-managed install_data
