[0.089s] Invoking command in '/home/jim/ros2_ws/build/tf2_sensor_msgs': AMENT_PREFIX_PATH=/home/jim/ros2_ws/install/tf2_ros_py:/home/jim/ros2_ws/install/tf2_ros:/home/jim/ros2_ws/install/tf2_py:/home/jim/ros2_ws/install/tf2_msgs:/home/jim/ros2_ws/install/tf2:${AMENT_PREFIX_PATH} CMAKE_PREFIX_PATH=/home/jim/ros2_ws/install/tf2_ros:/home/jim/ros2_ws/install/tf2_py:/home/jim/ros2_ws/install/tf2_msgs:/home/jim/ros2_ws/install/tf2:/home/jim/ws_moveit2/install/pilz_industrial_motion_planner_testutils:/home/jim/ws_moveit2/install/moveit_runtime:/home/jim/ws_moveit2/install/moveit2_tutorials:/home/jim/ws_moveit2/install/moveit:/home/jim/ws_moveit2/install/moveit_planners:/home/jim/ws_moveit2/install/pilz_industrial_motion_planner:/home/jim/ws_moveit2/install/moveit_visual_tools:/home/jim/ws_moveit2/install/moveit_task_constructor_visualization:/home/jim/ws_moveit2/install/moveit_task_constructor_demo:/home/jim/ws_moveit2/install/moveit_task_constructor_capabilities:/home/jim/ws_moveit2/install/moveit_task_constructor_core:/home/jim/ws_moveit2/install/moveit_ros_control_interface:/home/jim/ws_moveit2/install/moveit_plugins:/home/jim/ws_moveit2/install/moveit_simple_controller_manager:/home/jim/ws_moveit2/install/moveit_setup_assistant:/home/jim/ws_moveit2/install/moveit_setup_srdf_plugins:/home/jim/ws_moveit2/install/moveit_setup_core_plugins:/home/jim/ws_moveit2/install/moveit_setup_controllers:/home/jim/ws_moveit2/install/moveit_setup_app_plugins:/home/jim/ws_moveit2/install/moveit_setup_framework:/home/jim/ws_moveit2/install/moveit_servo:/home/jim/ws_moveit2/install/moveit_ros:/home/jim/ws_moveit2/install/moveit_ros_visualization:/home/jim/ws_moveit2/install/moveit_hybrid_planning:/home/jim/ws_moveit2/install/moveit_ros_planning_interface:/home/jim/ws_moveit2/install/moveit_ros_benchmarks:/home/jim/ws_moveit2/install/moveit_ros_warehouse:/home/jim/ws_moveit2/install/moveit_ros_robot_interaction:/home/jim/ws_moveit2/install/moveit_ros_perception:/home/jim/ws_moveit2/install/moveit_resources_prbt_pg70_support:/home/jim/ws_moveit2/install/moveit_resources_prbt_moveit_config:/home/jim/ws_moveit2/install/moveit_ros_move_group:/home/jim/ws_moveit2/install/moveit_planners_ompl:/home/jim/ws_moveit2/install/moveit_ros_planning:/home/jim/ws_moveit2/install/moveit_ros_occupancy_map_monitor:/home/jim/ws_moveit2/install/moveit_resources_prbt_ikfast_manipulator_plugin:/home/jim/ws_moveit2/install/moveit_planners_chomp:/home/jim/ws_moveit2/install/moveit_kinematics:/home/jim/ws_moveit2/install/moveit_chomp_optimizer_adapter:/home/jim/ws_moveit2/install/chomp_motion_planner:/home/jim/ws_moveit2/install/moveit_core:/home/jim/ws_moveit2/install/srdfdom:/home/jim/ws_moveit2/install/rviz_marker_tools:/home/jim/ws_moveit2/install/rosparam_shortcuts:/home/jim/ws_moveit2/install/moveit_task_constructor_msgs:/home/jim/ws_moveit2/install/moveit_resources_prbt_support:/home/jim/ws_moveit2/install/moveit_resources:/home/jim/ws_moveit2/install/moveit_resources_pr2_description:/home/jim/ws_moveit2/install/moveit_resources_panda_moveit_config:/home/jim/ws_moveit2/install/moveit_resources_panda_description:/home/jim/ws_moveit2/install/moveit_resources_fanuc_moveit_config:/home/jim/ws_moveit2/install/moveit_resources_fanuc_description:/home/jim/ws_moveit2/install/moveit_common:/home/jim/ws_moveit2/install/moveit_configs_utils:/home/jim/ws_moveit2/install/launch_param_builder:/opt/ros/humble LD_LIBRARY_PATH=/home/jim/ros2_ws/install/tf2_ros/lib:/home/jim/ros2_ws/install/tf2_msgs/lib:/home/jim/ros2_ws/install/tf2/lib:${LD_LIBRARY_PATH} PYTHONPATH=/home/jim/ros2_ws/install/tf2_ros_py/lib/python3.10/site-packages:/home/jim/ros2_ws/install/tf2_py/local/lib/python3.10/dist-packages:/home/jim/ros2_ws/install/tf2_msgs/local/lib/python3.10/dist-packages:${PYTHONPATH} /usr/bin/cmake /home/jim/ros2_ws/src/geometry2/tf2_sensor_msgs -DCMAKE_INSTALL_PREFIX=/home/jim/ros2_ws/install/tf2_sensor_msgs
[0.205s] -- The C compiler identification is GNU 11.4.0
[0.349s] -- The CXX compiler identification is GNU 11.4.0
[0.371s] -- Detecting C compiler ABI info
[0.585s] -- Detecting C compiler ABI info - done
[0.612s] -- Check for working C compiler: /usr/bin/cc - skipped
[0.612s] -- Detecting C compile features
[0.613s] -- Detecting C compile features - done
[0.633s] -- Detecting CXX compiler ABI info
[0.903s] -- Detecting CXX compiler ABI info - done
[0.920s] -- Check for working CXX compiler: /usr/bin/c++ - skipped
[0.920s] -- Detecting CXX compile features
[0.920s] -- Detecting CXX compile features - done
[0.932s] -- Found ament_cmake_auto: 1.3.12 (/opt/ros/humble/share/ament_cmake_auto/cmake)
[1.425s] -- Found Python3: /usr/bin/python3 (found version "3.10.12") found components: Interpreter 
[2.287s] -- Found rosidl_generator_c: 3.1.7 (/opt/ros/humble/share/rosidl_generator_c/cmake)
[2.309s] -- Found rosidl_adapter: 3.1.7 (/opt/ros/humble/share/rosidl_adapter/cmake)
[2.336s] -- Found rosidl_generator_cpp: 3.1.7 (/opt/ros/humble/share/rosidl_generator_cpp/cmake)
[2.374s] -- Using all available rosidl_typesupport_c: rosidl_typesupport_fastrtps_c;rosidl_typesupport_introspection_c
[2.424s] -- Using all available rosidl_typesupport_cpp: rosidl_typesupport_fastrtps_cpp;rosidl_typesupport_introspection_cpp
[2.793s] -- Found rmw_implementation_cmake: 6.1.2 (/opt/ros/humble/share/rmw_implementation_cmake/cmake)
[2.805s] -- Found rmw_fastrtps_cpp: 6.2.9 (/opt/ros/humble/share/rmw_fastrtps_cpp/cmake)
[3.068s] -- Found OpenSSL: /usr/lib/x86_64-linux-gnu/libcrypto.so (found version "3.0.2")  
[3.129s] -- Found FastRTPS: /opt/ros/humble/include  
[3.301s] -- Using RMW implementation 'rmw_fastrtps_cpp' as default
[3.398s] -- Looking for pthread.h
[3.584s] -- Looking for pthread.h - found
[3.584s] -- Performing Test CMAKE_HAVE_LIBC_PTHREAD
[3.843s] -- Performing Test CMAKE_HAVE_LIBC_PTHREAD - Success
[3.845s] -- Found Threads: TRUE  
[4.100s] -- Found Eigen3: TRUE (found version "3.4.0") 
[4.175s] -- Found ament_cmake_gtest: 1.3.12 (/opt/ros/humble/share/ament_cmake_gtest/cmake)
[4.187s] -- Found ament_lint_auto: 0.12.14 (/opt/ros/humble/share/ament_lint_auto/cmake)
[7.064s] -- Found gtest sources under '/opt/ros/humble/src/gtest_vendor': C++ tests using 'Google Test' will be built
[7.079s] [0mIn this package, headers install destination is set to `include` by ament_auto_package. It is recommended to install `include/tf2_sensor_msgs` instead and will be the default behavior of ament_auto_package from ROS 2 Kilted Kaiju. On distributions before Kilted, ament_auto_package behaves the same way when you use USE_SCOPED_HEADER_INSTALL_DIR option.[0m
[7.083s] -- Added test 'copyright' to check source files copyright and LICENSE
[7.087s] -- Added test 'cppcheck' to perform static code analysis on C / C++ code
[7.087s] -- Configured cppcheck language: c++
[7.088s] -- Configured cppcheck include dirs: /home/jim/ros2_ws/src/geometry2/tf2_sensor_msgs/include
[7.088s] -- Configured cppcheck exclude dirs and/or files: 
[7.090s] -- Added test 'cpplint' to check C / C++ code against the Google style
[7.093s] -- Configured cpplint exclude dirs and/or files: 
[7.093s] -- Added test 'flake8' to check Python code syntax and style conventions
[7.095s] -- Added test 'lint_cmake' to check CMake code style
[7.097s] -- Added test 'pep257' to check Python code against some of the docstring style conventions in PEP 257
[7.100s] -- Added test 'uncrustify' to check C / C++ code style
[7.100s] -- Configured uncrustify additional arguments: --language;CPP
[7.103s] -- Added test 'xmllint' to check XML markup files
[7.108s] -- Configuring done
[7.133s] -- Generating done
[7.143s] -- Build files have been written to: /home/jim/ros2_ws/build/tf2_sensor_msgs
[7.191s] Invoked command in '/home/jim/ros2_ws/build/tf2_sensor_msgs' returned '0': AMENT_PREFIX_PATH=/home/jim/ros2_ws/install/tf2_ros_py:/home/jim/ros2_ws/install/tf2_ros:/home/jim/ros2_ws/install/tf2_py:/home/jim/ros2_ws/install/tf2_msgs:/home/jim/ros2_ws/install/tf2:${AMENT_PREFIX_PATH} CMAKE_PREFIX_PATH=/home/jim/ros2_ws/install/tf2_ros:/home/jim/ros2_ws/install/tf2_py:/home/jim/ros2_ws/install/tf2_msgs:/home/jim/ros2_ws/install/tf2:/home/jim/ws_moveit2/install/pilz_industrial_motion_planner_testutils:/home/jim/ws_moveit2/install/moveit_runtime:/home/jim/ws_moveit2/install/moveit2_tutorials:/home/jim/ws_moveit2/install/moveit:/home/jim/ws_moveit2/install/moveit_planners:/home/jim/ws_moveit2/install/pilz_industrial_motion_planner:/home/jim/ws_moveit2/install/moveit_visual_tools:/home/jim/ws_moveit2/install/moveit_task_constructor_visualization:/home/jim/ws_moveit2/install/moveit_task_constructor_demo:/home/jim/ws_moveit2/install/moveit_task_constructor_capabilities:/home/jim/ws_moveit2/install/moveit_task_constructor_core:/home/jim/ws_moveit2/install/moveit_ros_control_interface:/home/jim/ws_moveit2/install/moveit_plugins:/home/jim/ws_moveit2/install/moveit_simple_controller_manager:/home/jim/ws_moveit2/install/moveit_setup_assistant:/home/jim/ws_moveit2/install/moveit_setup_srdf_plugins:/home/jim/ws_moveit2/install/moveit_setup_core_plugins:/home/jim/ws_moveit2/install/moveit_setup_controllers:/home/jim/ws_moveit2/install/moveit_setup_app_plugins:/home/jim/ws_moveit2/install/moveit_setup_framework:/home/jim/ws_moveit2/install/moveit_servo:/home/jim/ws_moveit2/install/moveit_ros:/home/jim/ws_moveit2/install/moveit_ros_visualization:/home/jim/ws_moveit2/install/moveit_hybrid_planning:/home/jim/ws_moveit2/install/moveit_ros_planning_interface:/home/jim/ws_moveit2/install/moveit_ros_benchmarks:/home/jim/ws_moveit2/install/moveit_ros_warehouse:/home/jim/ws_moveit2/install/moveit_ros_robot_interaction:/home/jim/ws_moveit2/install/moveit_ros_perception:/home/jim/ws_moveit2/install/moveit_resources_prbt_pg70_support:/home/jim/ws_moveit2/install/moveit_resources_prbt_moveit_config:/home/jim/ws_moveit2/install/moveit_ros_move_group:/home/jim/ws_moveit2/install/moveit_planners_ompl:/home/jim/ws_moveit2/install/moveit_ros_planning:/home/jim/ws_moveit2/install/moveit_ros_occupancy_map_monitor:/home/jim/ws_moveit2/install/moveit_resources_prbt_ikfast_manipulator_plugin:/home/jim/ws_moveit2/install/moveit_planners_chomp:/home/jim/ws_moveit2/install/moveit_kinematics:/home/jim/ws_moveit2/install/moveit_chomp_optimizer_adapter:/home/jim/ws_moveit2/install/chomp_motion_planner:/home/jim/ws_moveit2/install/moveit_core:/home/jim/ws_moveit2/install/srdfdom:/home/jim/ws_moveit2/install/rviz_marker_tools:/home/jim/ws_moveit2/install/rosparam_shortcuts:/home/jim/ws_moveit2/install/moveit_task_constructor_msgs:/home/jim/ws_moveit2/install/moveit_resources_prbt_support:/home/jim/ws_moveit2/install/moveit_resources:/home/jim/ws_moveit2/install/moveit_resources_pr2_description:/home/jim/ws_moveit2/install/moveit_resources_panda_moveit_config:/home/jim/ws_moveit2/install/moveit_resources_panda_description:/home/jim/ws_moveit2/install/moveit_resources_fanuc_moveit_config:/home/jim/ws_moveit2/install/moveit_resources_fanuc_description:/home/jim/ws_moveit2/install/moveit_common:/home/jim/ws_moveit2/install/moveit_configs_utils:/home/jim/ws_moveit2/install/launch_param_builder:/opt/ros/humble LD_LIBRARY_PATH=/home/jim/ros2_ws/install/tf2_ros/lib:/home/jim/ros2_ws/install/tf2_msgs/lib:/home/jim/ros2_ws/install/tf2/lib:${LD_LIBRARY_PATH} PYTHONPATH=/home/jim/ros2_ws/install/tf2_ros_py/lib/python3.10/site-packages:/home/jim/ros2_ws/install/tf2_py/local/lib/python3.10/dist-packages:/home/jim/ros2_ws/install/tf2_msgs/local/lib/python3.10/dist-packages:${PYTHONPATH} /usr/bin/cmake /home/jim/ros2_ws/src/geometry2/tf2_sensor_msgs -DCMAKE_INSTALL_PREFIX=/home/jim/ros2_ws/install/tf2_sensor_msgs
[7.192s] Invoking command in '/home/jim/ros2_ws/build/tf2_sensor_msgs': AMENT_PREFIX_PATH=/home/jim/ros2_ws/install/tf2_ros_py:/home/jim/ros2_ws/install/tf2_ros:/home/jim/ros2_ws/install/tf2_py:/home/jim/ros2_ws/install/tf2_msgs:/home/jim/ros2_ws/install/tf2:${AMENT_PREFIX_PATH} CMAKE_PREFIX_PATH=/home/jim/ros2_ws/install/tf2_ros:/home/jim/ros2_ws/install/tf2_py:/home/jim/ros2_ws/install/tf2_msgs:/home/jim/ros2_ws/install/tf2:/home/jim/ws_moveit2/install/pilz_industrial_motion_planner_testutils:/home/jim/ws_moveit2/install/moveit_runtime:/home/jim/ws_moveit2/install/moveit2_tutorials:/home/jim/ws_moveit2/install/moveit:/home/jim/ws_moveit2/install/moveit_planners:/home/jim/ws_moveit2/install/pilz_industrial_motion_planner:/home/jim/ws_moveit2/install/moveit_visual_tools:/home/jim/ws_moveit2/install/moveit_task_constructor_visualization:/home/jim/ws_moveit2/install/moveit_task_constructor_demo:/home/jim/ws_moveit2/install/moveit_task_constructor_capabilities:/home/jim/ws_moveit2/install/moveit_task_constructor_core:/home/jim/ws_moveit2/install/moveit_ros_control_interface:/home/jim/ws_moveit2/install/moveit_plugins:/home/jim/ws_moveit2/install/moveit_simple_controller_manager:/home/jim/ws_moveit2/install/moveit_setup_assistant:/home/jim/ws_moveit2/install/moveit_setup_srdf_plugins:/home/jim/ws_moveit2/install/moveit_setup_core_plugins:/home/jim/ws_moveit2/install/moveit_setup_controllers:/home/jim/ws_moveit2/install/moveit_setup_app_plugins:/home/jim/ws_moveit2/install/moveit_setup_framework:/home/jim/ws_moveit2/install/moveit_servo:/home/jim/ws_moveit2/install/moveit_ros:/home/jim/ws_moveit2/install/moveit_ros_visualization:/home/jim/ws_moveit2/install/moveit_hybrid_planning:/home/jim/ws_moveit2/install/moveit_ros_planning_interface:/home/jim/ws_moveit2/install/moveit_ros_benchmarks:/home/jim/ws_moveit2/install/moveit_ros_warehouse:/home/jim/ws_moveit2/install/moveit_ros_robot_interaction:/home/jim/ws_moveit2/install/moveit_ros_perception:/home/jim/ws_moveit2/install/moveit_resources_prbt_pg70_support:/home/jim/ws_moveit2/install/moveit_resources_prbt_moveit_config:/home/jim/ws_moveit2/install/moveit_ros_move_group:/home/jim/ws_moveit2/install/moveit_planners_ompl:/home/jim/ws_moveit2/install/moveit_ros_planning:/home/jim/ws_moveit2/install/moveit_ros_occupancy_map_monitor:/home/jim/ws_moveit2/install/moveit_resources_prbt_ikfast_manipulator_plugin:/home/jim/ws_moveit2/install/moveit_planners_chomp:/home/jim/ws_moveit2/install/moveit_kinematics:/home/jim/ws_moveit2/install/moveit_chomp_optimizer_adapter:/home/jim/ws_moveit2/install/chomp_motion_planner:/home/jim/ws_moveit2/install/moveit_core:/home/jim/ws_moveit2/install/srdfdom:/home/jim/ws_moveit2/install/rviz_marker_tools:/home/jim/ws_moveit2/install/rosparam_shortcuts:/home/jim/ws_moveit2/install/moveit_task_constructor_msgs:/home/jim/ws_moveit2/install/moveit_resources_prbt_support:/home/jim/ws_moveit2/install/moveit_resources:/home/jim/ws_moveit2/install/moveit_resources_pr2_description:/home/jim/ws_moveit2/install/moveit_resources_panda_moveit_config:/home/jim/ws_moveit2/install/moveit_resources_panda_description:/home/jim/ws_moveit2/install/moveit_resources_fanuc_moveit_config:/home/jim/ws_moveit2/install/moveit_resources_fanuc_description:/home/jim/ws_moveit2/install/moveit_common:/home/jim/ws_moveit2/install/moveit_configs_utils:/home/jim/ws_moveit2/install/launch_param_builder:/opt/ros/humble LD_LIBRARY_PATH=/home/jim/ros2_ws/install/tf2_ros/lib:/home/jim/ros2_ws/install/tf2_msgs/lib:/home/jim/ros2_ws/install/tf2/lib:${LD_LIBRARY_PATH} PYTHONPATH=/home/jim/ros2_ws/install/tf2_ros_py/lib/python3.10/site-packages:/home/jim/ros2_ws/install/tf2_py/local/lib/python3.10/dist-packages:/home/jim/ros2_ws/install/tf2_msgs/local/lib/python3.10/dist-packages:${PYTHONPATH} /usr/bin/cmake --build /home/jim/ros2_ws/build/tf2_sensor_msgs -- -j16 -l16
[8.093s] [ 16%] [32mBuilding CXX object gtest/CMakeFiles/gtest_main.dir/src/gtest_main.cc.o[0m
[8.093s] [ 33%] [32mBuilding CXX object gtest/CMakeFiles/gtest.dir/src/gtest-all.cc.o[0m
[8.093s] [ 33%] Built target ament_cmake_python_copy_tf2_sensor_msgs
[8.093s] running egg_info
[8.093s] creating tf2_sensor_msgs.egg-info
[8.093s] writing tf2_sensor_msgs.egg-info/PKG-INFO
[8.094s] writing dependency_links to tf2_sensor_msgs.egg-info/dependency_links.txt
[8.101s] writing top-level names to tf2_sensor_msgs.egg-info/top_level.txt
[8.101s] writing manifest file 'tf2_sensor_msgs.egg-info/SOURCES.txt'
[8.101s] reading manifest file 'tf2_sensor_msgs.egg-info/SOURCES.txt'
[8.101s] writing manifest file 'tf2_sensor_msgs.egg-info/SOURCES.txt'
[8.101s] [ 33%] Built target ament_cmake_python_build_tf2_sensor_msgs_egg
[8.628s] [ 50%] [32m[1mLinking CXX static library libgtest_main.a[0m
[8.798s] [ 50%] Built target gtest_main
[13.079s] [ 66%] [32m[1mLinking CXX static library libgtest.a[0m
[13.178s] [ 66%] Built target gtest
[13.227s] [ 83%] [32mBuilding CXX object CMakeFiles/test_tf2_sensor_msgs_cpp.dir/test/test_tf2_sensor_msgs.cpp.o[0m
[20.536s] [100%] [32m[1mLinking CXX executable test_tf2_sensor_msgs_cpp[0m
[20.830s] [100%] Built target test_tf2_sensor_msgs_cpp
[20.847s] Invoked command in '/home/jim/ros2_ws/build/tf2_sensor_msgs' returned '0': AMENT_PREFIX_PATH=/home/jim/ros2_ws/install/tf2_ros_py:/home/jim/ros2_ws/install/tf2_ros:/home/jim/ros2_ws/install/tf2_py:/home/jim/ros2_ws/install/tf2_msgs:/home/jim/ros2_ws/install/tf2:${AMENT_PREFIX_PATH} CMAKE_PREFIX_PATH=/home/jim/ros2_ws/install/tf2_ros:/home/jim/ros2_ws/install/tf2_py:/home/jim/ros2_ws/install/tf2_msgs:/home/jim/ros2_ws/install/tf2:/home/jim/ws_moveit2/install/pilz_industrial_motion_planner_testutils:/home/jim/ws_moveit2/install/moveit_runtime:/home/jim/ws_moveit2/install/moveit2_tutorials:/home/jim/ws_moveit2/install/moveit:/home/jim/ws_moveit2/install/moveit_planners:/home/jim/ws_moveit2/install/pilz_industrial_motion_planner:/home/jim/ws_moveit2/install/moveit_visual_tools:/home/jim/ws_moveit2/install/moveit_task_constructor_visualization:/home/jim/ws_moveit2/install/moveit_task_constructor_demo:/home/jim/ws_moveit2/install/moveit_task_constructor_capabilities:/home/jim/ws_moveit2/install/moveit_task_constructor_core:/home/jim/ws_moveit2/install/moveit_ros_control_interface:/home/jim/ws_moveit2/install/moveit_plugins:/home/jim/ws_moveit2/install/moveit_simple_controller_manager:/home/jim/ws_moveit2/install/moveit_setup_assistant:/home/jim/ws_moveit2/install/moveit_setup_srdf_plugins:/home/jim/ws_moveit2/install/moveit_setup_core_plugins:/home/jim/ws_moveit2/install/moveit_setup_controllers:/home/jim/ws_moveit2/install/moveit_setup_app_plugins:/home/jim/ws_moveit2/install/moveit_setup_framework:/home/jim/ws_moveit2/install/moveit_servo:/home/jim/ws_moveit2/install/moveit_ros:/home/jim/ws_moveit2/install/moveit_ros_visualization:/home/jim/ws_moveit2/install/moveit_hybrid_planning:/home/jim/ws_moveit2/install/moveit_ros_planning_interface:/home/jim/ws_moveit2/install/moveit_ros_benchmarks:/home/jim/ws_moveit2/install/moveit_ros_warehouse:/home/jim/ws_moveit2/install/moveit_ros_robot_interaction:/home/jim/ws_moveit2/install/moveit_ros_perception:/home/jim/ws_moveit2/install/moveit_resources_prbt_pg70_support:/home/jim/ws_moveit2/install/moveit_resources_prbt_moveit_config:/home/jim/ws_moveit2/install/moveit_ros_move_group:/home/jim/ws_moveit2/install/moveit_planners_ompl:/home/jim/ws_moveit2/install/moveit_ros_planning:/home/jim/ws_moveit2/install/moveit_ros_occupancy_map_monitor:/home/jim/ws_moveit2/install/moveit_resources_prbt_ikfast_manipulator_plugin:/home/jim/ws_moveit2/install/moveit_planners_chomp:/home/jim/ws_moveit2/install/moveit_kinematics:/home/jim/ws_moveit2/install/moveit_chomp_optimizer_adapter:/home/jim/ws_moveit2/install/chomp_motion_planner:/home/jim/ws_moveit2/install/moveit_core:/home/jim/ws_moveit2/install/srdfdom:/home/jim/ws_moveit2/install/rviz_marker_tools:/home/jim/ws_moveit2/install/rosparam_shortcuts:/home/jim/ws_moveit2/install/moveit_task_constructor_msgs:/home/jim/ws_moveit2/install/moveit_resources_prbt_support:/home/jim/ws_moveit2/install/moveit_resources:/home/jim/ws_moveit2/install/moveit_resources_pr2_description:/home/jim/ws_moveit2/install/moveit_resources_panda_moveit_config:/home/jim/ws_moveit2/install/moveit_resources_panda_description:/home/jim/ws_moveit2/install/moveit_resources_fanuc_moveit_config:/home/jim/ws_moveit2/install/moveit_resources_fanuc_description:/home/jim/ws_moveit2/install/moveit_common:/home/jim/ws_moveit2/install/moveit_configs_utils:/home/jim/ws_moveit2/install/launch_param_builder:/opt/ros/humble LD_LIBRARY_PATH=/home/jim/ros2_ws/install/tf2_ros/lib:/home/jim/ros2_ws/install/tf2_msgs/lib:/home/jim/ros2_ws/install/tf2/lib:${LD_LIBRARY_PATH} PYTHONPATH=/home/jim/ros2_ws/install/tf2_ros_py/lib/python3.10/site-packages:/home/jim/ros2_ws/install/tf2_py/local/lib/python3.10/dist-packages:/home/jim/ros2_ws/install/tf2_msgs/local/lib/python3.10/dist-packages:${PYTHONPATH} /usr/bin/cmake --build /home/jim/ros2_ws/build/tf2_sensor_msgs -- -j16 -l16
[20.849s] Invoking command in '/home/jim/ros2_ws/build/tf2_sensor_msgs': AMENT_PREFIX_PATH=/home/jim/ros2_ws/install/tf2_ros_py:/home/jim/ros2_ws/install/tf2_ros:/home/jim/ros2_ws/install/tf2_py:/home/jim/ros2_ws/install/tf2_msgs:/home/jim/ros2_ws/install/tf2:${AMENT_PREFIX_PATH} CMAKE_PREFIX_PATH=/home/jim/ros2_ws/install/tf2_ros:/home/jim/ros2_ws/install/tf2_py:/home/jim/ros2_ws/install/tf2_msgs:/home/jim/ros2_ws/install/tf2:/home/jim/ws_moveit2/install/pilz_industrial_motion_planner_testutils:/home/jim/ws_moveit2/install/moveit_runtime:/home/jim/ws_moveit2/install/moveit2_tutorials:/home/jim/ws_moveit2/install/moveit:/home/jim/ws_moveit2/install/moveit_planners:/home/jim/ws_moveit2/install/pilz_industrial_motion_planner:/home/jim/ws_moveit2/install/moveit_visual_tools:/home/jim/ws_moveit2/install/moveit_task_constructor_visualization:/home/jim/ws_moveit2/install/moveit_task_constructor_demo:/home/jim/ws_moveit2/install/moveit_task_constructor_capabilities:/home/jim/ws_moveit2/install/moveit_task_constructor_core:/home/jim/ws_moveit2/install/moveit_ros_control_interface:/home/jim/ws_moveit2/install/moveit_plugins:/home/jim/ws_moveit2/install/moveit_simple_controller_manager:/home/jim/ws_moveit2/install/moveit_setup_assistant:/home/jim/ws_moveit2/install/moveit_setup_srdf_plugins:/home/jim/ws_moveit2/install/moveit_setup_core_plugins:/home/jim/ws_moveit2/install/moveit_setup_controllers:/home/jim/ws_moveit2/install/moveit_setup_app_plugins:/home/jim/ws_moveit2/install/moveit_setup_framework:/home/jim/ws_moveit2/install/moveit_servo:/home/jim/ws_moveit2/install/moveit_ros:/home/jim/ws_moveit2/install/moveit_ros_visualization:/home/jim/ws_moveit2/install/moveit_hybrid_planning:/home/jim/ws_moveit2/install/moveit_ros_planning_interface:/home/jim/ws_moveit2/install/moveit_ros_benchmarks:/home/jim/ws_moveit2/install/moveit_ros_warehouse:/home/jim/ws_moveit2/install/moveit_ros_robot_interaction:/home/jim/ws_moveit2/install/moveit_ros_perception:/home/jim/ws_moveit2/install/moveit_resources_prbt_pg70_support:/home/jim/ws_moveit2/install/moveit_resources_prbt_moveit_config:/home/jim/ws_moveit2/install/moveit_ros_move_group:/home/jim/ws_moveit2/install/moveit_planners_ompl:/home/jim/ws_moveit2/install/moveit_ros_planning:/home/jim/ws_moveit2/install/moveit_ros_occupancy_map_monitor:/home/jim/ws_moveit2/install/moveit_resources_prbt_ikfast_manipulator_plugin:/home/jim/ws_moveit2/install/moveit_planners_chomp:/home/jim/ws_moveit2/install/moveit_kinematics:/home/jim/ws_moveit2/install/moveit_chomp_optimizer_adapter:/home/jim/ws_moveit2/install/chomp_motion_planner:/home/jim/ws_moveit2/install/moveit_core:/home/jim/ws_moveit2/install/srdfdom:/home/jim/ws_moveit2/install/rviz_marker_tools:/home/jim/ws_moveit2/install/rosparam_shortcuts:/home/jim/ws_moveit2/install/moveit_task_constructor_msgs:/home/jim/ws_moveit2/install/moveit_resources_prbt_support:/home/jim/ws_moveit2/install/moveit_resources:/home/jim/ws_moveit2/install/moveit_resources_pr2_description:/home/jim/ws_moveit2/install/moveit_resources_panda_moveit_config:/home/jim/ws_moveit2/install/moveit_resources_panda_description:/home/jim/ws_moveit2/install/moveit_resources_fanuc_moveit_config:/home/jim/ws_moveit2/install/moveit_resources_fanuc_description:/home/jim/ws_moveit2/install/moveit_common:/home/jim/ws_moveit2/install/moveit_configs_utils:/home/jim/ws_moveit2/install/launch_param_builder:/opt/ros/humble LD_LIBRARY_PATH=/home/jim/ros2_ws/install/tf2_ros/lib:/home/jim/ros2_ws/install/tf2_msgs/lib:/home/jim/ros2_ws/install/tf2/lib:${LD_LIBRARY_PATH} PYTHONPATH=/home/jim/ros2_ws/install/tf2_ros_py/lib/python3.10/site-packages:/home/jim/ros2_ws/install/tf2_py/local/lib/python3.10/dist-packages:/home/jim/ros2_ws/install/tf2_msgs/local/lib/python3.10/dist-packages:${PYTHONPATH} /usr/bin/cmake --install /home/jim/ros2_ws/build/tf2_sensor_msgs
[20.861s] -- Install configuration: ""
[20.861s] -- Installing: /home/jim/ros2_ws/install/tf2_sensor_msgs/share/tf2_sensor_msgs/environment/pythonpath.sh
[20.861s] -- Installing: /home/jim/ros2_ws/install/tf2_sensor_msgs/share/tf2_sensor_msgs/environment/pythonpath.dsv
[20.861s] -- Installing: /home/jim/ros2_ws/install/tf2_sensor_msgs/local/lib/python3.10/dist-packages/tf2_sensor_msgs-0.25.17-py3.10.egg-info
[20.862s] -- Installing: /home/jim/ros2_ws/install/tf2_sensor_msgs/local/lib/python3.10/dist-packages/tf2_sensor_msgs-0.25.17-py3.10.egg-info/dependency_links.txt
[20.862s] -- Installing: /home/jim/ros2_ws/install/tf2_sensor_msgs/local/lib/python3.10/dist-packages/tf2_sensor_msgs-0.25.17-py3.10.egg-info/PKG-INFO
[20.862s] -- Installing: /home/jim/ros2_ws/install/tf2_sensor_msgs/local/lib/python3.10/dist-packages/tf2_sensor_msgs-0.25.17-py3.10.egg-info/SOURCES.txt
[20.862s] -- Installing: /home/jim/ros2_ws/install/tf2_sensor_msgs/local/lib/python3.10/dist-packages/tf2_sensor_msgs-0.25.17-py3.10.egg-info/top_level.txt
[20.862s] -- Installing: /home/jim/ros2_ws/install/tf2_sensor_msgs/local/lib/python3.10/dist-packages/tf2_sensor_msgs
[20.862s] -- Installing: /home/jim/ros2_ws/install/tf2_sensor_msgs/local/lib/python3.10/dist-packages/tf2_sensor_msgs/tf2_sensor_msgs.py
[20.862s] -- Installing: /home/jim/ros2_ws/install/tf2_sensor_msgs/local/lib/python3.10/dist-packages/tf2_sensor_msgs/__init__.py
[20.906s] Listing '/home/jim/ros2_ws/install/tf2_sensor_msgs/local/lib/python3.10/dist-packages/tf2_sensor_msgs'...
[20.906s] Compiling '/home/jim/ros2_ws/install/tf2_sensor_msgs/local/lib/python3.10/dist-packages/tf2_sensor_msgs/__init__.py'...
[20.906s] Compiling '/home/jim/ros2_ws/install/tf2_sensor_msgs/local/lib/python3.10/dist-packages/tf2_sensor_msgs/tf2_sensor_msgs.py'...
[20.910s] -- Installing: /home/jim/ros2_ws/install/tf2_sensor_msgs/include
[20.910s] -- Installing: /home/jim/ros2_ws/install/tf2_sensor_msgs/include/tf2_sensor_msgs
[20.910s] -- Installing: /home/jim/ros2_ws/install/tf2_sensor_msgs/include/tf2_sensor_msgs/tf2_sensor_msgs.hpp
[20.910s] -- Installing: /home/jim/ros2_ws/install/tf2_sensor_msgs/include/tf2_sensor_msgs/tf2_sensor_msgs.h
[20.911s] -- Installing: /home/jim/ros2_ws/install/tf2_sensor_msgs/share/ament_index/resource_index/package_run_dependencies/tf2_sensor_msgs
[20.911s] -- Installing: /home/jim/ros2_ws/install/tf2_sensor_msgs/share/ament_index/resource_index/parent_prefix_path/tf2_sensor_msgs
[20.911s] -- Installing: /home/jim/ros2_ws/install/tf2_sensor_msgs/share/tf2_sensor_msgs/environment/ament_prefix_path.sh
[20.911s] -- Installing: /home/jim/ros2_ws/install/tf2_sensor_msgs/share/tf2_sensor_msgs/environment/ament_prefix_path.dsv
[20.911s] -- Installing: /home/jim/ros2_ws/install/tf2_sensor_msgs/share/tf2_sensor_msgs/environment/path.sh
[20.911s] -- Installing: /home/jim/ros2_ws/install/tf2_sensor_msgs/share/tf2_sensor_msgs/environment/path.dsv
[20.911s] -- Installing: /home/jim/ros2_ws/install/tf2_sensor_msgs/share/tf2_sensor_msgs/local_setup.bash
[20.912s] -- Installing: /home/jim/ros2_ws/install/tf2_sensor_msgs/share/tf2_sensor_msgs/local_setup.sh
[20.912s] -- Installing: /home/jim/ros2_ws/install/tf2_sensor_msgs/share/tf2_sensor_msgs/local_setup.zsh
[20.912s] -- Installing: /home/jim/ros2_ws/install/tf2_sensor_msgs/share/tf2_sensor_msgs/local_setup.dsv
[20.912s] -- Installing: /home/jim/ros2_ws/install/tf2_sensor_msgs/share/tf2_sensor_msgs/package.dsv
[20.912s] -- Installing: /home/jim/ros2_ws/install/tf2_sensor_msgs/share/ament_index/resource_index/packages/tf2_sensor_msgs
[20.912s] -- Installing: /home/jim/ros2_ws/install/tf2_sensor_msgs/share/tf2_sensor_msgs/cmake/ament_cmake_export_dependencies-extras.cmake
[20.912s] -- Installing: /home/jim/ros2_ws/install/tf2_sensor_msgs/share/tf2_sensor_msgs/cmake/ament_cmake_export_include_directories-extras.cmake
[20.912s] -- Installing: /home/jim/ros2_ws/install/tf2_sensor_msgs/share/tf2_sensor_msgs/cmake/tf2_sensor_msgsConfig.cmake
[20.912s] -- Installing: /home/jim/ros2_ws/install/tf2_sensor_msgs/share/tf2_sensor_msgs/cmake/tf2_sensor_msgsConfig-version.cmake
[20.912s] -- Installing: /home/jim/ros2_ws/install/tf2_sensor_msgs/share/tf2_sensor_msgs/package.xml
[20.916s] Invoked command in '/home/jim/ros2_ws/build/tf2_sensor_msgs' returned '0': AMENT_PREFIX_PATH=/home/jim/ros2_ws/install/tf2_ros_py:/home/jim/ros2_ws/install/tf2_ros:/home/jim/ros2_ws/install/tf2_py:/home/jim/ros2_ws/install/tf2_msgs:/home/jim/ros2_ws/install/tf2:${AMENT_PREFIX_PATH} CMAKE_PREFIX_PATH=/home/jim/ros2_ws/install/tf2_ros:/home/jim/ros2_ws/install/tf2_py:/home/jim/ros2_ws/install/tf2_msgs:/home/jim/ros2_ws/install/tf2:/home/jim/ws_moveit2/install/pilz_industrial_motion_planner_testutils:/home/jim/ws_moveit2/install/moveit_runtime:/home/jim/ws_moveit2/install/moveit2_tutorials:/home/jim/ws_moveit2/install/moveit:/home/jim/ws_moveit2/install/moveit_planners:/home/jim/ws_moveit2/install/pilz_industrial_motion_planner:/home/jim/ws_moveit2/install/moveit_visual_tools:/home/jim/ws_moveit2/install/moveit_task_constructor_visualization:/home/jim/ws_moveit2/install/moveit_task_constructor_demo:/home/jim/ws_moveit2/install/moveit_task_constructor_capabilities:/home/jim/ws_moveit2/install/moveit_task_constructor_core:/home/jim/ws_moveit2/install/moveit_ros_control_interface:/home/jim/ws_moveit2/install/moveit_plugins:/home/jim/ws_moveit2/install/moveit_simple_controller_manager:/home/jim/ws_moveit2/install/moveit_setup_assistant:/home/jim/ws_moveit2/install/moveit_setup_srdf_plugins:/home/jim/ws_moveit2/install/moveit_setup_core_plugins:/home/jim/ws_moveit2/install/moveit_setup_controllers:/home/jim/ws_moveit2/install/moveit_setup_app_plugins:/home/jim/ws_moveit2/install/moveit_setup_framework:/home/jim/ws_moveit2/install/moveit_servo:/home/jim/ws_moveit2/install/moveit_ros:/home/jim/ws_moveit2/install/moveit_ros_visualization:/home/jim/ws_moveit2/install/moveit_hybrid_planning:/home/jim/ws_moveit2/install/moveit_ros_planning_interface:/home/jim/ws_moveit2/install/moveit_ros_benchmarks:/home/jim/ws_moveit2/install/moveit_ros_warehouse:/home/jim/ws_moveit2/install/moveit_ros_robot_interaction:/home/jim/ws_moveit2/install/moveit_ros_perception:/home/jim/ws_moveit2/install/moveit_resources_prbt_pg70_support:/home/jim/ws_moveit2/install/moveit_resources_prbt_moveit_config:/home/jim/ws_moveit2/install/moveit_ros_move_group:/home/jim/ws_moveit2/install/moveit_planners_ompl:/home/jim/ws_moveit2/install/moveit_ros_planning:/home/jim/ws_moveit2/install/moveit_ros_occupancy_map_monitor:/home/jim/ws_moveit2/install/moveit_resources_prbt_ikfast_manipulator_plugin:/home/jim/ws_moveit2/install/moveit_planners_chomp:/home/jim/ws_moveit2/install/moveit_kinematics:/home/jim/ws_moveit2/install/moveit_chomp_optimizer_adapter:/home/jim/ws_moveit2/install/chomp_motion_planner:/home/jim/ws_moveit2/install/moveit_core:/home/jim/ws_moveit2/install/srdfdom:/home/jim/ws_moveit2/install/rviz_marker_tools:/home/jim/ws_moveit2/install/rosparam_shortcuts:/home/jim/ws_moveit2/install/moveit_task_constructor_msgs:/home/jim/ws_moveit2/install/moveit_resources_prbt_support:/home/jim/ws_moveit2/install/moveit_resources:/home/jim/ws_moveit2/install/moveit_resources_pr2_description:/home/jim/ws_moveit2/install/moveit_resources_panda_moveit_config:/home/jim/ws_moveit2/install/moveit_resources_panda_description:/home/jim/ws_moveit2/install/moveit_resources_fanuc_moveit_config:/home/jim/ws_moveit2/install/moveit_resources_fanuc_description:/home/jim/ws_moveit2/install/moveit_common:/home/jim/ws_moveit2/install/moveit_configs_utils:/home/jim/ws_moveit2/install/launch_param_builder:/opt/ros/humble LD_LIBRARY_PATH=/home/jim/ros2_ws/install/tf2_ros/lib:/home/jim/ros2_ws/install/tf2_msgs/lib:/home/jim/ros2_ws/install/tf2/lib:${LD_LIBRARY_PATH} PYTHONPATH=/home/jim/ros2_ws/install/tf2_ros_py/lib/python3.10/site-packages:/home/jim/ros2_ws/install/tf2_py/local/lib/python3.10/dist-packages:/home/jim/ros2_ws/install/tf2_msgs/local/lib/python3.10/dist-packages:${PYTHONPATH} /usr/bin/cmake --install /home/jim/ros2_ws/build/tf2_sensor_msgs
