running egg_info
writing ../../build/my_rm_scripts/my_rm_scripts.egg-info/PKG-INFO
writing dependency_links to ../../build/my_rm_scripts/my_rm_scripts.egg-info/dependency_links.txt
writing entry points to ../../build/my_rm_scripts/my_rm_scripts.egg-info/entry_points.txt
writing requirements to ../../build/my_rm_scripts/my_rm_scripts.egg-info/requires.txt
writing top-level names to ../../build/my_rm_scripts/my_rm_scripts.egg-info/top_level.txt
reading manifest file '../../build/my_rm_scripts/my_rm_scripts.egg-info/SOURCES.txt'
writing manifest file '../../build/my_rm_scripts/my_rm_scripts.egg-info/SOURCES.txt'
running build
running build_py
copying my_rm_scripts/move_rm65_client.py -> /home/jim/ros2_ws/build/my_rm_scripts/build/lib/my_rm_scripts
running install
running install_lib
copying /home/jim/ros2_ws/build/my_rm_scripts/build/lib/my_rm_scripts/move_rm65_client.py -> /home/jim/ros2_ws/install/my_rm_scripts/lib/python3.10/site-packages/my_rm_scripts
byte-compiling /home/jim/ros2_ws/install/my_rm_scripts/lib/python3.10/site-packages/my_rm_scripts/move_rm65_client.py to move_rm65_client.cpython-310.pyc
running install_data
running install_egg_info
removing '/home/jim/ros2_ws/install/my_rm_scripts/lib/python3.10/site-packages/my_rm_scripts-0.0.0-py3.10.egg-info' (and everything under it)
Copying ../../build/my_rm_scripts/my_rm_scripts.egg-info to /home/jim/ros2_ws/install/my_rm_scripts/lib/python3.10/site-packages/my_rm_scripts-0.0.0-py3.10.egg-info
running install_scripts
Installing move_rm65_client script to /home/jim/ros2_ws/install/my_rm_scripts/lib/my_rm_scripts
writing list of installed files to '/home/jim/ros2_ws/build/my_rm_scripts/install.log'
