[0.495s] Invoking command in '/home/jim/ros2_ws/src/my_rm_scripts': PYTHONPATH=/home/jim/ros2_ws/build/my_rm_scripts/prefix_override:/usr/lib/python3/dist-packages/colcon_core/task/python/colcon_distutils_commands:/home/jim/ros2_ws/install/my_rm_scripts/lib/python3.10/site-packages:${PYTHONPATH} /usr/bin/python3 -W ignore:setup.py install is deprecated -W ignore:easy_install command is deprecated setup.py egg_info --egg-base ../../build/my_rm_scripts build --build-base /home/jim/ros2_ws/build/my_rm_scripts/build install --record /home/jim/ros2_ws/build/my_rm_scripts/install.log --single-version-externally-managed install_data
[0.674s] running egg_info
[0.675s] writing ../../build/my_rm_scripts/my_rm_scripts.egg-info/PKG-INFO
[0.675s] writing dependency_links to ../../build/my_rm_scripts/my_rm_scripts.egg-info/dependency_links.txt
[0.675s] writing entry points to ../../build/my_rm_scripts/my_rm_scripts.egg-info/entry_points.txt
[0.675s] writing requirements to ../../build/my_rm_scripts/my_rm_scripts.egg-info/requires.txt
[0.675s] writing top-level names to ../../build/my_rm_scripts/my_rm_scripts.egg-info/top_level.txt
[0.676s] reading manifest file '../../build/my_rm_scripts/my_rm_scripts.egg-info/SOURCES.txt'
[0.677s] writing manifest file '../../build/my_rm_scripts/my_rm_scripts.egg-info/SOURCES.txt'
[0.677s] running build
[0.677s] running build_py
[0.677s] copying my_rm_scripts/move_rm65_client.py -> /home/jim/ros2_ws/build/my_rm_scripts/build/lib/my_rm_scripts
[0.677s] running install
[0.677s] running install_lib
[0.678s] copying /home/jim/ros2_ws/build/my_rm_scripts/build/lib/my_rm_scripts/move_rm65_client.py -> /home/jim/ros2_ws/install/my_rm_scripts/lib/python3.10/site-packages/my_rm_scripts
[0.678s] byte-compiling /home/jim/ros2_ws/install/my_rm_scripts/lib/python3.10/site-packages/my_rm_scripts/move_rm65_client.py to move_rm65_client.cpython-310.pyc
[0.679s] running install_data
[0.679s] running install_egg_info
[0.680s] removing '/home/jim/ros2_ws/install/my_rm_scripts/lib/python3.10/site-packages/my_rm_scripts-0.0.0-py3.10.egg-info' (and everything under it)
[0.680s] Copying ../../build/my_rm_scripts/my_rm_scripts.egg-info to /home/jim/ros2_ws/install/my_rm_scripts/lib/python3.10/site-packages/my_rm_scripts-0.0.0-py3.10.egg-info
[0.681s] running install_scripts
[0.696s] Installing move_rm65_client script to /home/jim/ros2_ws/install/my_rm_scripts/lib/my_rm_scripts
[0.696s] writing list of installed files to '/home/jim/ros2_ws/build/my_rm_scripts/install.log'
[0.716s] Invoked command in '/home/jim/ros2_ws/src/my_rm_scripts' returned '0': PYTHONPATH=/home/jim/ros2_ws/build/my_rm_scripts/prefix_override:/usr/lib/python3/dist-packages/colcon_core/task/python/colcon_distutils_commands:/home/jim/ros2_ws/install/my_rm_scripts/lib/python3.10/site-packages:${PYTHONPATH} /usr/bin/python3 -W ignore:setup.py install is deprecated -W ignore:easy_install command is deprecated setup.py egg_info --egg-base ../../build/my_rm_scripts build --build-base /home/jim/ros2_ws/build/my_rm_scripts/build install --record /home/jim/ros2_ws/build/my_rm_scripts/install.log --single-version-externally-managed install_data
