-- The C compiler identification is GNU 11.4.0
-- The CXX compiler identification is GNU 11.4.0
-- Detecting C compiler ABI info
-- Detecting C compiler ABI info - done
-- Check for working C compiler: /usr/bin/cc - skipped
-- Detecting C compile features
-- Detecting C compile features - done
-- Detecting CXX compiler ABI info
-- Detecting CXX compiler ABI info - done
-- Check for working CXX compiler: /usr/bin/c++ - skipped
-- Detecting CXX compile features
-- Detecting CXX compile features - done
-- Found ament_cmake: 1.3.12 (/opt/ros/humble/share/ament_cmake/cmake)
-- Found Python3: /usr/bin/python3 (found version "3.10.12") found components: Interpreter 
-- Found ament_lint_auto: 0.12.14 (/opt/ros/humble/share/ament_lint_auto/cmake)
-- Added test 'lint_cmake' to check CMake code style
-- Added test 'xmllint' to check XML markup files
-- Configuring done
-- Generating done
-- Build files have been written to: /home/jim/ros2_ws/build/rm_doc
-- Install configuration: ""
-- Installing: /home/jim/ros2_ws/install/rm_doc/share/ament_index/resource_index/package_run_dependencies/rm_doc
-- Installing: /home/jim/ros2_ws/install/rm_doc/share/ament_index/resource_index/parent_prefix_path/rm_doc
-- Installing: /home/jim/ros2_ws/install/rm_doc/share/rm_doc/environment/ament_prefix_path.sh
-- Installing: /home/jim/ros2_ws/install/rm_doc/share/rm_doc/environment/ament_prefix_path.dsv
-- Installing: /home/jim/ros2_ws/install/rm_doc/share/rm_doc/environment/path.sh
-- Installing: /home/jim/ros2_ws/install/rm_doc/share/rm_doc/environment/path.dsv
-- Installing: /home/jim/ros2_ws/install/rm_doc/share/rm_doc/local_setup.bash
-- Installing: /home/jim/ros2_ws/install/rm_doc/share/rm_doc/local_setup.sh
-- Installing: /home/jim/ros2_ws/install/rm_doc/share/rm_doc/local_setup.zsh
-- Installing: /home/jim/ros2_ws/install/rm_doc/share/rm_doc/local_setup.dsv
-- Installing: /home/jim/ros2_ws/install/rm_doc/share/rm_doc/package.dsv
-- Installing: /home/jim/ros2_ws/install/rm_doc/share/ament_index/resource_index/packages/rm_doc
-- Installing: /home/jim/ros2_ws/install/rm_doc/share/rm_doc/cmake/rm_docConfig.cmake
-- Installing: /home/jim/ros2_ws/install/rm_doc/share/rm_doc/cmake/rm_docConfig-version.cmake
-- Installing: /home/jim/ros2_ws/install/rm_doc/share/rm_doc/package.xml
