[0.018s] Invoking command in '/home/jim/ros2_ws/build/rm_doc': CMAKE_PREFIX_PATH=${CMAKE_PREFIX_PATH}:/home/jim/ws_moveit2/install/moveit_configs_utils:/home/jim/ws_moveit2/install/launch_param_builder:/opt/ros/humble /usr/bin/cmake /home/jim/ros2_ws/src/ros2_rm_robot/rm_doc -DCMAKE_INSTALL_PREFIX=/home/jim/ros2_ws/install/rm_doc
[0.098s] -- The C compiler identification is GNU 11.4.0
[0.164s] -- The CXX compiler identification is GNU 11.4.0
[0.173s] -- Detecting C compiler ABI info
[0.256s] -- Detecting C compiler ABI info - done
[0.263s] -- Check for working C compiler: /usr/bin/cc - skipped
[0.264s] -- Detecting C compile features
[0.264s] -- Detecting C compile features - done
[0.266s] -- Detecting CXX compiler ABI info
[0.353s] -- Detecting CXX compiler ABI info - done
[0.363s] -- Check for working CXX compiler: /usr/bin/c++ - skipped
[0.363s] -- Detecting CXX compile features
[0.363s] -- Detecting CXX compile features - done
[0.369s] -- Found ament_cmake: 1.3.12 (/opt/ros/humble/share/ament_cmake/cmake)
[0.506s] -- Found Python3: /usr/bin/python3 (found version "3.10.12") found components: Interpreter 
[0.668s] -- Found ament_lint_auto: 0.12.14 (/opt/ros/humble/share/ament_lint_auto/cmake)
[0.750s] -- Added test 'lint_cmake' to check CMake code style
[0.751s] -- Added test 'xmllint' to check XML markup files
[0.752s] -- Configuring done
[0.754s] -- Generating done
[0.755s] -- Build files have been written to: /home/jim/ros2_ws/build/rm_doc
[0.758s] Invoked command in '/home/jim/ros2_ws/build/rm_doc' returned '0': CMAKE_PREFIX_PATH=${CMAKE_PREFIX_PATH}:/home/jim/ws_moveit2/install/moveit_configs_utils:/home/jim/ws_moveit2/install/launch_param_builder:/opt/ros/humble /usr/bin/cmake /home/jim/ros2_ws/src/ros2_rm_robot/rm_doc -DCMAKE_INSTALL_PREFIX=/home/jim/ros2_ws/install/rm_doc
[0.759s] Invoking command in '/home/jim/ros2_ws/build/rm_doc': CMAKE_PREFIX_PATH=${CMAKE_PREFIX_PATH}:/home/jim/ws_moveit2/install/moveit_configs_utils:/home/jim/ws_moveit2/install/launch_param_builder:/opt/ros/humble /usr/bin/cmake --build /home/jim/ros2_ws/build/rm_doc -- -j16 -l16
[0.818s] Invoked command in '/home/jim/ros2_ws/build/rm_doc' returned '0': CMAKE_PREFIX_PATH=${CMAKE_PREFIX_PATH}:/home/jim/ws_moveit2/install/moveit_configs_utils:/home/jim/ws_moveit2/install/launch_param_builder:/opt/ros/humble /usr/bin/cmake --build /home/jim/ros2_ws/build/rm_doc -- -j16 -l16
[0.819s] Invoking command in '/home/jim/ros2_ws/build/rm_doc': CMAKE_PREFIX_PATH=${CMAKE_PREFIX_PATH}:/home/jim/ws_moveit2/install/moveit_configs_utils:/home/jim/ws_moveit2/install/launch_param_builder:/opt/ros/humble /usr/bin/cmake --install /home/jim/ros2_ws/build/rm_doc
[0.831s] -- Install configuration: ""
[0.832s] -- Installing: /home/jim/ros2_ws/install/rm_doc/share/ament_index/resource_index/package_run_dependencies/rm_doc
[0.832s] -- Installing: /home/jim/ros2_ws/install/rm_doc/share/ament_index/resource_index/parent_prefix_path/rm_doc
[0.832s] -- Installing: /home/jim/ros2_ws/install/rm_doc/share/rm_doc/environment/ament_prefix_path.sh
[0.832s] -- Installing: /home/jim/ros2_ws/install/rm_doc/share/rm_doc/environment/ament_prefix_path.dsv
[0.832s] -- Installing: /home/jim/ros2_ws/install/rm_doc/share/rm_doc/environment/path.sh
[0.832s] -- Installing: /home/jim/ros2_ws/install/rm_doc/share/rm_doc/environment/path.dsv
[0.833s] -- Installing: /home/jim/ros2_ws/install/rm_doc/share/rm_doc/local_setup.bash
[0.833s] -- Installing: /home/jim/ros2_ws/install/rm_doc/share/rm_doc/local_setup.sh
[0.833s] -- Installing: /home/jim/ros2_ws/install/rm_doc/share/rm_doc/local_setup.zsh
[0.833s] -- Installing: /home/jim/ros2_ws/install/rm_doc/share/rm_doc/local_setup.dsv
[0.833s] -- Installing: /home/jim/ros2_ws/install/rm_doc/share/rm_doc/package.dsv
[0.833s] -- Installing: /home/jim/ros2_ws/install/rm_doc/share/ament_index/resource_index/packages/rm_doc
[0.833s] -- Installing: /home/jim/ros2_ws/install/rm_doc/share/rm_doc/cmake/rm_docConfig.cmake
[0.834s] -- Installing: /home/jim/ros2_ws/install/rm_doc/share/rm_doc/cmake/rm_docConfig-version.cmake
[0.834s] -- Installing: /home/jim/ros2_ws/install/rm_doc/share/rm_doc/package.xml
[0.840s] Invoked command in '/home/jim/ros2_ws/build/rm_doc' returned '0': CMAKE_PREFIX_PATH=${CMAKE_PREFIX_PATH}:/home/jim/ws_moveit2/install/moveit_configs_utils:/home/jim/ws_moveit2/install/launch_param_builder:/opt/ros/humble /usr/bin/cmake --install /home/jim/ros2_ws/build/rm_doc
