[0.028s] Invoking command in '/home/jim/ros2_ws/build/tf2_msgs': CMAKE_PREFIX_PATH=${CMAKE_PREFIX_PATH}:/home/jim/ws_moveit2/install/moveit_configs_utils:/home/jim/ws_moveit2/install/launch_param_builder:/opt/ros/humble /usr/bin/cmake /home/jim/ros2_ws/src/geometry2/tf2_msgs -DCMAKE_INSTALL_PREFIX=/home/jim/ros2_ws/install/tf2_msgs
[0.114s] -- The C compiler identification is GNU 11.4.0
[0.176s] -- The CXX compiler identification is GNU 11.4.0
[0.185s] -- Detecting C compiler ABI info
[0.273s] -- Detecting C compiler ABI info - done
[0.280s] -- Check for working C compiler: /usr/bin/cc - skipped
[0.281s] -- Detecting C compile features
[0.281s] -- Detecting C compile features - done
[0.283s] -- Detecting CXX compiler ABI info
[0.350s] -- Detecting CXX compiler ABI info - done
[0.359s] -- Check for working CXX compiler: /usr/bin/c++ - skipped
[0.360s] -- Detecting CXX compile features
[0.360s] -- Detecting CXX compile features - done
[0.372s] -- Found ament_cmake: 1.3.12 (/opt/ros/humble/share/ament_cmake/cmake)
[0.540s] -- Found Python3: /usr/bin/python3 (found version "3.10.12") found components: Interpreter 
[0.683s] -- Found rosidl_default_generators: 1.2.0 (/opt/ros/humble/share/rosidl_default_generators/cmake)
[0.703s] -- Using all available rosidl_typesupport_c: rosidl_typesupport_fastrtps_c;rosidl_typesupport_introspection_c
[0.728s] -- Found rosidl_adapter: 3.1.7 (/opt/ros/humble/share/rosidl_adapter/cmake)
[0.819s] -- Using all available rosidl_typesupport_cpp: rosidl_typesupport_fastrtps_cpp;rosidl_typesupport_introspection_cpp
[0.864s] -- Found builtin_interfaces: 1.2.2 (/opt/ros/humble/share/builtin_interfaces/cmake)
[0.880s] -- Found action_msgs: 1.2.2 (/opt/ros/humble/share/action_msgs/cmake)
[0.905s] -- Found std_msgs: 4.9.0 (/opt/ros/humble/share/std_msgs/cmake)
[0.916s] -- Found geometry_msgs: 4.9.0 (/opt/ros/humble/share/geometry_msgs/cmake)
[1.189s] -- Found ament_cmake_cppcheck: 0.12.14 (/opt/ros/humble/share/ament_cmake_cppcheck/cmake)
[1.194s] -- Found ament_cmake_cpplint: 0.12.14 (/opt/ros/humble/share/ament_cmake_cpplint/cmake)
[1.198s] -- Found ament_cmake_uncrustify: 0.12.14 (/opt/ros/humble/share/ament_cmake_uncrustify/cmake)
[1.203s] -- Found ament_cmake_ros: 0.10.0 (/opt/ros/humble/share/ament_cmake_ros/cmake)
[1.452s] -- Using all available rosidl_typesupport_c: rosidl_typesupport_fastrtps_c;rosidl_typesupport_introspection_c
[1.766s] -- Using all available rosidl_typesupport_cpp: rosidl_typesupport_fastrtps_cpp;rosidl_typesupport_introspection_cpp
[1.785s] -- Found PythonInterp: /usr/bin/python3 (found suitable version "3.10.12", minimum required is "3.6") 
[1.789s] -- Found python_cmake_module: 0.10.0 (/opt/ros/humble/share/python_cmake_module/cmake)
[1.813s] -- Found PythonLibs: /usr/lib/x86_64-linux-gnu/libpython3.10.so (found suitable version "3.10.12", minimum required is "3.5") 
[1.813s] -- Using PYTHON_EXECUTABLE: /usr/bin/python3
[1.813s] -- Using PYTHON_INCLUDE_DIRS: /usr/include/python3.10
[1.813s] -- Using PYTHON_LIBRARIES: /usr/lib/x86_64-linux-gnu/libpython3.10.so
[1.842s] -- Found PythonExtra: .so  
[1.930s] -- Found ament_cmake_flake8: 0.12.14 (/opt/ros/humble/share/ament_cmake_flake8/cmake)
[1.934s] -- Found ament_cmake_pep257: 0.12.14 (/opt/ros/humble/share/ament_cmake_pep257/cmake)
[1.940s] -- Configuring done
[1.965s] -- Generating done
[1.973s] -- Build files have been written to: /home/jim/ros2_ws/build/tf2_msgs
[1.981s] Invoked command in '/home/jim/ros2_ws/build/tf2_msgs' returned '0': CMAKE_PREFIX_PATH=${CMAKE_PREFIX_PATH}:/home/jim/ws_moveit2/install/moveit_configs_utils:/home/jim/ws_moveit2/install/launch_param_builder:/opt/ros/humble /usr/bin/cmake /home/jim/ros2_ws/src/geometry2/tf2_msgs -DCMAKE_INSTALL_PREFIX=/home/jim/ros2_ws/install/tf2_msgs
[1.983s] Invoking command in '/home/jim/ros2_ws/build/tf2_msgs': CMAKE_PREFIX_PATH=${CMAKE_PREFIX_PATH}:/home/jim/ws_moveit2/install/moveit_configs_utils:/home/jim/ws_moveit2/install/launch_param_builder:/opt/ros/humble /usr/bin/cmake --build /home/jim/ros2_ws/build/tf2_msgs -- -j16 -l16
[2.034s] [  1%] [34m[1mGenerating C code for ROS interfaces[0m
[2.049s] [  3%] [34m[1mGenerating C++ code for ROS interfaces[0m
[2.064s] [  3%] Built target ament_cmake_python_copy_tf2_msgs
[2.234s] running egg_info
[2.234s] creating tf2_msgs.egg-info
[2.235s] writing tf2_msgs.egg-info/PKG-INFO
[2.235s] writing dependency_links to tf2_msgs.egg-info/dependency_links.txt
[2.235s] writing top-level names to tf2_msgs.egg-info/top_level.txt
[2.235s] writing manifest file 'tf2_msgs.egg-info/SOURCES.txt'
[2.236s] reading manifest file 'tf2_msgs.egg-info/SOURCES.txt'
[2.237s] writing manifest file 'tf2_msgs.egg-info/SOURCES.txt'
[2.262s] [  3%] Built target ament_cmake_python_build_tf2_msgs_egg
[2.459s] [  7%] [32mBuilding C object CMakeFiles/tf2_msgs__rosidl_generator_c.dir/rosidl_generator_c/tf2_msgs/action/detail/lookup_transform__functions.c.o[0m
[2.460s] [  7%] [32mBuilding C object CMakeFiles/tf2_msgs__rosidl_generator_c.dir/rosidl_generator_c/tf2_msgs/srv/detail/frame_graph__functions.c.o[0m
[2.463s] [  9%] [32mBuilding C object CMakeFiles/tf2_msgs__rosidl_generator_c.dir/rosidl_generator_c/tf2_msgs/msg/detail/tf2_error__functions.c.o[0m
[2.463s] [ 10%] [32mBuilding C object CMakeFiles/tf2_msgs__rosidl_generator_c.dir/rosidl_generator_c/tf2_msgs/msg/detail/tf_message__functions.c.o[0m
[2.594s] [ 12%] [32m[1mLinking C shared library libtf2_msgs__rosidl_generator_c.so[0m
[2.648s] [ 12%] Built target tf2_msgs__rosidl_generator_c
[2.660s] [ 14%] [34m[1mGenerating C type support for eProsima Fast-RTPS[0m
[2.664s] [ 16%] [34m[1mGenerating C introspection for ROS interfaces[0m
[2.664s] [ 18%] [34m[1mGenerating C type support dispatch for ROS interfaces[0m
[2.740s] [ 18%] Built target tf2_msgs__cpp
[2.749s] [ 20%] [34m[1mGenerating C++ type support for eProsima Fast-RTPS[0m
[2.753s] [ 21%] [34m[1mGenerating C++ introspection for ROS interfaces[0m
[2.755s] [ 23%] [34m[1mGenerating C++ type support dispatch for ROS interfaces[0m
[3.039s] [ 25%] [32mBuilding CXX object CMakeFiles/tf2_msgs__rosidl_typesupport_fastrtps_c.dir/rosidl_typesupport_fastrtps_c/tf2_msgs/msg/detail/tf_message__type_support_c.cpp.o[0m
[3.039s] [ 29%] [32mBuilding CXX object CMakeFiles/tf2_msgs__rosidl_typesupport_fastrtps_c.dir/rosidl_typesupport_fastrtps_c/tf2_msgs/action/detail/lookup_transform__type_support_c.cpp.o[0m
[3.039s] [ 29%] [32mBuilding CXX object CMakeFiles/tf2_msgs__rosidl_typesupport_fastrtps_c.dir/rosidl_typesupport_fastrtps_c/tf2_msgs/msg/detail/tf2_error__type_support_c.cpp.o[0m
[3.039s] [ 30%] [32mBuilding CXX object CMakeFiles/tf2_msgs__rosidl_typesupport_fastrtps_c.dir/rosidl_typesupport_fastrtps_c/tf2_msgs/srv/detail/frame_graph__type_support_c.cpp.o[0m
[3.044s] [ 38%] [32mBuilding C object CMakeFiles/tf2_msgs__rosidl_typesupport_introspection_c.dir/rosidl_typesupport_introspection_c/tf2_msgs/msg/detail/tf2_error__type_support.c.o[0m
[3.044s] [ 38%] [32mBuilding C object CMakeFiles/tf2_msgs__rosidl_typesupport_introspection_c.dir/rosidl_typesupport_introspection_c/tf2_msgs/action/detail/lookup_transform__type_support.c.o[0m
[3.044s] [ 38%] [32mBuilding C object CMakeFiles/tf2_msgs__rosidl_typesupport_introspection_c.dir/rosidl_typesupport_introspection_c/tf2_msgs/msg/detail/tf_message__type_support.c.o[0m
[3.044s] [ 38%] [32mBuilding C object CMakeFiles/tf2_msgs__rosidl_typesupport_introspection_c.dir/rosidl_typesupport_introspection_c/tf2_msgs/srv/detail/frame_graph__type_support.c.o[0m
[3.098s] [ 40%] [32m[1mLinking C shared library libtf2_msgs__rosidl_typesupport_introspection_c.so[0m
[3.149s] [ 40%] Built target tf2_msgs__rosidl_typesupport_introspection_c
[3.166s] [ 47%] [32mBuilding CXX object CMakeFiles/tf2_msgs__rosidl_typesupport_c.dir/rosidl_typesupport_c/tf2_msgs/srv/frame_graph__type_support.cpp.o[0m
[3.166s] [ 47%] [32mBuilding CXX object CMakeFiles/tf2_msgs__rosidl_typesupport_c.dir/rosidl_typesupport_c/tf2_msgs/msg/tf_message__type_support.cpp.o[0m
[3.166s] [ 47%] [32mBuilding CXX object CMakeFiles/tf2_msgs__rosidl_typesupport_c.dir/rosidl_typesupport_c/tf2_msgs/action/lookup_transform__type_support.cpp.o[0m
[3.166s] [ 47%] [32mBuilding CXX object CMakeFiles/tf2_msgs__rosidl_typesupport_c.dir/rosidl_typesupport_c/tf2_msgs/msg/tf2_error__type_support.cpp.o[0m
[3.240s] [ 49%] [32mBuilding CXX object CMakeFiles/tf2_msgs__rosidl_typesupport_introspection_cpp.dir/rosidl_typesupport_introspection_cpp/tf2_msgs/srv/detail/frame_graph__type_support.cpp.o[0m
[3.240s] [ 52%] [32mBuilding CXX object CMakeFiles/tf2_msgs__rosidl_typesupport_introspection_cpp.dir/rosidl_typesupport_introspection_cpp/tf2_msgs/msg/detail/tf2_error__type_support.cpp.o[0m
[3.240s] [ 52%] [32mBuilding CXX object CMakeFiles/tf2_msgs__rosidl_typesupport_introspection_cpp.dir/rosidl_typesupport_introspection_cpp/tf2_msgs/msg/detail/tf_message__type_support.cpp.o[0m
[3.243s] [ 54%] [32mBuilding CXX object CMakeFiles/tf2_msgs__rosidl_typesupport_introspection_cpp.dir/rosidl_typesupport_introspection_cpp/tf2_msgs/action/detail/lookup_transform__type_support.cpp.o[0m
[3.247s] [ 56%] [32m[1mLinking CXX shared library libtf2_msgs__rosidl_typesupport_c.so[0m
[3.272s] [ 58%] [32mBuilding CXX object CMakeFiles/tf2_msgs__rosidl_typesupport_cpp.dir/rosidl_typesupport_cpp/tf2_msgs/msg/tf_message__type_support.cpp.o[0m
[3.275s] [ 60%] [32mBuilding CXX object CMakeFiles/tf2_msgs__rosidl_typesupport_cpp.dir/rosidl_typesupport_cpp/tf2_msgs/srv/frame_graph__type_support.cpp.o[0m
[3.279s] [ 61%] [32mBuilding CXX object CMakeFiles/tf2_msgs__rosidl_typesupport_cpp.dir/rosidl_typesupport_cpp/tf2_msgs/msg/tf2_error__type_support.cpp.o[0m
[3.284s] [ 63%] [32mBuilding CXX object CMakeFiles/tf2_msgs__rosidl_typesupport_cpp.dir/rosidl_typesupport_cpp/tf2_msgs/action/lookup_transform__type_support.cpp.o[0m
[3.318s] [ 63%] Built target tf2_msgs__rosidl_typesupport_c
[3.405s] [ 65%] [32mBuilding CXX object CMakeFiles/tf2_msgs__rosidl_typesupport_fastrtps_cpp.dir/rosidl_typesupport_fastrtps_cpp/tf2_msgs/msg/detail/dds_fastrtps/tf2_error__type_support.cpp.o[0m
[3.406s] [ 67%] [32mBuilding CXX object CMakeFiles/tf2_msgs__rosidl_typesupport_fastrtps_cpp.dir/rosidl_typesupport_fastrtps_cpp/tf2_msgs/msg/detail/dds_fastrtps/tf_message__type_support.cpp.o[0m
[3.422s] [ 69%] [32mBuilding CXX object CMakeFiles/tf2_msgs__rosidl_typesupport_fastrtps_cpp.dir/rosidl_typesupport_fastrtps_cpp/tf2_msgs/action/detail/dds_fastrtps/lookup_transform__type_support.cpp.o[0m
[3.424s] [ 70%] [32mBuilding CXX object CMakeFiles/tf2_msgs__rosidl_typesupport_fastrtps_cpp.dir/rosidl_typesupport_fastrtps_cpp/tf2_msgs/srv/detail/dds_fastrtps/frame_graph__type_support.cpp.o[0m
[3.451s] [ 72%] [32m[1mLinking CXX shared library libtf2_msgs__rosidl_typesupport_fastrtps_c.so[0m
[3.681s] [ 72%] Built target tf2_msgs__rosidl_typesupport_fastrtps_c
[3.900s] [ 74%] [32m[1mLinking CXX shared library libtf2_msgs__rosidl_typesupport_cpp.so[0m
[3.926s] [ 76%] [32m[1mLinking CXX shared library libtf2_msgs__rosidl_typesupport_introspection_cpp.so[0m
[3.957s] [ 76%] Built target tf2_msgs__rosidl_typesupport_cpp
[3.999s] [ 76%] Built target tf2_msgs__rosidl_typesupport_introspection_cpp
[4.051s] [ 78%] [32m[1mLinking CXX shared library libtf2_msgs__rosidl_typesupport_fastrtps_cpp.so[0m
[4.130s] [ 78%] Built target tf2_msgs__rosidl_typesupport_fastrtps_cpp
[4.161s] [ 78%] Built target tf2_msgs
[4.197s] [ 80%] [34m[1mGenerating Python code for ROS interfaces[0m
[5.046s] [ 80%] Built target tf2_msgs__py
[5.074s] [ 81%] [32mBuilding C object CMakeFiles/tf2_msgs__rosidl_generator_py.dir/rosidl_generator_py/tf2_msgs/action/_lookup_transform_s.c.o[0m
[5.078s] [ 83%] [32mBuilding C object CMakeFiles/tf2_msgs__rosidl_generator_py.dir/rosidl_generator_py/tf2_msgs/srv/_frame_graph_s.c.o[0m
[5.078s] [ 85%] [32mBuilding C object CMakeFiles/tf2_msgs__rosidl_generator_py.dir/rosidl_generator_py/tf2_msgs/msg/_tf2_error_s.c.o[0m
[5.078s] [ 87%] [32mBuilding C object CMakeFiles/tf2_msgs__rosidl_generator_py.dir/rosidl_generator_py/tf2_msgs/msg/_tf_message_s.c.o[0m
[5.217s] [ 89%] [32m[1mLinking C shared library rosidl_generator_py/tf2_msgs/libtf2_msgs__rosidl_generator_py.so[0m
[5.275s] [ 89%] Built target tf2_msgs__rosidl_generator_py
[5.303s] [ 92%] [32mBuilding C object CMakeFiles/tf2_msgs__rosidl_typesupport_c__pyext.dir/rosidl_generator_py/tf2_msgs/_tf2_msgs_s.ep.rosidl_typesupport_c.c.o[0m
[5.303s] [ 94%] [32mBuilding C object CMakeFiles/tf2_msgs__rosidl_typesupport_introspection_c__pyext.dir/rosidl_generator_py/tf2_msgs/_tf2_msgs_s.ep.rosidl_typesupport_introspection_c.c.o[0m
[5.303s] [ 94%] [32mBuilding C object CMakeFiles/tf2_msgs__rosidl_typesupport_fastrtps_c__pyext.dir/rosidl_generator_py/tf2_msgs/_tf2_msgs_s.ep.rosidl_typesupport_fastrtps_c.c.o[0m
[5.396s] [ 96%] [32m[1mLinking C shared library rosidl_generator_py/tf2_msgs/tf2_msgs_s__rosidl_typesupport_c.cpython-310-x86_64-linux-gnu.so[0m
[5.399s] [ 98%] [32m[1mLinking C shared library rosidl_generator_py/tf2_msgs/tf2_msgs_s__rosidl_typesupport_fastrtps_c.cpython-310-x86_64-linux-gnu.so[0m
[5.440s] [ 98%] Built target tf2_msgs__rosidl_typesupport_c__pyext
[5.461s] [100%] [32m[1mLinking C shared library rosidl_generator_py/tf2_msgs/tf2_msgs_s__rosidl_typesupport_introspection_c.cpython-310-x86_64-linux-gnu.so[0m
[5.462s] [100%] Built target tf2_msgs__rosidl_typesupport_fastrtps_c__pyext
[5.508s] [100%] Built target tf2_msgs__rosidl_typesupport_introspection_c__pyext
[5.522s] Invoked command in '/home/jim/ros2_ws/build/tf2_msgs' returned '0': CMAKE_PREFIX_PATH=${CMAKE_PREFIX_PATH}:/home/jim/ws_moveit2/install/moveit_configs_utils:/home/jim/ws_moveit2/install/launch_param_builder:/opt/ros/humble /usr/bin/cmake --build /home/jim/ros2_ws/build/tf2_msgs -- -j16 -l16
[5.524s] Invoking command in '/home/jim/ros2_ws/build/tf2_msgs': CMAKE_PREFIX_PATH=${CMAKE_PREFIX_PATH}:/home/jim/ws_moveit2/install/moveit_configs_utils:/home/jim/ws_moveit2/install/launch_param_builder:/opt/ros/humble /usr/bin/cmake --install /home/jim/ros2_ws/build/tf2_msgs
[5.536s] -- Install configuration: ""
[5.536s] -- Installing: /home/jim/ros2_ws/install/tf2_msgs/share/ament_index/resource_index/rosidl_interfaces/tf2_msgs
[5.536s] -- Installing: /home/jim/ros2_ws/install/tf2_msgs/include/tf2_msgs/tf2_msgs
[5.536s] -- Installing: /home/jim/ros2_ws/install/tf2_msgs/include/tf2_msgs/tf2_msgs/msg
[5.536s] -- Installing: /home/jim/ros2_ws/install/tf2_msgs/include/tf2_msgs/tf2_msgs/msg/rosidl_generator_c__visibility_control.h
[5.537s] -- Installing: /home/jim/ros2_ws/install/tf2_msgs/include/tf2_msgs/tf2_msgs/msg/tf2_error.h
[5.537s] -- Installing: /home/jim/ros2_ws/install/tf2_msgs/include/tf2_msgs/tf2_msgs/msg/detail
[5.537s] -- Installing: /home/jim/ros2_ws/install/tf2_msgs/include/tf2_msgs/tf2_msgs/msg/detail/tf_message__type_support.h
[5.537s] -- Installing: /home/jim/ros2_ws/install/tf2_msgs/include/tf2_msgs/tf2_msgs/msg/detail/tf_message__functions.h
[5.537s] -- Installing: /home/jim/ros2_ws/install/tf2_msgs/include/tf2_msgs/tf2_msgs/msg/detail/tf2_error__struct.h
[5.537s] -- Installing: /home/jim/ros2_ws/install/tf2_msgs/include/tf2_msgs/tf2_msgs/msg/detail/tf_message__struct.h
[5.537s] -- Installing: /home/jim/ros2_ws/install/tf2_msgs/include/tf2_msgs/tf2_msgs/msg/detail/tf_message__functions.c
[5.537s] -- Installing: /home/jim/ros2_ws/install/tf2_msgs/include/tf2_msgs/tf2_msgs/msg/detail/tf2_error__functions.c
[5.537s] -- Installing: /home/jim/ros2_ws/install/tf2_msgs/include/tf2_msgs/tf2_msgs/msg/detail/tf2_error__functions.h
[5.537s] -- Installing: /home/jim/ros2_ws/install/tf2_msgs/include/tf2_msgs/tf2_msgs/msg/detail/tf2_error__type_support.h
[5.538s] -- Installing: /home/jim/ros2_ws/install/tf2_msgs/include/tf2_msgs/tf2_msgs/msg/tf_message.h
[5.538s] -- Installing: /home/jim/ros2_ws/install/tf2_msgs/include/tf2_msgs/tf2_msgs/action
[5.538s] -- Installing: /home/jim/ros2_ws/install/tf2_msgs/include/tf2_msgs/tf2_msgs/action/detail
[5.538s] -- Installing: /home/jim/ros2_ws/install/tf2_msgs/include/tf2_msgs/tf2_msgs/action/detail/lookup_transform__functions.c
[5.538s] -- Installing: /home/jim/ros2_ws/install/tf2_msgs/include/tf2_msgs/tf2_msgs/action/detail/lookup_transform__struct.h
[5.538s] -- Installing: /home/jim/ros2_ws/install/tf2_msgs/include/tf2_msgs/tf2_msgs/action/detail/lookup_transform__functions.h
[5.538s] -- Installing: /home/jim/ros2_ws/install/tf2_msgs/include/tf2_msgs/tf2_msgs/action/detail/lookup_transform__type_support.h
[5.538s] -- Installing: /home/jim/ros2_ws/install/tf2_msgs/include/tf2_msgs/tf2_msgs/action/lookup_transform.h
[5.538s] -- Installing: /home/jim/ros2_ws/install/tf2_msgs/include/tf2_msgs/tf2_msgs/srv
[5.538s] -- Installing: /home/jim/ros2_ws/install/tf2_msgs/include/tf2_msgs/tf2_msgs/srv/detail
[5.538s] -- Installing: /home/jim/ros2_ws/install/tf2_msgs/include/tf2_msgs/tf2_msgs/srv/detail/frame_graph__type_support.h
[5.539s] -- Installing: /home/jim/ros2_ws/install/tf2_msgs/include/tf2_msgs/tf2_msgs/srv/detail/frame_graph__functions.c
[5.539s] -- Installing: /home/jim/ros2_ws/install/tf2_msgs/include/tf2_msgs/tf2_msgs/srv/detail/frame_graph__functions.h
[5.539s] -- Installing: /home/jim/ros2_ws/install/tf2_msgs/include/tf2_msgs/tf2_msgs/srv/detail/frame_graph__struct.h
[5.539s] -- Installing: /home/jim/ros2_ws/install/tf2_msgs/include/tf2_msgs/tf2_msgs/srv/frame_graph.h
[5.539s] -- Installing: /home/jim/ros2_ws/install/tf2_msgs/share/tf2_msgs/environment/library_path.sh
[5.539s] -- Installing: /home/jim/ros2_ws/install/tf2_msgs/share/tf2_msgs/environment/library_path.dsv
[5.539s] -- Installing: /home/jim/ros2_ws/install/tf2_msgs/lib/libtf2_msgs__rosidl_generator_c.so
[5.539s] -- Set runtime path of "/home/jim/ros2_ws/install/tf2_msgs/lib/libtf2_msgs__rosidl_generator_c.so" to ""
[5.539s] -- Up-to-date: /home/jim/ros2_ws/install/tf2_msgs/include/tf2_msgs/tf2_msgs
[5.539s] -- Up-to-date: /home/jim/ros2_ws/install/tf2_msgs/include/tf2_msgs/tf2_msgs/msg
[5.539s] -- Installing: /home/jim/ros2_ws/install/tf2_msgs/include/tf2_msgs/tf2_msgs/msg/rosidl_typesupport_fastrtps_c__visibility_control.h
[5.540s] -- Up-to-date: /home/jim/ros2_ws/install/tf2_msgs/include/tf2_msgs/tf2_msgs/msg/detail
[5.540s] -- Installing: /home/jim/ros2_ws/install/tf2_msgs/include/tf2_msgs/tf2_msgs/msg/detail/tf_message__rosidl_typesupport_fastrtps_c.h
[5.540s] -- Installing: /home/jim/ros2_ws/install/tf2_msgs/include/tf2_msgs/tf2_msgs/msg/detail/tf2_error__rosidl_typesupport_fastrtps_c.h
[5.540s] -- Up-to-date: /home/jim/ros2_ws/install/tf2_msgs/include/tf2_msgs/tf2_msgs/action
[5.540s] -- Up-to-date: /home/jim/ros2_ws/install/tf2_msgs/include/tf2_msgs/tf2_msgs/action/detail
[5.540s] -- Installing: /home/jim/ros2_ws/install/tf2_msgs/include/tf2_msgs/tf2_msgs/action/detail/lookup_transform__rosidl_typesupport_fastrtps_c.h
[5.540s] -- Up-to-date: /home/jim/ros2_ws/install/tf2_msgs/include/tf2_msgs/tf2_msgs/srv
[5.540s] -- Up-to-date: /home/jim/ros2_ws/install/tf2_msgs/include/tf2_msgs/tf2_msgs/srv/detail
[5.540s] -- Installing: /home/jim/ros2_ws/install/tf2_msgs/include/tf2_msgs/tf2_msgs/srv/detail/frame_graph__rosidl_typesupport_fastrtps_c.h
[5.540s] -- Installing: /home/jim/ros2_ws/install/tf2_msgs/lib/libtf2_msgs__rosidl_typesupport_fastrtps_c.so
[5.541s] -- Set runtime path of "/home/jim/ros2_ws/install/tf2_msgs/lib/libtf2_msgs__rosidl_typesupport_fastrtps_c.so" to ""
[5.541s] -- Up-to-date: /home/jim/ros2_ws/install/tf2_msgs/include/tf2_msgs/tf2_msgs
[5.541s] -- Up-to-date: /home/jim/ros2_ws/install/tf2_msgs/include/tf2_msgs/tf2_msgs/msg
[5.541s] -- Installing: /home/jim/ros2_ws/install/tf2_msgs/include/tf2_msgs/tf2_msgs/msg/rosidl_typesupport_introspection_c__visibility_control.h
[5.541s] -- Up-to-date: /home/jim/ros2_ws/install/tf2_msgs/include/tf2_msgs/tf2_msgs/msg/detail
[5.541s] -- Installing: /home/jim/ros2_ws/install/tf2_msgs/include/tf2_msgs/tf2_msgs/msg/detail/tf2_error__type_support.c
[5.541s] -- Installing: /home/jim/ros2_ws/install/tf2_msgs/include/tf2_msgs/tf2_msgs/msg/detail/tf2_error__rosidl_typesupport_introspection_c.h
[5.541s] -- Installing: /home/jim/ros2_ws/install/tf2_msgs/include/tf2_msgs/tf2_msgs/msg/detail/tf_message__rosidl_typesupport_introspection_c.h
[5.541s] -- Installing: /home/jim/ros2_ws/install/tf2_msgs/include/tf2_msgs/tf2_msgs/msg/detail/tf_message__type_support.c
[5.542s] -- Up-to-date: /home/jim/ros2_ws/install/tf2_msgs/include/tf2_msgs/tf2_msgs/action
[5.542s] -- Up-to-date: /home/jim/ros2_ws/install/tf2_msgs/include/tf2_msgs/tf2_msgs/action/detail
[5.542s] -- Installing: /home/jim/ros2_ws/install/tf2_msgs/include/tf2_msgs/tf2_msgs/action/detail/lookup_transform__rosidl_typesupport_introspection_c.h
[5.542s] -- Installing: /home/jim/ros2_ws/install/tf2_msgs/include/tf2_msgs/tf2_msgs/action/detail/lookup_transform__type_support.c
[5.542s] -- Up-to-date: /home/jim/ros2_ws/install/tf2_msgs/include/tf2_msgs/tf2_msgs/srv
[5.542s] -- Up-to-date: /home/jim/ros2_ws/install/tf2_msgs/include/tf2_msgs/tf2_msgs/srv/detail
[5.542s] -- Installing: /home/jim/ros2_ws/install/tf2_msgs/include/tf2_msgs/tf2_msgs/srv/detail/frame_graph__rosidl_typesupport_introspection_c.h
[5.542s] -- Installing: /home/jim/ros2_ws/install/tf2_msgs/include/tf2_msgs/tf2_msgs/srv/detail/frame_graph__type_support.c
[5.542s] -- Installing: /home/jim/ros2_ws/install/tf2_msgs/lib/libtf2_msgs__rosidl_typesupport_introspection_c.so
[5.542s] -- Set runtime path of "/home/jim/ros2_ws/install/tf2_msgs/lib/libtf2_msgs__rosidl_typesupport_introspection_c.so" to ""
[5.542s] -- Installing: /home/jim/ros2_ws/install/tf2_msgs/lib/libtf2_msgs__rosidl_typesupport_c.so
[5.543s] -- Set runtime path of "/home/jim/ros2_ws/install/tf2_msgs/lib/libtf2_msgs__rosidl_typesupport_c.so" to ""
[5.543s] -- Up-to-date: /home/jim/ros2_ws/install/tf2_msgs/include/tf2_msgs/tf2_msgs
[5.543s] -- Up-to-date: /home/jim/ros2_ws/install/tf2_msgs/include/tf2_msgs/tf2_msgs/msg
[5.543s] -- Installing: /home/jim/ros2_ws/install/tf2_msgs/include/tf2_msgs/tf2_msgs/msg/rosidl_generator_cpp__visibility_control.hpp
[5.543s] -- Installing: /home/jim/ros2_ws/install/tf2_msgs/include/tf2_msgs/tf2_msgs/msg/tf_message.hpp
[5.543s] -- Installing: /home/jim/ros2_ws/install/tf2_msgs/include/tf2_msgs/tf2_msgs/msg/tf2_error.hpp
[5.543s] -- Up-to-date: /home/jim/ros2_ws/install/tf2_msgs/include/tf2_msgs/tf2_msgs/msg/detail
[5.543s] -- Installing: /home/jim/ros2_ws/install/tf2_msgs/include/tf2_msgs/tf2_msgs/msg/detail/tf_message__type_support.hpp
[5.543s] -- Installing: /home/jim/ros2_ws/install/tf2_msgs/include/tf2_msgs/tf2_msgs/msg/detail/tf2_error__traits.hpp
[5.543s] -- Installing: /home/jim/ros2_ws/install/tf2_msgs/include/tf2_msgs/tf2_msgs/msg/detail/tf2_error__struct.hpp
[5.543s] -- Installing: /home/jim/ros2_ws/install/tf2_msgs/include/tf2_msgs/tf2_msgs/msg/detail/tf2_error__type_support.hpp
[5.543s] -- Installing: /home/jim/ros2_ws/install/tf2_msgs/include/tf2_msgs/tf2_msgs/msg/detail/tf_message__struct.hpp
[5.544s] -- Installing: /home/jim/ros2_ws/install/tf2_msgs/include/tf2_msgs/tf2_msgs/msg/detail/tf_message__builder.hpp
[5.544s] -- Installing: /home/jim/ros2_ws/install/tf2_msgs/include/tf2_msgs/tf2_msgs/msg/detail/tf_message__traits.hpp
[5.544s] -- Installing: /home/jim/ros2_ws/install/tf2_msgs/include/tf2_msgs/tf2_msgs/msg/detail/tf2_error__builder.hpp
[5.544s] -- Up-to-date: /home/jim/ros2_ws/install/tf2_msgs/include/tf2_msgs/tf2_msgs/action
[5.544s] -- Installing: /home/jim/ros2_ws/install/tf2_msgs/include/tf2_msgs/tf2_msgs/action/lookup_transform.hpp
[5.544s] -- Up-to-date: /home/jim/ros2_ws/install/tf2_msgs/include/tf2_msgs/tf2_msgs/action/detail
[5.544s] -- Installing: /home/jim/ros2_ws/install/tf2_msgs/include/tf2_msgs/tf2_msgs/action/detail/lookup_transform__struct.hpp
[5.544s] -- Installing: /home/jim/ros2_ws/install/tf2_msgs/include/tf2_msgs/tf2_msgs/action/detail/lookup_transform__traits.hpp
[5.544s] -- Installing: /home/jim/ros2_ws/install/tf2_msgs/include/tf2_msgs/tf2_msgs/action/detail/lookup_transform__type_support.hpp
[5.544s] -- Installing: /home/jim/ros2_ws/install/tf2_msgs/include/tf2_msgs/tf2_msgs/action/detail/lookup_transform__builder.hpp
[5.544s] -- Up-to-date: /home/jim/ros2_ws/install/tf2_msgs/include/tf2_msgs/tf2_msgs/srv
[5.544s] -- Installing: /home/jim/ros2_ws/install/tf2_msgs/include/tf2_msgs/tf2_msgs/srv/frame_graph.hpp
[5.544s] -- Up-to-date: /home/jim/ros2_ws/install/tf2_msgs/include/tf2_msgs/tf2_msgs/srv/detail
[5.545s] -- Installing: /home/jim/ros2_ws/install/tf2_msgs/include/tf2_msgs/tf2_msgs/srv/detail/frame_graph__builder.hpp
[5.545s] -- Installing: /home/jim/ros2_ws/install/tf2_msgs/include/tf2_msgs/tf2_msgs/srv/detail/frame_graph__traits.hpp
[5.545s] -- Installing: /home/jim/ros2_ws/install/tf2_msgs/include/tf2_msgs/tf2_msgs/srv/detail/frame_graph__struct.hpp
[5.545s] -- Installing: /home/jim/ros2_ws/install/tf2_msgs/include/tf2_msgs/tf2_msgs/srv/detail/frame_graph__type_support.hpp
[5.545s] -- Up-to-date: /home/jim/ros2_ws/install/tf2_msgs/include/tf2_msgs/tf2_msgs
[5.545s] -- Up-to-date: /home/jim/ros2_ws/install/tf2_msgs/include/tf2_msgs/tf2_msgs/msg
[5.545s] -- Installing: /home/jim/ros2_ws/install/tf2_msgs/include/tf2_msgs/tf2_msgs/msg/rosidl_typesupport_fastrtps_cpp__visibility_control.h
[5.545s] -- Up-to-date: /home/jim/ros2_ws/install/tf2_msgs/include/tf2_msgs/tf2_msgs/msg/detail
[5.545s] -- Installing: /home/jim/ros2_ws/install/tf2_msgs/include/tf2_msgs/tf2_msgs/msg/detail/tf_message__rosidl_typesupport_fastrtps_cpp.hpp
[5.545s] -- Installing: /home/jim/ros2_ws/install/tf2_msgs/include/tf2_msgs/tf2_msgs/msg/detail/tf2_error__rosidl_typesupport_fastrtps_cpp.hpp
[5.545s] -- Installing: /home/jim/ros2_ws/install/tf2_msgs/include/tf2_msgs/tf2_msgs/msg/detail/dds_fastrtps
[5.545s] -- Up-to-date: /home/jim/ros2_ws/install/tf2_msgs/include/tf2_msgs/tf2_msgs/action
[5.545s] -- Up-to-date: /home/jim/ros2_ws/install/tf2_msgs/include/tf2_msgs/tf2_msgs/action/detail
[5.546s] -- Installing: /home/jim/ros2_ws/install/tf2_msgs/include/tf2_msgs/tf2_msgs/action/detail/lookup_transform__rosidl_typesupport_fastrtps_cpp.hpp
[5.546s] -- Installing: /home/jim/ros2_ws/install/tf2_msgs/include/tf2_msgs/tf2_msgs/action/detail/dds_fastrtps
[5.546s] -- Up-to-date: /home/jim/ros2_ws/install/tf2_msgs/include/tf2_msgs/tf2_msgs/srv
[5.546s] -- Up-to-date: /home/jim/ros2_ws/install/tf2_msgs/include/tf2_msgs/tf2_msgs/srv/detail
[5.546s] -- Installing: /home/jim/ros2_ws/install/tf2_msgs/include/tf2_msgs/tf2_msgs/srv/detail/frame_graph__rosidl_typesupport_fastrtps_cpp.hpp
[5.546s] -- Installing: /home/jim/ros2_ws/install/tf2_msgs/include/tf2_msgs/tf2_msgs/srv/detail/dds_fastrtps
[5.546s] -- Installing: /home/jim/ros2_ws/install/tf2_msgs/lib/libtf2_msgs__rosidl_typesupport_fastrtps_cpp.so
[5.546s] -- Set runtime path of "/home/jim/ros2_ws/install/tf2_msgs/lib/libtf2_msgs__rosidl_typesupport_fastrtps_cpp.so" to ""
[5.546s] -- Up-to-date: /home/jim/ros2_ws/install/tf2_msgs/include/tf2_msgs/tf2_msgs
[5.546s] -- Up-to-date: /home/jim/ros2_ws/install/tf2_msgs/include/tf2_msgs/tf2_msgs/msg
[5.546s] -- Up-to-date: /home/jim/ros2_ws/install/tf2_msgs/include/tf2_msgs/tf2_msgs/msg/detail
[5.546s] -- Installing: /home/jim/ros2_ws/install/tf2_msgs/include/tf2_msgs/tf2_msgs/msg/detail/tf_message__type_support.cpp
[5.546s] -- Installing: /home/jim/ros2_ws/install/tf2_msgs/include/tf2_msgs/tf2_msgs/msg/detail/tf2_error__type_support.cpp
[5.547s] -- Installing: /home/jim/ros2_ws/install/tf2_msgs/include/tf2_msgs/tf2_msgs/msg/detail/tf_message__rosidl_typesupport_introspection_cpp.hpp
[5.547s] -- Installing: /home/jim/ros2_ws/install/tf2_msgs/include/tf2_msgs/tf2_msgs/msg/detail/tf2_error__rosidl_typesupport_introspection_cpp.hpp
[5.547s] -- Up-to-date: /home/jim/ros2_ws/install/tf2_msgs/include/tf2_msgs/tf2_msgs/action
[5.547s] -- Up-to-date: /home/jim/ros2_ws/install/tf2_msgs/include/tf2_msgs/tf2_msgs/action/detail
[5.547s] -- Installing: /home/jim/ros2_ws/install/tf2_msgs/include/tf2_msgs/tf2_msgs/action/detail/lookup_transform__rosidl_typesupport_introspection_cpp.hpp
[5.547s] -- Installing: /home/jim/ros2_ws/install/tf2_msgs/include/tf2_msgs/tf2_msgs/action/detail/lookup_transform__type_support.cpp
[5.547s] -- Up-to-date: /home/jim/ros2_ws/install/tf2_msgs/include/tf2_msgs/tf2_msgs/srv
[5.547s] -- Up-to-date: /home/jim/ros2_ws/install/tf2_msgs/include/tf2_msgs/tf2_msgs/srv/detail
[5.547s] -- Installing: /home/jim/ros2_ws/install/tf2_msgs/include/tf2_msgs/tf2_msgs/srv/detail/frame_graph__rosidl_typesupport_introspection_cpp.hpp
[5.547s] -- Installing: /home/jim/ros2_ws/install/tf2_msgs/include/tf2_msgs/tf2_msgs/srv/detail/frame_graph__type_support.cpp
[5.547s] -- Installing: /home/jim/ros2_ws/install/tf2_msgs/lib/libtf2_msgs__rosidl_typesupport_introspection_cpp.so
[5.547s] -- Set runtime path of "/home/jim/ros2_ws/install/tf2_msgs/lib/libtf2_msgs__rosidl_typesupport_introspection_cpp.so" to ""
[5.547s] -- Installing: /home/jim/ros2_ws/install/tf2_msgs/lib/libtf2_msgs__rosidl_typesupport_cpp.so
[5.548s] -- Set runtime path of "/home/jim/ros2_ws/install/tf2_msgs/lib/libtf2_msgs__rosidl_typesupport_cpp.so" to ""
[5.548s] -- Installing: /home/jim/ros2_ws/install/tf2_msgs/share/tf2_msgs/environment/pythonpath.sh
[5.548s] -- Installing: /home/jim/ros2_ws/install/tf2_msgs/share/tf2_msgs/environment/pythonpath.dsv
[5.548s] -- Installing: /home/jim/ros2_ws/install/tf2_msgs/local/lib/python3.10/dist-packages/tf2_msgs-0.25.17-py3.10.egg-info
[5.548s] -- Installing: /home/jim/ros2_ws/install/tf2_msgs/local/lib/python3.10/dist-packages/tf2_msgs-0.25.17-py3.10.egg-info/dependency_links.txt
[5.548s] -- Installing: /home/jim/ros2_ws/install/tf2_msgs/local/lib/python3.10/dist-packages/tf2_msgs-0.25.17-py3.10.egg-info/PKG-INFO
[5.548s] -- Installing: /home/jim/ros2_ws/install/tf2_msgs/local/lib/python3.10/dist-packages/tf2_msgs-0.25.17-py3.10.egg-info/SOURCES.txt
[5.548s] -- Installing: /home/jim/ros2_ws/install/tf2_msgs/local/lib/python3.10/dist-packages/tf2_msgs-0.25.17-py3.10.egg-info/top_level.txt
[5.548s] -- Installing: /home/jim/ros2_ws/install/tf2_msgs/local/lib/python3.10/dist-packages/tf2_msgs
[5.548s] -- Installing: /home/jim/ros2_ws/install/tf2_msgs/local/lib/python3.10/dist-packages/tf2_msgs/libtf2_msgs__rosidl_generator_py.so
[5.548s] -- Installing: /home/jim/ros2_ws/install/tf2_msgs/local/lib/python3.10/dist-packages/tf2_msgs/_tf2_msgs_s.ep.rosidl_typesupport_introspection_c.c
[5.548s] -- Installing: /home/jim/ros2_ws/install/tf2_msgs/local/lib/python3.10/dist-packages/tf2_msgs/msg
[5.548s] -- Installing: /home/jim/ros2_ws/install/tf2_msgs/local/lib/python3.10/dist-packages/tf2_msgs/msg/_tf_message.py
[5.548s] -- Installing: /home/jim/ros2_ws/install/tf2_msgs/local/lib/python3.10/dist-packages/tf2_msgs/msg/_tf_message_s.c
[5.549s] -- Installing: /home/jim/ros2_ws/install/tf2_msgs/local/lib/python3.10/dist-packages/tf2_msgs/msg/__init__.py
[5.549s] -- Installing: /home/jim/ros2_ws/install/tf2_msgs/local/lib/python3.10/dist-packages/tf2_msgs/msg/_tf2_error.py
[5.549s] -- Installing: /home/jim/ros2_ws/install/tf2_msgs/local/lib/python3.10/dist-packages/tf2_msgs/msg/_tf2_error_s.c
[5.549s] -- Installing: /home/jim/ros2_ws/install/tf2_msgs/local/lib/python3.10/dist-packages/tf2_msgs/__init__.py
[5.549s] -- Installing: /home/jim/ros2_ws/install/tf2_msgs/local/lib/python3.10/dist-packages/tf2_msgs/_tf2_msgs_s.ep.rosidl_typesupport_fastrtps_c.c
[5.549s] -- Installing: /home/jim/ros2_ws/install/tf2_msgs/local/lib/python3.10/dist-packages/tf2_msgs/action
[5.549s] -- Installing: /home/jim/ros2_ws/install/tf2_msgs/local/lib/python3.10/dist-packages/tf2_msgs/action/__init__.py
[5.549s] -- Installing: /home/jim/ros2_ws/install/tf2_msgs/local/lib/python3.10/dist-packages/tf2_msgs/action/_lookup_transform.py
[5.549s] -- Installing: /home/jim/ros2_ws/install/tf2_msgs/local/lib/python3.10/dist-packages/tf2_msgs/action/_lookup_transform_s.c
[5.549s] -- Installing: /home/jim/ros2_ws/install/tf2_msgs/local/lib/python3.10/dist-packages/tf2_msgs/tf2_msgs_s__rosidl_typesupport_introspection_c.cpython-310-x86_64-linux-gnu.so
[5.549s] -- Installing: /home/jim/ros2_ws/install/tf2_msgs/local/lib/python3.10/dist-packages/tf2_msgs/tf2_msgs_s__rosidl_typesupport_c.cpython-310-x86_64-linux-gnu.so
[5.549s] -- Installing: /home/jim/ros2_ws/install/tf2_msgs/local/lib/python3.10/dist-packages/tf2_msgs/srv
[5.549s] -- Installing: /home/jim/ros2_ws/install/tf2_msgs/local/lib/python3.10/dist-packages/tf2_msgs/srv/__init__.py
[5.550s] -- Installing: /home/jim/ros2_ws/install/tf2_msgs/local/lib/python3.10/dist-packages/tf2_msgs/srv/_frame_graph_s.c
[5.550s] -- Installing: /home/jim/ros2_ws/install/tf2_msgs/local/lib/python3.10/dist-packages/tf2_msgs/srv/_frame_graph.py
[5.550s] -- Installing: /home/jim/ros2_ws/install/tf2_msgs/local/lib/python3.10/dist-packages/tf2_msgs/tf2_msgs_s__rosidl_typesupport_fastrtps_c.cpython-310-x86_64-linux-gnu.so
[5.550s] -- Installing: /home/jim/ros2_ws/install/tf2_msgs/local/lib/python3.10/dist-packages/tf2_msgs/_tf2_msgs_s.ep.rosidl_typesupport_c.c
[5.597s] Listing '/home/jim/ros2_ws/install/tf2_msgs/local/lib/python3.10/dist-packages/tf2_msgs'...
[5.597s] Compiling '/home/jim/ros2_ws/install/tf2_msgs/local/lib/python3.10/dist-packages/tf2_msgs/__init__.py'...
[5.597s] Listing '/home/jim/ros2_ws/install/tf2_msgs/local/lib/python3.10/dist-packages/tf2_msgs/action'...
[5.597s] Compiling '/home/jim/ros2_ws/install/tf2_msgs/local/lib/python3.10/dist-packages/tf2_msgs/action/__init__.py'...
[5.597s] Compiling '/home/jim/ros2_ws/install/tf2_msgs/local/lib/python3.10/dist-packages/tf2_msgs/action/_lookup_transform.py'...
[5.597s] Listing '/home/jim/ros2_ws/install/tf2_msgs/local/lib/python3.10/dist-packages/tf2_msgs/msg'...
[5.598s] Compiling '/home/jim/ros2_ws/install/tf2_msgs/local/lib/python3.10/dist-packages/tf2_msgs/msg/__init__.py'...
[5.598s] Compiling '/home/jim/ros2_ws/install/tf2_msgs/local/lib/python3.10/dist-packages/tf2_msgs/msg/_tf2_error.py'...
[5.598s] Compiling '/home/jim/ros2_ws/install/tf2_msgs/local/lib/python3.10/dist-packages/tf2_msgs/msg/_tf_message.py'...
[5.598s] Listing '/home/jim/ros2_ws/install/tf2_msgs/local/lib/python3.10/dist-packages/tf2_msgs/srv'...
[5.598s] Compiling '/home/jim/ros2_ws/install/tf2_msgs/local/lib/python3.10/dist-packages/tf2_msgs/srv/__init__.py'...
[5.598s] Compiling '/home/jim/ros2_ws/install/tf2_msgs/local/lib/python3.10/dist-packages/tf2_msgs/srv/_frame_graph.py'...
[5.603s] -- Installing: /home/jim/ros2_ws/install/tf2_msgs/local/lib/python3.10/dist-packages/tf2_msgs/tf2_msgs_s__rosidl_typesupport_fastrtps_c.cpython-310-x86_64-linux-gnu.so
[5.603s] -- Set runtime path of "/home/jim/ros2_ws/install/tf2_msgs/local/lib/python3.10/dist-packages/tf2_msgs/tf2_msgs_s__rosidl_typesupport_fastrtps_c.cpython-310-x86_64-linux-gnu.so" to ""
[5.603s] -- Installing: /home/jim/ros2_ws/install/tf2_msgs/local/lib/python3.10/dist-packages/tf2_msgs/tf2_msgs_s__rosidl_typesupport_introspection_c.cpython-310-x86_64-linux-gnu.so
[5.604s] -- Set runtime path of "/home/jim/ros2_ws/install/tf2_msgs/local/lib/python3.10/dist-packages/tf2_msgs/tf2_msgs_s__rosidl_typesupport_introspection_c.cpython-310-x86_64-linux-gnu.so" to ""
[5.604s] -- Installing: /home/jim/ros2_ws/install/tf2_msgs/local/lib/python3.10/dist-packages/tf2_msgs/tf2_msgs_s__rosidl_typesupport_c.cpython-310-x86_64-linux-gnu.so
[5.604s] -- Set runtime path of "/home/jim/ros2_ws/install/tf2_msgs/local/lib/python3.10/dist-packages/tf2_msgs/tf2_msgs_s__rosidl_typesupport_c.cpython-310-x86_64-linux-gnu.so" to ""
[5.605s] -- Installing: /home/jim/ros2_ws/install/tf2_msgs/lib/libtf2_msgs__rosidl_generator_py.so
[5.605s] -- Set runtime path of "/home/jim/ros2_ws/install/tf2_msgs/lib/libtf2_msgs__rosidl_generator_py.so" to ""
[5.605s] -- Installing: /home/jim/ros2_ws/install/tf2_msgs/share/tf2_msgs/msg/TF2Error.idl
[5.605s] -- Installing: /home/jim/ros2_ws/install/tf2_msgs/share/tf2_msgs/msg/TFMessage.idl
[5.605s] -- Installing: /home/jim/ros2_ws/install/tf2_msgs/share/tf2_msgs/srv/FrameGraph.idl
[5.605s] -- Installing: /home/jim/ros2_ws/install/tf2_msgs/share/tf2_msgs/action/LookupTransform.idl
[5.606s] -- Installing: /home/jim/ros2_ws/install/tf2_msgs/share/tf2_msgs/msg/TF2Error.msg
[5.606s] -- Installing: /home/jim/ros2_ws/install/tf2_msgs/share/tf2_msgs/msg/TFMessage.msg
[5.606s] -- Installing: /home/jim/ros2_ws/install/tf2_msgs/share/tf2_msgs/srv/FrameGraph.srv
[5.606s] -- Installing: /home/jim/ros2_ws/install/tf2_msgs/share/tf2_msgs/srv/FrameGraph_Request.msg
[5.606s] -- Installing: /home/jim/ros2_ws/install/tf2_msgs/share/tf2_msgs/srv/FrameGraph_Response.msg
[5.606s] -- Installing: /home/jim/ros2_ws/install/tf2_msgs/share/tf2_msgs/action/LookupTransform.action
[5.606s] -- Installing: /home/jim/ros2_ws/install/tf2_msgs/share/tf2_msgs/tfmessage_bridge_mapping_rule.yaml
[5.606s] -- Installing: /home/jim/ros2_ws/install/tf2_msgs/share/ament_index/resource_index/package_run_dependencies/tf2_msgs
[5.607s] -- Installing: /home/jim/ros2_ws/install/tf2_msgs/share/ament_index/resource_index/parent_prefix_path/tf2_msgs
[5.607s] -- Installing: /home/jim/ros2_ws/install/tf2_msgs/share/tf2_msgs/environment/ament_prefix_path.sh
[5.607s] -- Installing: /home/jim/ros2_ws/install/tf2_msgs/share/tf2_msgs/environment/ament_prefix_path.dsv
[5.607s] -- Installing: /home/jim/ros2_ws/install/tf2_msgs/share/tf2_msgs/environment/path.sh
[5.607s] -- Installing: /home/jim/ros2_ws/install/tf2_msgs/share/tf2_msgs/environment/path.dsv
[5.607s] -- Installing: /home/jim/ros2_ws/install/tf2_msgs/share/tf2_msgs/local_setup.bash
[5.607s] -- Installing: /home/jim/ros2_ws/install/tf2_msgs/share/tf2_msgs/local_setup.sh
[5.608s] -- Installing: /home/jim/ros2_ws/install/tf2_msgs/share/tf2_msgs/local_setup.zsh
[5.608s] -- Installing: /home/jim/ros2_ws/install/tf2_msgs/share/tf2_msgs/local_setup.dsv
[5.608s] -- Installing: /home/jim/ros2_ws/install/tf2_msgs/share/tf2_msgs/package.dsv
[5.608s] -- Installing: /home/jim/ros2_ws/install/tf2_msgs/share/ament_index/resource_index/packages/tf2_msgs
[5.608s] -- Installing: /home/jim/ros2_ws/install/tf2_msgs/share/tf2_msgs/cmake/export_tf2_msgs__rosidl_generator_cExport.cmake
[5.608s] -- Installing: /home/jim/ros2_ws/install/tf2_msgs/share/tf2_msgs/cmake/export_tf2_msgs__rosidl_generator_cExport-noconfig.cmake
[5.609s] -- Installing: /home/jim/ros2_ws/install/tf2_msgs/share/tf2_msgs/cmake/export_tf2_msgs__rosidl_typesupport_fastrtps_cExport.cmake
[5.609s] -- Installing: /home/jim/ros2_ws/install/tf2_msgs/share/tf2_msgs/cmake/export_tf2_msgs__rosidl_typesupport_fastrtps_cExport-noconfig.cmake
[5.609s] -- Installing: /home/jim/ros2_ws/install/tf2_msgs/share/tf2_msgs/cmake/tf2_msgs__rosidl_typesupport_introspection_cExport.cmake
[5.609s] -- Installing: /home/jim/ros2_ws/install/tf2_msgs/share/tf2_msgs/cmake/tf2_msgs__rosidl_typesupport_introspection_cExport-noconfig.cmake
[5.609s] -- Installing: /home/jim/ros2_ws/install/tf2_msgs/share/tf2_msgs/cmake/tf2_msgs__rosidl_typesupport_cExport.cmake
[5.609s] -- Installing: /home/jim/ros2_ws/install/tf2_msgs/share/tf2_msgs/cmake/tf2_msgs__rosidl_typesupport_cExport-noconfig.cmake
[5.609s] -- Installing: /home/jim/ros2_ws/install/tf2_msgs/share/tf2_msgs/cmake/export_tf2_msgs__rosidl_generator_cppExport.cmake
[5.610s] -- Installing: /home/jim/ros2_ws/install/tf2_msgs/share/tf2_msgs/cmake/export_tf2_msgs__rosidl_typesupport_fastrtps_cppExport.cmake
[5.610s] -- Installing: /home/jim/ros2_ws/install/tf2_msgs/share/tf2_msgs/cmake/export_tf2_msgs__rosidl_typesupport_fastrtps_cppExport-noconfig.cmake
[5.610s] -- Installing: /home/jim/ros2_ws/install/tf2_msgs/share/tf2_msgs/cmake/tf2_msgs__rosidl_typesupport_introspection_cppExport.cmake
[5.610s] -- Installing: /home/jim/ros2_ws/install/tf2_msgs/share/tf2_msgs/cmake/tf2_msgs__rosidl_typesupport_introspection_cppExport-noconfig.cmake
[5.610s] -- Installing: /home/jim/ros2_ws/install/tf2_msgs/share/tf2_msgs/cmake/tf2_msgs__rosidl_typesupport_cppExport.cmake
[5.610s] -- Installing: /home/jim/ros2_ws/install/tf2_msgs/share/tf2_msgs/cmake/tf2_msgs__rosidl_typesupport_cppExport-noconfig.cmake
[5.610s] -- Installing: /home/jim/ros2_ws/install/tf2_msgs/share/tf2_msgs/cmake/export_tf2_msgs__rosidl_generator_pyExport.cmake
[5.611s] -- Installing: /home/jim/ros2_ws/install/tf2_msgs/share/tf2_msgs/cmake/export_tf2_msgs__rosidl_generator_pyExport-noconfig.cmake
[5.611s] -- Installing: /home/jim/ros2_ws/install/tf2_msgs/share/tf2_msgs/cmake/rosidl_cmake-extras.cmake
[5.611s] -- Installing: /home/jim/ros2_ws/install/tf2_msgs/share/tf2_msgs/cmake/ament_cmake_export_dependencies-extras.cmake
[5.611s] -- Installing: /home/jim/ros2_ws/install/tf2_msgs/share/tf2_msgs/cmake/ament_cmake_export_include_directories-extras.cmake
[5.611s] -- Installing: /home/jim/ros2_ws/install/tf2_msgs/share/tf2_msgs/cmake/ament_cmake_export_libraries-extras.cmake
[5.612s] -- Installing: /home/jim/ros2_ws/install/tf2_msgs/share/tf2_msgs/cmake/ament_cmake_export_targets-extras.cmake
[5.612s] -- Installing: /home/jim/ros2_ws/install/tf2_msgs/share/tf2_msgs/cmake/rosidl_cmake_export_typesupport_targets-extras.cmake
[5.612s] -- Installing: /home/jim/ros2_ws/install/tf2_msgs/share/tf2_msgs/cmake/rosidl_cmake_export_typesupport_libraries-extras.cmake
[5.612s] -- Installing: /home/jim/ros2_ws/install/tf2_msgs/share/tf2_msgs/cmake/tf2_msgsConfig.cmake
[5.612s] -- Installing: /home/jim/ros2_ws/install/tf2_msgs/share/tf2_msgs/cmake/tf2_msgsConfig-version.cmake
[5.612s] -- Installing: /home/jim/ros2_ws/install/tf2_msgs/share/tf2_msgs/package.xml
[5.616s] Invoked command in '/home/jim/ros2_ws/build/tf2_msgs' returned '0': CMAKE_PREFIX_PATH=${CMAKE_PREFIX_PATH}:/home/jim/ws_moveit2/install/moveit_configs_utils:/home/jim/ws_moveit2/install/launch_param_builder:/opt/ros/humble /usr/bin/cmake --install /home/jim/ros2_ws/build/tf2_msgs
