[0.018s] Invoking command in '/home/jim/ros2_ws/build/rm_install': CMAKE_PREFIX_PATH=${CMAKE_PREFIX_PATH}:/home/jim/ws_moveit2/install/moveit_configs_utils:/home/jim/ws_moveit2/install/launch_param_builder:/opt/ros/humble /usr/bin/cmake /home/jim/ros2_ws/src/ros2_rm_robot/rm_install -DCMAKE_INSTALL_PREFIX=/home/jim/ros2_ws/install/rm_install
[0.106s] -- The C compiler identification is GNU 11.4.0
[0.158s] -- The CXX compiler identification is GNU 11.4.0
[0.165s] -- Detecting C compiler ABI info
[0.247s] -- Detecting C compiler ABI info - done
[0.252s] -- Check for working C compiler: /usr/bin/cc - skipped
[0.253s] -- Detecting C compile features
[0.253s] -- Detecting C compile features - done
[0.256s] -- Detecting CXX compiler ABI info
[0.341s] -- Detecting CXX compiler ABI info - done
[0.350s] -- Check for working CXX compiler: /usr/bin/c++ - skipped
[0.350s] -- Detecting CXX compile features
[0.351s] -- Detecting CXX compile features - done
[0.357s] -- Found ament_cmake: 1.3.12 (/opt/ros/humble/share/ament_cmake/cmake)
[0.499s] -- Found Python3: /usr/bin/python3 (found version "3.10.12") found components: Interpreter 
[0.637s] -- Found ament_lint_auto: 0.12.14 (/opt/ros/humble/share/ament_lint_auto/cmake)
[0.712s] -- Added test 'lint_cmake' to check CMake code style
[0.713s] -- Added test 'xmllint' to check XML markup files
[0.715s] -- Configuring done
[0.716s] -- Generating done
[0.717s] -- Build files have been written to: /home/jim/ros2_ws/build/rm_install
[0.720s] Invoked command in '/home/jim/ros2_ws/build/rm_install' returned '0': CMAKE_PREFIX_PATH=${CMAKE_PREFIX_PATH}:/home/jim/ws_moveit2/install/moveit_configs_utils:/home/jim/ws_moveit2/install/launch_param_builder:/opt/ros/humble /usr/bin/cmake /home/jim/ros2_ws/src/ros2_rm_robot/rm_install -DCMAKE_INSTALL_PREFIX=/home/jim/ros2_ws/install/rm_install
[0.722s] Invoking command in '/home/jim/ros2_ws/build/rm_install': CMAKE_PREFIX_PATH=${CMAKE_PREFIX_PATH}:/home/jim/ws_moveit2/install/moveit_configs_utils:/home/jim/ws_moveit2/install/launch_param_builder:/opt/ros/humble /usr/bin/cmake --build /home/jim/ros2_ws/build/rm_install -- -j16 -l16
[0.765s] Invoked command in '/home/jim/ros2_ws/build/rm_install' returned '0': CMAKE_PREFIX_PATH=${CMAKE_PREFIX_PATH}:/home/jim/ws_moveit2/install/moveit_configs_utils:/home/jim/ws_moveit2/install/launch_param_builder:/opt/ros/humble /usr/bin/cmake --build /home/jim/ros2_ws/build/rm_install -- -j16 -l16
[0.774s] Invoking command in '/home/jim/ros2_ws/build/rm_install': CMAKE_PREFIX_PATH=${CMAKE_PREFIX_PATH}:/home/jim/ws_moveit2/install/moveit_configs_utils:/home/jim/ws_moveit2/install/launch_param_builder:/opt/ros/humble /usr/bin/cmake --install /home/jim/ros2_ws/build/rm_install
[0.783s] -- Install configuration: ""
[0.783s] -- Installing: /home/jim/ros2_ws/install/rm_install/share/ament_index/resource_index/package_run_dependencies/rm_install
[0.783s] -- Installing: /home/jim/ros2_ws/install/rm_install/share/ament_index/resource_index/parent_prefix_path/rm_install
[0.783s] -- Installing: /home/jim/ros2_ws/install/rm_install/share/rm_install/environment/ament_prefix_path.sh
[0.784s] -- Installing: /home/jim/ros2_ws/install/rm_install/share/rm_install/environment/ament_prefix_path.dsv
[0.784s] -- Installing: /home/jim/ros2_ws/install/rm_install/share/rm_install/environment/path.sh
[0.784s] -- Installing: /home/jim/ros2_ws/install/rm_install/share/rm_install/environment/path.dsv
[0.784s] -- Installing: /home/jim/ros2_ws/install/rm_install/share/rm_install/local_setup.bash
[0.784s] -- Installing: /home/jim/ros2_ws/install/rm_install/share/rm_install/local_setup.sh
[0.784s] -- Installing: /home/jim/ros2_ws/install/rm_install/share/rm_install/local_setup.zsh
[0.784s] -- Installing: /home/jim/ros2_ws/install/rm_install/share/rm_install/local_setup.dsv
[0.784s] -- Installing: /home/jim/ros2_ws/install/rm_install/share/rm_install/package.dsv
[0.784s] -- Installing: /home/jim/ros2_ws/install/rm_install/share/ament_index/resource_index/packages/rm_install
[0.784s] -- Installing: /home/jim/ros2_ws/install/rm_install/share/rm_install/cmake/rm_installConfig.cmake
[0.785s] -- Installing: /home/jim/ros2_ws/install/rm_install/share/rm_install/cmake/rm_installConfig-version.cmake
[0.785s] -- Installing: /home/jim/ros2_ws/install/rm_install/share/rm_install/package.xml
[0.791s] Invoked command in '/home/jim/ros2_ws/build/rm_install' returned '0': CMAKE_PREFIX_PATH=${CMAKE_PREFIX_PATH}:/home/jim/ws_moveit2/install/moveit_configs_utils:/home/jim/ws_moveit2/install/launch_param_builder:/opt/ros/humble /usr/bin/cmake --install /home/jim/ros2_ws/build/rm_install
