[0.020s] Invoking command in '/home/jim/ros2_ws/build/rm_bringup': CMAKE_PREFIX_PATH=${CMAKE_PREFIX_PATH}:/home/jim/ws_moveit2/install/moveit_configs_utils:/home/jim/ws_moveit2/install/launch_param_builder:/opt/ros/humble /usr/bin/cmake /home/jim/ros2_ws/src/ros2_rm_robot/rm_bringup -DCMAKE_INSTALL_PREFIX=/home/jim/ros2_ws/install/rm_bringup
[0.103s] -- The C compiler identification is GNU 11.4.0
[0.180s] -- The CXX compiler identification is GNU 11.4.0
[0.191s] -- Detecting C compiler ABI info
[0.271s] -- Detecting C compiler ABI info - done
[0.276s] -- Check for working C compiler: /usr/bin/cc - skipped
[0.277s] -- Detecting C compile features
[0.277s] -- Detecting C compile features - done
[0.279s] -- Detecting CXX compiler ABI info
[0.353s] -- Detecting CXX compiler ABI info - done
[0.360s] -- Check for working CXX compiler: /usr/bin/c++ - skipped
[0.360s] -- Detecting CXX compile features
[0.360s] -- Detecting CXX compile features - done
[0.365s] -- Found ament_cmake: 1.3.12 (/opt/ros/humble/share/ament_cmake/cmake)
[0.519s] -- Found Python3: /usr/bin/python3 (found version "3.10.12") found components: Interpreter 
[0.687s] -- Found ament_lint_auto: 0.12.14 (/opt/ros/humble/share/ament_lint_auto/cmake)
[0.794s] -- Added test 'flake8' to check Python code syntax and style conventions
[0.799s] -- Added test 'lint_cmake' to check CMake code style
[0.800s] -- Added test 'pep257' to check Python code against some of the docstring style conventions in PEP 257
[0.802s] -- Added test 'xmllint' to check XML markup files
[0.803s] -- Configuring done
[0.805s] -- Generating done
[0.805s] -- Build files have been written to: /home/jim/ros2_ws/build/rm_bringup
[0.819s] Invoked command in '/home/jim/ros2_ws/build/rm_bringup' returned '0': CMAKE_PREFIX_PATH=${CMAKE_PREFIX_PATH}:/home/jim/ws_moveit2/install/moveit_configs_utils:/home/jim/ws_moveit2/install/launch_param_builder:/opt/ros/humble /usr/bin/cmake /home/jim/ros2_ws/src/ros2_rm_robot/rm_bringup -DCMAKE_INSTALL_PREFIX=/home/jim/ros2_ws/install/rm_bringup
[0.821s] Invoking command in '/home/jim/ros2_ws/build/rm_bringup': CMAKE_PREFIX_PATH=${CMAKE_PREFIX_PATH}:/home/jim/ws_moveit2/install/moveit_configs_utils:/home/jim/ws_moveit2/install/launch_param_builder:/opt/ros/humble /usr/bin/cmake --build /home/jim/ros2_ws/build/rm_bringup -- -j16 -l16
[0.865s] Invoked command in '/home/jim/ros2_ws/build/rm_bringup' returned '0': CMAKE_PREFIX_PATH=${CMAKE_PREFIX_PATH}:/home/jim/ws_moveit2/install/moveit_configs_utils:/home/jim/ws_moveit2/install/launch_param_builder:/opt/ros/humble /usr/bin/cmake --build /home/jim/ros2_ws/build/rm_bringup -- -j16 -l16
[0.867s] Invoking command in '/home/jim/ros2_ws/build/rm_bringup': CMAKE_PREFIX_PATH=${CMAKE_PREFIX_PATH}:/home/jim/ws_moveit2/install/moveit_configs_utils:/home/jim/ws_moveit2/install/launch_param_builder:/opt/ros/humble /usr/bin/cmake --install /home/jim/ros2_ws/build/rm_bringup
[0.878s] -- Install configuration: ""
[0.879s] -- Installing: /home/jim/ros2_ws/install/rm_bringup/share/rm_bringup/launch
[0.879s] -- Installing: /home/jim/ros2_ws/install/rm_bringup/share/rm_bringup/launch/rm_75_6f_gazebo.launch.py
[0.879s] -- Installing: /home/jim/ros2_ws/install/rm_bringup/share/rm_bringup/launch/rm_65_6f_gazebo.launch.py
[0.879s] -- Installing: /home/jim/ros2_ws/install/rm_bringup/share/rm_bringup/launch/rm_63_6f_gazebo.launch.py
[0.879s] -- Installing: /home/jim/ros2_ws/install/rm_bringup/share/rm_bringup/launch/rm_63_6fb_bringup.launch.py
[0.879s] -- Installing: /home/jim/ros2_ws/install/rm_bringup/share/rm_bringup/launch/rm_gen72_gazebo.launch.py
[0.879s] -- Installing: /home/jim/ros2_ws/install/rm_bringup/share/rm_bringup/launch/rm_75_bringup.launch.py
[0.879s] -- Installing: /home/jim/ros2_ws/install/rm_bringup/share/rm_bringup/launch/rm_65_6fb_gazebo.launch.py
[0.879s] -- Installing: /home/jim/ros2_ws/install/rm_bringup/share/rm_bringup/launch/rm_eco63_6fb_gazebo.launch.py
[0.880s] -- Installing: /home/jim/ros2_ws/install/rm_bringup/share/rm_bringup/launch/rm_75_6fb_gazebo.launch.py
[0.880s] -- Installing: /home/jim/ros2_ws/install/rm_bringup/share/rm_bringup/launch/rm_75_6f_bringup.launch.py
[0.880s] -- Installing: /home/jim/ros2_ws/install/rm_bringup/share/rm_bringup/launch/rm_75_6fb_bringup.launch.py
[0.880s] -- Installing: /home/jim/ros2_ws/install/rm_bringup/share/rm_bringup/launch/rm_eco63_6fb_bringup.launch.py
[0.880s] -- Installing: /home/jim/ros2_ws/install/rm_bringup/share/rm_bringup/launch/rm_eco65_6f_gazebo.launch.py
[0.880s] -- Installing: /home/jim/ros2_ws/install/rm_bringup/share/rm_bringup/launch/rm_63_6f_bringup.launch.py
[0.880s] -- Installing: /home/jim/ros2_ws/install/rm_bringup/share/rm_bringup/launch/rm_eco65_6f_bringup.launch.py
[0.880s] -- Installing: /home/jim/ros2_ws/install/rm_bringup/share/rm_bringup/launch/rm_gen72_II_gazebo.launch.py
[0.880s] -- Installing: /home/jim/ros2_ws/install/rm_bringup/share/rm_bringup/launch/rm_gen72_bringup.launch.py
[0.880s] -- Installing: /home/jim/ros2_ws/install/rm_bringup/share/rm_bringup/launch/rm_63_bringup.launch.py
[0.880s] -- Installing: /home/jim/ros2_ws/install/rm_bringup/share/rm_bringup/launch/rm_eco65_6fb_bringup.launch.py
[0.881s] -- Installing: /home/jim/ros2_ws/install/rm_bringup/share/rm_bringup/launch/rm_65_bringup.launch.py
[0.881s] -- Installing: /home/jim/ros2_ws/install/rm_bringup/share/rm_bringup/launch/rm_75_gazebo.launch.py
[0.881s] -- Installing: /home/jim/ros2_ws/install/rm_bringup/share/rm_bringup/launch/rm_65_gazebo.launch.py
[0.881s] -- Installing: /home/jim/ros2_ws/install/rm_bringup/share/rm_bringup/launch/rm_63_6fb_gazebo.launch.py
[0.881s] -- Installing: /home/jim/ros2_ws/install/rm_bringup/share/rm_bringup/launch/rm_eco63_gazebo.launch.py
[0.881s] -- Installing: /home/jim/ros2_ws/install/rm_bringup/share/rm_bringup/launch/rm_65_6fb_bringup.launch.py
[0.881s] -- Installing: /home/jim/ros2_ws/install/rm_bringup/share/rm_bringup/launch/rm_eco65_gazebo.launch.py
[0.881s] -- Installing: /home/jim/ros2_ws/install/rm_bringup/share/rm_bringup/launch/rm_63_gazebo.launch.py
[0.881s] -- Installing: /home/jim/ros2_ws/install/rm_bringup/share/rm_bringup/launch/rm_eco65_bringup.launch.py
[0.881s] -- Installing: /home/jim/ros2_ws/install/rm_bringup/share/rm_bringup/launch/rm_eco65_6fb_gazebo.launch.py
[0.881s] -- Installing: /home/jim/ros2_ws/install/rm_bringup/share/rm_bringup/launch/rm_65_6f_bringup.launch.py
[0.881s] -- Installing: /home/jim/ros2_ws/install/rm_bringup/share/rm_bringup/launch/rm_gen72_II_bringup.launch.py
[0.882s] -- Installing: /home/jim/ros2_ws/install/rm_bringup/share/rm_bringup/launch/rm_eco63_bringup.launch.py
[0.882s] -- Installing: /home/jim/ros2_ws/install/rm_bringup/share/ament_index/resource_index/package_run_dependencies/rm_bringup
[0.882s] -- Installing: /home/jim/ros2_ws/install/rm_bringup/share/ament_index/resource_index/parent_prefix_path/rm_bringup
[0.882s] -- Installing: /home/jim/ros2_ws/install/rm_bringup/share/rm_bringup/environment/ament_prefix_path.sh
[0.882s] -- Installing: /home/jim/ros2_ws/install/rm_bringup/share/rm_bringup/environment/ament_prefix_path.dsv
[0.882s] -- Installing: /home/jim/ros2_ws/install/rm_bringup/share/rm_bringup/environment/path.sh
[0.882s] -- Installing: /home/jim/ros2_ws/install/rm_bringup/share/rm_bringup/environment/path.dsv
[0.882s] -- Installing: /home/jim/ros2_ws/install/rm_bringup/share/rm_bringup/local_setup.bash
[0.882s] -- Installing: /home/jim/ros2_ws/install/rm_bringup/share/rm_bringup/local_setup.sh
[0.882s] -- Installing: /home/jim/ros2_ws/install/rm_bringup/share/rm_bringup/local_setup.zsh
[0.882s] -- Installing: /home/jim/ros2_ws/install/rm_bringup/share/rm_bringup/local_setup.dsv
[0.882s] -- Installing: /home/jim/ros2_ws/install/rm_bringup/share/rm_bringup/package.dsv
[0.882s] -- Installing: /home/jim/ros2_ws/install/rm_bringup/share/ament_index/resource_index/packages/rm_bringup
[0.882s] -- Installing: /home/jim/ros2_ws/install/rm_bringup/share/rm_bringup/cmake/rm_bringupConfig.cmake
[0.882s] -- Installing: /home/jim/ros2_ws/install/rm_bringup/share/rm_bringup/cmake/rm_bringupConfig-version.cmake
[0.883s] -- Installing: /home/jim/ros2_ws/install/rm_bringup/share/rm_bringup/package.xml
[0.885s] Invoked command in '/home/jim/ros2_ws/build/rm_bringup' returned '0': CMAKE_PREFIX_PATH=${CMAKE_PREFIX_PATH}:/home/jim/ws_moveit2/install/moveit_configs_utils:/home/jim/ws_moveit2/install/launch_param_builder:/opt/ros/humble /usr/bin/cmake --install /home/jim/ros2_ws/build/rm_bringup
