[0.023s] Invoking command in '/home/jim/ros2_ws/build/rm_description': CMAKE_PREFIX_PATH=${CMAKE_PREFIX_PATH}:/home/jim/ws_moveit2/install/moveit_configs_utils:/home/jim/ws_moveit2/install/launch_param_builder:/opt/ros/humble /usr/bin/cmake /home/jim/ros2_ws/src/ros2_rm_robot/rm_description -DCMAKE_INSTALL_PREFIX=/home/jim/ros2_ws/install/rm_description
[0.108s] -- The C compiler identification is GNU 11.4.0
[0.168s] -- The CXX compiler identification is GNU 11.4.0
[0.175s] -- Detecting C compiler ABI info
[0.259s] -- Detecting C compiler ABI info - done
[0.269s] -- Check for working C compiler: /usr/bin/cc - skipped
[0.269s] -- Detecting C compile features
[0.270s] -- Detecting C compile features - done
[0.273s] -- Detecting CXX compiler ABI info
[0.354s] -- Detecting CXX compiler ABI info - done
[0.359s] -- Check for working CXX compiler: /usr/bin/c++ - skipped
[0.359s] -- Detecting CXX compile features
[0.359s] -- Detecting CXX compile features - done
[0.365s] -- Found ament_cmake: 1.3.12 (/opt/ros/humble/share/ament_cmake/cmake)
[0.543s] -- Found Python3: /usr/bin/python3 (found version "3.10.12") found components: Interpreter 
[0.649s] -- Found ament_lint_auto: 0.12.14 (/opt/ros/humble/share/ament_lint_auto/cmake)
[0.731s] -- Added test 'copyright' to check source files copyright and LICENSE
[0.737s] -- Added test 'flake8' to check Python code syntax and style conventions
[0.738s] -- Added test 'lint_cmake' to check CMake code style
[0.739s] -- Added test 'pep257' to check Python code against some of the docstring style conventions in PEP 257
[0.743s] -- Added test 'xmllint' to check XML markup files
[0.744s] -- Configuring done
[0.745s] -- Generating done
[0.746s] -- Build files have been written to: /home/jim/ros2_ws/build/rm_description
[0.750s] Invoked command in '/home/jim/ros2_ws/build/rm_description' returned '0': CMAKE_PREFIX_PATH=${CMAKE_PREFIX_PATH}:/home/jim/ws_moveit2/install/moveit_configs_utils:/home/jim/ws_moveit2/install/launch_param_builder:/opt/ros/humble /usr/bin/cmake /home/jim/ros2_ws/src/ros2_rm_robot/rm_description -DCMAKE_INSTALL_PREFIX=/home/jim/ros2_ws/install/rm_description
[0.751s] Invoking command in '/home/jim/ros2_ws/build/rm_description': CMAKE_PREFIX_PATH=${CMAKE_PREFIX_PATH}:/home/jim/ws_moveit2/install/moveit_configs_utils:/home/jim/ws_moveit2/install/launch_param_builder:/opt/ros/humble /usr/bin/cmake --build /home/jim/ros2_ws/build/rm_description -- -j16 -l16
[0.788s] Invoked command in '/home/jim/ros2_ws/build/rm_description' returned '0': CMAKE_PREFIX_PATH=${CMAKE_PREFIX_PATH}:/home/jim/ws_moveit2/install/moveit_configs_utils:/home/jim/ws_moveit2/install/launch_param_builder:/opt/ros/humble /usr/bin/cmake --build /home/jim/ros2_ws/build/rm_description -- -j16 -l16
[0.789s] Invoking command in '/home/jim/ros2_ws/build/rm_description': CMAKE_PREFIX_PATH=${CMAKE_PREFIX_PATH}:/home/jim/ws_moveit2/install/moveit_configs_utils:/home/jim/ws_moveit2/install/launch_param_builder:/opt/ros/humble /usr/bin/cmake --install /home/jim/ros2_ws/build/rm_description
[0.797s] -- Install configuration: ""
[0.797s] -- Installing: /home/jim/ros2_ws/install/rm_description/share/rm_description/launch
[0.797s] -- Installing: /home/jim/ros2_ws/install/rm_description/share/rm_description/launch/rm_75_6fb_display.launch.py
[0.797s] -- Installing: /home/jim/ros2_ws/install/rm_description/share/rm_description/launch/rm_65_6fb_display.launch.py
[0.797s] -- Installing: /home/jim/ros2_ws/install/rm_description/share/rm_description/launch/rm_eco63_6fb_display.launch.py
[0.797s] -- Installing: /home/jim/ros2_ws/install/rm_description/share/rm_description/launch/rm_gen72_display.launch.py
[0.797s] -- Installing: /home/jim/ros2_ws/install/rm_description/share/rm_description/launch/rm_gen72_II_display.launch.py
[0.797s] -- Installing: /home/jim/ros2_ws/install/rm_description/share/rm_description/launch/rm_eco65_6f_display.launch.py
[0.797s] -- Installing: /home/jim/ros2_ws/install/rm_description/share/rm_description/launch/rm_63_6fb_display.launch.py
[0.797s] -- Installing: /home/jim/ros2_ws/install/rm_description/share/rm_description/launch/rm_63_6f_display.launch.py
[0.797s] -- Installing: /home/jim/ros2_ws/install/rm_description/share/rm_description/launch/rm_75_display.launch.py
[0.797s] -- Installing: /home/jim/ros2_ws/install/rm_description/share/rm_description/launch/rm_75_6f_display.launch.py
[0.797s] -- Installing: /home/jim/ros2_ws/install/rm_description/share/rm_description/launch/rm_eco65_6fb_display.launch.py
[0.797s] -- Installing: /home/jim/ros2_ws/install/rm_description/share/rm_description/launch/rm_eco63_display.launch.py
[0.797s] -- Installing: /home/jim/ros2_ws/install/rm_description/share/rm_description/launch/rm_eco65_display.launch.py
[0.797s] -- Installing: /home/jim/ros2_ws/install/rm_description/share/rm_description/launch/rm_65_6f_display.launch.py
[0.798s] -- Installing: /home/jim/ros2_ws/install/rm_description/share/rm_description/launch/rm_65_display.launch.py
[0.798s] -- Installing: /home/jim/ros2_ws/install/rm_description/share/rm_description/launch/rm_63_display.launch.py
[0.798s] -- Installing: /home/jim/ros2_ws/install/rm_description/share/rm_description/urdf
[0.798s] -- Installing: /home/jim/ros2_ws/install/rm_description/share/rm_description/urdf/rm_eco63_gazebo.urdf
[0.798s] -- Installing: /home/jim/ros2_ws/install/rm_description/share/rm_description/urdf/rm_eco63_gazebo.urdf.xacro
[0.798s] -- Installing: /home/jim/ros2_ws/install/rm_description/share/rm_description/urdf/rml_63.urdf.xacro
[0.798s] -- Installing: /home/jim/ros2_ws/install/rm_description/share/rm_description/urdf/rm_75_6fb.urdf
[0.798s] -- Installing: /home/jim/ros2_ws/install/rm_description/share/rm_description/urdf/rm_gen72.csv
[0.798s] -- Installing: /home/jim/ros2_ws/install/rm_description/share/rm_description/urdf/rm_75.urdf
[0.798s] -- Installing: /home/jim/ros2_ws/install/rm_description/share/rm_description/urdf/rm_eco65.csv
[0.798s] -- Installing: /home/jim/ros2_ws/install/rm_description/share/rm_description/urdf/rm_65_description.csv
[0.798s] -- Installing: /home/jim/ros2_ws/install/rm_description/share/rm_description/urdf/rm_75_6f.urdf
[0.798s] -- Installing: /home/jim/ros2_ws/install/rm_description/share/rm_description/urdf/rm_75_gazebo.urdf
[0.798s] -- Installing: /home/jim/ros2_ws/install/rm_description/share/rm_description/urdf/rm_65.urdf
[0.799s] -- Installing: /home/jim/ros2_ws/install/rm_description/share/rm_description/urdf/rml_63_description.csv
[0.799s] -- Installing: /home/jim/ros2_ws/install/rm_description/share/rm_description/urdf/rm_eco63.urdf
[0.799s] -- Installing: /home/jim/ros2_ws/install/rm_description/share/rm_description/urdf/rml_63_6fb_description.urdf.xacro
[0.799s] -- Installing: /home/jim/ros2_ws/install/rm_description/share/rm_description/urdf/rm_65.urdf.xacro
[0.799s] -- Installing: /home/jim/ros2_ws/install/rm_description/share/rm_description/urdf/rm_gen72_II.urdf
[0.799s] -- Installing: /home/jim/ros2_ws/install/rm_description/share/rm_description/urdf/rm_75.urdf.xacro
[0.799s] -- Installing: /home/jim/ros2_ws/install/rm_description/share/rm_description/urdf/rml_63_gazebo.urdf.xacro
[0.799s] -- Installing: /home/jim/ros2_ws/install/rm_description/share/rm_description/urdf/rm_75_description.csv
[0.799s] -- Installing: /home/jim/ros2_ws/install/rm_description/share/rm_description/urdf/rm_eco65_6fb.urdf
[0.799s] -- Installing: /home/jim/ros2_ws/install/rm_description/share/rm_description/urdf/rml_63_6fb.urdf
[0.799s] -- Installing: /home/jim/ros2_ws/install/rm_description/share/rm_description/urdf/rm_eco65_gazebo.urdf
[0.799s] -- Installing: /home/jim/ros2_ws/install/rm_description/share/rm_description/urdf/rml_63_gazebo.urdf
[0.799s] -- Installing: /home/jim/ros2_ws/install/rm_description/share/rm_description/urdf/rm_65_gazebo.urdf
[0.799s] -- Installing: /home/jim/ros2_ws/install/rm_description/share/rm_description/urdf/rm_eco63_6fb.urdf
[0.799s] -- Installing: /home/jim/ros2_ws/install/rm_description/share/rm_description/urdf/rm_eco65.urdf.xacro
[0.799s] -- Installing: /home/jim/ros2_ws/install/rm_description/share/rm_description/urdf/rm_75_gazebo.urdf.xacro
[0.799s] -- Installing: /home/jim/ros2_ws/install/rm_description/share/rm_description/urdf/rm_eco63.csv
[0.799s] -- Installing: /home/jim/ros2_ws/install/rm_description/share/rm_description/urdf/display_arm.rviz
[0.799s] -- Installing: /home/jim/ros2_ws/install/rm_description/share/rm_description/urdf/rm_65_6fb.urdf
[0.800s] -- Installing: /home/jim/ros2_ws/install/rm_description/share/rm_description/urdf/rm_gen72_gazebo.urdf
[0.800s] -- Installing: /home/jim/ros2_ws/install/rm_description/share/rm_description/urdf/rm_eco65.urdf
[0.800s] -- Installing: /home/jim/ros2_ws/install/rm_description/share/rm_description/urdf/rm_65_6f.urdf
[0.801s] -- Installing: /home/jim/ros2_ws/install/rm_description/share/rm_description/urdf/rml_63_6f.urdf
[0.801s] -- Installing: /home/jim/ros2_ws/install/rm_description/share/rm_description/urdf/rm_gen72_II_gazebo.urdf
[0.801s] -- Installing: /home/jim/ros2_ws/install/rm_description/share/rm_description/urdf/rml_63.urdf
[0.802s] -- Installing: /home/jim/ros2_ws/install/rm_description/share/rm_description/urdf/rm_gen72.urdf
[0.802s] -- Installing: /home/jim/ros2_ws/install/rm_description/share/rm_description/urdf/rm_eco65_gazebo.urdf.xacro
[0.802s] -- Installing: /home/jim/ros2_ws/install/rm_description/share/rm_description/urdf/rm_eco63.urdf.xacro
[0.802s] -- Installing: /home/jim/ros2_ws/install/rm_description/share/rm_description/urdf/rm_eco65_6f.urdf
[0.802s] -- Installing: /home/jim/ros2_ws/install/rm_description/share/rm_description/urdf/rm_65_gazebo.urdf.xacro
[0.802s] -- Installing: /home/jim/ros2_ws/install/rm_description/share/rm_description/meshes
[0.802s] -- Installing: /home/jim/ros2_ws/install/rm_description/share/rm_description/meshes/rm_gen72_arm
[0.802s] -- Installing: /home/jim/ros2_ws/install/rm_description/share/rm_description/meshes/rm_gen72_arm/Link4.STL
[0.802s] -- Installing: /home/jim/ros2_ws/install/rm_description/share/rm_description/meshes/rm_gen72_arm/base_link.STL
[0.803s] -- Installing: /home/jim/ros2_ws/install/rm_description/share/rm_description/meshes/rm_gen72_arm/Link6.STL
[0.803s] -- Installing: /home/jim/ros2_ws/install/rm_description/share/rm_description/meshes/rm_gen72_arm/Link7.STL
[0.804s] -- Installing: /home/jim/ros2_ws/install/rm_description/share/rm_description/meshes/rm_gen72_arm/Link3.STL
[0.804s] -- Installing: /home/jim/ros2_ws/install/rm_description/share/rm_description/meshes/rm_gen72_arm/Link2.STL
[0.804s] -- Installing: /home/jim/ros2_ws/install/rm_description/share/rm_description/meshes/rm_gen72_arm/Link1.STL
[0.804s] -- Installing: /home/jim/ros2_ws/install/rm_description/share/rm_description/meshes/rm_gen72_arm/Link5.STL
[0.804s] -- Installing: /home/jim/ros2_ws/install/rm_description/share/rm_description/meshes/rm_63_arm
[0.804s] -- Installing: /home/jim/ros2_ws/install/rm_description/share/rm_description/meshes/rm_63_arm/link2.STL
[0.805s] -- Installing: /home/jim/ros2_ws/install/rm_description/share/rm_description/meshes/rm_63_arm/base_link.STL
[0.805s] -- Installing: /home/jim/ros2_ws/install/rm_description/share/rm_description/meshes/rm_63_arm/link4.STL
[0.805s] -- Installing: /home/jim/ros2_ws/install/rm_description/share/rm_description/meshes/rm_63_arm/link3.STL
[0.805s] -- Installing: /home/jim/ros2_ws/install/rm_description/share/rm_description/meshes/rm_63_arm/link5.STL
[0.805s] -- Installing: /home/jim/ros2_ws/install/rm_description/share/rm_description/meshes/rm_63_arm/link6.STL
[0.805s] -- Installing: /home/jim/ros2_ws/install/rm_description/share/rm_description/meshes/rm_63_arm/link6_6f.STL
[0.805s] -- Installing: /home/jim/ros2_ws/install/rm_description/share/rm_description/meshes/rm_63_arm/link6_6fb.STL
[0.805s] -- Installing: /home/jim/ros2_ws/install/rm_description/share/rm_description/meshes/rm_63_arm/link1.STL
[0.805s] -- Installing: /home/jim/ros2_ws/install/rm_description/share/rm_description/meshes/rm_65_arm
[0.805s] -- Installing: /home/jim/ros2_ws/install/rm_description/share/rm_description/meshes/rm_65_arm/link2.STL
[0.805s] -- Installing: /home/jim/ros2_ws/install/rm_description/share/rm_description/meshes/rm_65_arm/base_link.STL
[0.806s] -- Installing: /home/jim/ros2_ws/install/rm_description/share/rm_description/meshes/rm_65_arm/link4.STL
[0.806s] -- Installing: /home/jim/ros2_ws/install/rm_description/share/rm_description/meshes/rm_65_arm/link3.STL
[0.806s] -- Installing: /home/jim/ros2_ws/install/rm_description/share/rm_description/meshes/rm_65_arm/link5.STL
[0.806s] -- Installing: /home/jim/ros2_ws/install/rm_description/share/rm_description/meshes/rm_65_arm/link6.STL
[0.806s] -- Installing: /home/jim/ros2_ws/install/rm_description/share/rm_description/meshes/rm_65_arm/link6_6f.STL
[0.806s] -- Installing: /home/jim/ros2_ws/install/rm_description/share/rm_description/meshes/rm_65_arm/link6_6fb.STL
[0.806s] -- Installing: /home/jim/ros2_ws/install/rm_description/share/rm_description/meshes/rm_65_arm/link1.STL
[0.806s] -- Installing: /home/jim/ros2_ws/install/rm_description/share/rm_description/meshes/rm_eco62_arm
[0.806s] -- Installing: /home/jim/ros2_ws/install/rm_description/share/rm_description/meshes/rm_eco62_arm/Link4.STL
[0.807s] -- Installing: /home/jim/ros2_ws/install/rm_description/share/rm_description/meshes/rm_eco62_arm/base_link.STL
[0.807s] -- Installing: /home/jim/ros2_ws/install/rm_description/share/rm_description/meshes/rm_eco62_arm/Link6.STL
[0.807s] -- Installing: /home/jim/ros2_ws/install/rm_description/share/rm_description/meshes/rm_eco62_arm/Link3.STL
[0.807s] -- Installing: /home/jim/ros2_ws/install/rm_description/share/rm_description/meshes/rm_eco62_arm/Link2.STL
[0.807s] -- Installing: /home/jim/ros2_ws/install/rm_description/share/rm_description/meshes/rm_eco62_arm/Link1.STL
[0.807s] -- Installing: /home/jim/ros2_ws/install/rm_description/share/rm_description/meshes/rm_eco62_arm/Link5.STL
[0.807s] -- Installing: /home/jim/ros2_ws/install/rm_description/share/rm_description/meshes/rm_gen72_II_arm
[0.808s] -- Installing: /home/jim/ros2_ws/install/rm_description/share/rm_description/meshes/rm_gen72_II_arm/Link4.STL
[0.808s] -- Installing: /home/jim/ros2_ws/install/rm_description/share/rm_description/meshes/rm_gen72_II_arm/base_link.STL
[0.808s] -- Installing: /home/jim/ros2_ws/install/rm_description/share/rm_description/meshes/rm_gen72_II_arm/Link6.STL
[0.808s] -- Installing: /home/jim/ros2_ws/install/rm_description/share/rm_description/meshes/rm_gen72_II_arm/Link7.STL
[0.808s] -- Installing: /home/jim/ros2_ws/install/rm_description/share/rm_description/meshes/rm_gen72_II_arm/Link3.STL
[0.808s] -- Installing: /home/jim/ros2_ws/install/rm_description/share/rm_description/meshes/rm_gen72_II_arm/Link2.STL
[0.808s] -- Installing: /home/jim/ros2_ws/install/rm_description/share/rm_description/meshes/rm_gen72_II_arm/Link1.STL
[0.808s] -- Installing: /home/jim/ros2_ws/install/rm_description/share/rm_description/meshes/rm_gen72_II_arm/Link5.STL
[0.808s] -- Installing: /home/jim/ros2_ws/install/rm_description/share/rm_description/meshes/rm_75_arm
[0.808s] -- Installing: /home/jim/ros2_ws/install/rm_description/share/rm_description/meshes/rm_75_arm/link2.STL
[0.809s] -- Installing: /home/jim/ros2_ws/install/rm_description/share/rm_description/meshes/rm_75_arm/base_link.STL
[0.809s] -- Installing: /home/jim/ros2_ws/install/rm_description/share/rm_description/meshes/rm_75_arm/link4.STL
[0.809s] -- Installing: /home/jim/ros2_ws/install/rm_description/share/rm_description/meshes/rm_75_arm/link7_6f.STL
[0.809s] -- Installing: /home/jim/ros2_ws/install/rm_description/share/rm_description/meshes/rm_75_arm/link7.STL
[0.809s] -- Installing: /home/jim/ros2_ws/install/rm_description/share/rm_description/meshes/rm_75_arm/link3.STL
[0.809s] -- Installing: /home/jim/ros2_ws/install/rm_description/share/rm_description/meshes/rm_75_arm/link5.STL
[0.809s] -- Installing: /home/jim/ros2_ws/install/rm_description/share/rm_description/meshes/rm_75_arm/link6.STL
[0.809s] -- Installing: /home/jim/ros2_ws/install/rm_description/share/rm_description/meshes/rm_75_arm/link7_6fb.STL
[0.810s] -- Installing: /home/jim/ros2_ws/install/rm_description/share/rm_description/meshes/rm_75_arm/link1.STL
[0.811s] -- Installing: /home/jim/ros2_ws/install/rm_description/share/rm_description/meshes/rm_eco65_arm
[0.811s] -- Installing: /home/jim/ros2_ws/install/rm_description/share/rm_description/meshes/rm_eco65_arm/Link6_6fb.STL
[0.811s] -- Installing: /home/jim/ros2_ws/install/rm_description/share/rm_description/meshes/rm_eco65_arm/Link4.STL
[0.811s] -- Installing: /home/jim/ros2_ws/install/rm_description/share/rm_description/meshes/rm_eco65_arm/Link6.STL
[0.811s] -- Installing: /home/jim/ros2_ws/install/rm_description/share/rm_description/meshes/rm_eco65_arm/Link6_6f.STL
[0.811s] -- Installing: /home/jim/ros2_ws/install/rm_description/share/rm_description/meshes/rm_eco65_arm/Link3.STL
[0.811s] -- Installing: /home/jim/ros2_ws/install/rm_description/share/rm_description/meshes/rm_eco65_arm/Link2.STL
[0.811s] -- Installing: /home/jim/ros2_ws/install/rm_description/share/rm_description/meshes/rm_eco65_arm/Link1.STL
[0.811s] -- Installing: /home/jim/ros2_ws/install/rm_description/share/rm_description/meshes/rm_eco65_arm/baselink.STL
[0.812s] -- Installing: /home/jim/ros2_ws/install/rm_description/share/rm_description/meshes/rm_eco65_arm/Link5.STL
[0.813s] -- Installing: /home/jim/ros2_ws/install/rm_description/share/rm_description/meshes/rm_eco63_arm
[0.813s] -- Installing: /home/jim/ros2_ws/install/rm_description/share/rm_description/meshes/rm_eco63_arm/Link6_6fb.STL
[0.813s] -- Installing: /home/jim/ros2_ws/install/rm_description/share/rm_description/meshes/rm_eco63_arm/Link4.STL
[0.813s] -- Installing: /home/jim/ros2_ws/install/rm_description/share/rm_description/meshes/rm_eco63_arm/base_link.STL
[0.813s] -- Installing: /home/jim/ros2_ws/install/rm_description/share/rm_description/meshes/rm_eco63_arm/Link6.STL
[0.814s] -- Installing: /home/jim/ros2_ws/install/rm_description/share/rm_description/meshes/rm_eco63_arm/Link3.STL
[0.814s] -- Installing: /home/jim/ros2_ws/install/rm_description/share/rm_description/meshes/rm_eco63_arm/Link2.STL
[0.814s] -- Installing: /home/jim/ros2_ws/install/rm_description/share/rm_description/meshes/rm_eco63_arm/Link1.STL
[0.814s] -- Installing: /home/jim/ros2_ws/install/rm_description/share/rm_description/meshes/rm_eco63_arm/Link5.STL
[0.814s] -- Installing: /home/jim/ros2_ws/install/rm_description/share/ament_index/resource_index/package_run_dependencies/rm_description
[0.815s] -- Installing: /home/jim/ros2_ws/install/rm_description/share/ament_index/resource_index/parent_prefix_path/rm_description
[0.815s] -- Installing: /home/jim/ros2_ws/install/rm_description/share/rm_description/environment/ament_prefix_path.sh
[0.815s] -- Installing: /home/jim/ros2_ws/install/rm_description/share/rm_description/environment/ament_prefix_path.dsv
[0.815s] -- Installing: /home/jim/ros2_ws/install/rm_description/share/rm_description/environment/path.sh
[0.815s] -- Installing: /home/jim/ros2_ws/install/rm_description/share/rm_description/environment/path.dsv
[0.815s] -- Installing: /home/jim/ros2_ws/install/rm_description/share/rm_description/local_setup.bash
[0.815s] -- Installing: /home/jim/ros2_ws/install/rm_description/share/rm_description/local_setup.sh
[0.815s] -- Installing: /home/jim/ros2_ws/install/rm_description/share/rm_description/local_setup.zsh
[0.815s] -- Installing: /home/jim/ros2_ws/install/rm_description/share/rm_description/local_setup.dsv
[0.815s] -- Installing: /home/jim/ros2_ws/install/rm_description/share/rm_description/package.dsv
[0.815s] -- Installing: /home/jim/ros2_ws/install/rm_description/share/ament_index/resource_index/packages/rm_description
[0.815s] -- Installing: /home/jim/ros2_ws/install/rm_description/share/rm_description/cmake/rm_descriptionConfig.cmake
[0.815s] -- Installing: /home/jim/ros2_ws/install/rm_description/share/rm_description/cmake/rm_descriptionConfig-version.cmake
[0.815s] -- Installing: /home/jim/ros2_ws/install/rm_description/share/rm_description/package.xml
[0.829s] Invoked command in '/home/jim/ros2_ws/build/rm_description' returned '0': CMAKE_PREFIX_PATH=${CMAKE_PREFIX_PATH}:/home/jim/ws_moveit2/install/moveit_configs_utils:/home/jim/ws_moveit2/install/launch_param_builder:/opt/ros/humble /usr/bin/cmake --install /home/jim/ros2_ws/build/rm_description
