[1.850s] Invoking command in '/home/jim/ros2_ws/src/geometry2/tf2_tools': AMENT_PREFIX_PATH=/home/jim/ros2_ws/install/tf2_ros_py:/home/jim/ros2_ws/install/tf2_py:/home/jim/ros2_ws/install/tf2_msgs:/home/jim/ros2_ws/install/tf2:${AMENT_PREFIX_PATH} CMAKE_PREFIX_PATH=/home/jim/ros2_ws/install/tf2_py:/home/jim/ros2_ws/install/tf2_msgs:/home/jim/ros2_ws/install/tf2:${CMAKE_PREFIX_PATH} LD_LIBRARY_PATH=/home/jim/ros2_ws/install/tf2_msgs/lib:/home/jim/ros2_ws/install/tf2/lib:${LD_LIBRARY_PATH} PYTHONPATH=/home/jim/ros2_ws/build/tf2_tools/prefix_override:/usr/lib/python3/dist-packages/colcon_core/task/python/colcon_distutils_commands:/home/jim/ros2_ws/install/tf2_tools/lib/python3.10/site-packages:/home/jim/ros2_ws/install/tf2_ros_py/lib/python3.10/site-packages:/home/jim/ros2_ws/install/tf2_py/local/lib/python3.10/dist-packages:/home/jim/ros2_ws/install/tf2_msgs/local/lib/python3.10/dist-packages:${PYTHONPATH} /usr/bin/python3 -W ignore:setup.py install is deprecated -W ignore:easy_install command is deprecated setup.py egg_info --egg-base ../../../build/tf2_tools build --build-base /home/jim/ros2_ws/build/tf2_tools/build install --record /home/jim/ros2_ws/build/tf2_tools/install.log --single-version-externally-managed install_data
[2.219s] running egg_info
[2.220s] creating ../../../build/tf2_tools/tf2_tools.egg-info
[2.220s] writing ../../../build/tf2_tools/tf2_tools.egg-info/PKG-INFO
[2.221s] writing dependency_links to ../../../build/tf2_tools/tf2_tools.egg-info/dependency_links.txt
[2.222s] writing entry points to ../../../build/tf2_tools/tf2_tools.egg-info/entry_points.txt
[2.222s] writing requirements to ../../../build/tf2_tools/tf2_tools.egg-info/requires.txt
[2.222s] writing top-level names to ../../../build/tf2_tools/tf2_tools.egg-info/top_level.txt
[2.222s] writing manifest file '../../../build/tf2_tools/tf2_tools.egg-info/SOURCES.txt'
[2.224s] reading manifest file '../../../build/tf2_tools/tf2_tools.egg-info/SOURCES.txt'
[2.227s] writing manifest file '../../../build/tf2_tools/tf2_tools.egg-info/SOURCES.txt'
[2.227s] running build
[2.227s] running build_py
[2.227s] creating /home/jim/ros2_ws/build/tf2_tools/build
[2.227s] creating /home/jim/ros2_ws/build/tf2_tools/build/lib
[2.227s] creating /home/jim/ros2_ws/build/tf2_tools/build/lib/tf2_tools
[2.227s] copying tf2_tools/view_frames.py -> /home/jim/ros2_ws/build/tf2_tools/build/lib/tf2_tools
[2.227s] copying tf2_tools/__init__.py -> /home/jim/ros2_ws/build/tf2_tools/build/lib/tf2_tools
[2.228s] running install
[2.228s] running install_lib
[2.230s] creating /home/jim/ros2_ws/install/tf2_tools/lib/python3.10/site-packages/tf2_tools
[2.230s] copying /home/jim/ros2_ws/build/tf2_tools/build/lib/tf2_tools/view_frames.py -> /home/jim/ros2_ws/install/tf2_tools/lib/python3.10/site-packages/tf2_tools
[2.230s] copying /home/jim/ros2_ws/build/tf2_tools/build/lib/tf2_tools/__init__.py -> /home/jim/ros2_ws/install/tf2_tools/lib/python3.10/site-packages/tf2_tools
[2.230s] byte-compiling /home/jim/ros2_ws/install/tf2_tools/lib/python3.10/site-packages/tf2_tools/view_frames.py to view_frames.cpython-310.pyc
[2.231s] byte-compiling /home/jim/ros2_ws/install/tf2_tools/lib/python3.10/site-packages/tf2_tools/__init__.py to __init__.cpython-310.pyc
[2.232s] running install_data
[2.235s] creating /home/jim/ros2_ws/install/tf2_tools/share/ament_index
[2.235s] creating /home/jim/ros2_ws/install/tf2_tools/share/ament_index/resource_index
[2.235s] creating /home/jim/ros2_ws/install/tf2_tools/share/ament_index/resource_index/packages
[2.235s] copying resource/tf2_tools -> /home/jim/ros2_ws/install/tf2_tools/share/ament_index/resource_index/packages
[2.235s] copying package.xml -> /home/jim/ros2_ws/install/tf2_tools/share/tf2_tools
[2.235s] running install_egg_info
[2.235s] Copying ../../../build/tf2_tools/tf2_tools.egg-info to /home/jim/ros2_ws/install/tf2_tools/lib/python3.10/site-packages/tf2_tools-0.25.17-py3.10.egg-info
[2.237s] running install_scripts
[2.272s] Installing view_frames script to /home/jim/ros2_ws/install/tf2_tools/lib/tf2_tools
[2.272s] writing list of installed files to '/home/jim/ros2_ws/build/tf2_tools/install.log'
[2.322s] Invoked command in '/home/jim/ros2_ws/src/geometry2/tf2_tools' returned '0': AMENT_PREFIX_PATH=/home/jim/ros2_ws/install/tf2_ros_py:/home/jim/ros2_ws/install/tf2_py:/home/jim/ros2_ws/install/tf2_msgs:/home/jim/ros2_ws/install/tf2:${AMENT_PREFIX_PATH} CMAKE_PREFIX_PATH=/home/jim/ros2_ws/install/tf2_py:/home/jim/ros2_ws/install/tf2_msgs:/home/jim/ros2_ws/install/tf2:${CMAKE_PREFIX_PATH} LD_LIBRARY_PATH=/home/jim/ros2_ws/install/tf2_msgs/lib:/home/jim/ros2_ws/install/tf2/lib:${LD_LIBRARY_PATH} PYTHONPATH=/home/jim/ros2_ws/build/tf2_tools/prefix_override:/usr/lib/python3/dist-packages/colcon_core/task/python/colcon_distutils_commands:/home/jim/ros2_ws/install/tf2_tools/lib/python3.10/site-packages:/home/jim/ros2_ws/install/tf2_ros_py/lib/python3.10/site-packages:/home/jim/ros2_ws/install/tf2_py/local/lib/python3.10/dist-packages:/home/jim/ros2_ws/install/tf2_msgs/local/lib/python3.10/dist-packages:${PYTHONPATH} /usr/bin/python3 -W ignore:setup.py install is deprecated -W ignore:easy_install command is deprecated setup.py egg_info --egg-base ../../../build/tf2_tools build --build-base /home/jim/ros2_ws/build/tf2_tools/build install --record /home/jim/ros2_ws/build/tf2_tools/install.log --single-version-externally-managed install_data
