/home/jim/ros2_ws/install/tf2_ros_py/lib/python3.10/site-packages/tf2_ros/transform_broadcaster.py
/home/jim/ros2_ws/install/tf2_ros_py/lib/python3.10/site-packages/tf2_ros/buffer_interface.py
/home/jim/ros2_ws/install/tf2_ros_py/lib/python3.10/site-packages/tf2_ros/static_transform_broadcaster.py
/home/jim/ros2_ws/install/tf2_ros_py/lib/python3.10/site-packages/tf2_ros/__init__.py
/home/jim/ros2_ws/install/tf2_ros_py/lib/python3.10/site-packages/tf2_ros/transform_listener.py
/home/jim/ros2_ws/install/tf2_ros_py/lib/python3.10/site-packages/tf2_ros/buffer.py
/home/jim/ros2_ws/install/tf2_ros_py/lib/python3.10/site-packages/tf2_ros/buffer_client.py
/home/jim/ros2_ws/install/tf2_ros_py/lib/python3.10/site-packages/tf2_ros/__pycache__/transform_broadcaster.cpython-310.pyc
/home/jim/ros2_ws/install/tf2_ros_py/lib/python3.10/site-packages/tf2_ros/__pycache__/buffer_interface.cpython-310.pyc
/home/jim/ros2_ws/install/tf2_ros_py/lib/python3.10/site-packages/tf2_ros/__pycache__/static_transform_broadcaster.cpython-310.pyc
/home/jim/ros2_ws/install/tf2_ros_py/lib/python3.10/site-packages/tf2_ros/__pycache__/__init__.cpython-310.pyc
/home/jim/ros2_ws/install/tf2_ros_py/lib/python3.10/site-packages/tf2_ros/__pycache__/transform_listener.cpython-310.pyc
/home/jim/ros2_ws/install/tf2_ros_py/lib/python3.10/site-packages/tf2_ros/__pycache__/buffer.cpython-310.pyc
/home/jim/ros2_ws/install/tf2_ros_py/lib/python3.10/site-packages/tf2_ros/__pycache__/buffer_client.cpython-310.pyc
/home/jim/ros2_ws/install/tf2_ros_py/share/ament_index/resource_index/packages/tf2_ros_py
/home/jim/ros2_ws/install/tf2_ros_py/share/tf2_ros_py/package.xml
/home/jim/ros2_ws/install/tf2_ros_py/lib/python3.10/site-packages/tf2_ros_py-0.25.17-py3.10.egg-info/dependency_links.txt
/home/jim/ros2_ws/install/tf2_ros_py/lib/python3.10/site-packages/tf2_ros_py-0.25.17-py3.10.egg-info/PKG-INFO
/home/jim/ros2_ws/install/tf2_ros_py/lib/python3.10/site-packages/tf2_ros_py-0.25.17-py3.10.egg-info/SOURCES.txt
/home/jim/ros2_ws/install/tf2_ros_py/lib/python3.10/site-packages/tf2_ros_py-0.25.17-py3.10.egg-info/zip-safe
/home/jim/ros2_ws/install/tf2_ros_py/lib/python3.10/site-packages/tf2_ros_py-0.25.17-py3.10.egg-info/top_level.txt
/home/jim/ros2_ws/install/tf2_ros_py/lib/python3.10/site-packages/tf2_ros_py-0.25.17-py3.10.egg-info/requires.txt
