[0.031s] Invoking command in '/home/jim/ros2_ws/build/tf2': CMAKE_PREFIX_PATH=${CMAKE_PREFIX_PATH}:/home/jim/ws_moveit2/install/moveit_configs_utils:/home/jim/ws_moveit2/install/launch_param_builder:/opt/ros/humble /usr/bin/cmake /home/jim/ros2_ws/src/geometry2/tf2 -DCMAKE_INSTALL_PREFIX=/home/jim/ros2_ws/install/tf2
[0.132s] -- The C compiler identification is GNU 11.4.0
[0.219s] -- The CXX compiler identification is GNU 11.4.0
[0.229s] -- Detecting C compiler ABI info
[0.308s] -- Detecting C compiler ABI info - done
[0.317s] -- Check for working C compiler: /usr/bin/cc - skipped
[0.317s] -- Detecting C compile features
[0.317s] -- Detecting C compile features - done
[0.319s] -- Detecting CXX compiler ABI info
[0.392s] -- Detecting CXX compiler ABI info - done
[0.398s] -- Check for working CXX compiler: /usr/bin/c++ - skipped
[0.398s] -- Detecting CXX compile features
[0.398s] -- Detecting CXX compile features - done
[0.403s] -- Found ament_cmake: 1.3.12 (/opt/ros/humble/share/ament_cmake/cmake)
[0.553s] -- Found Python3: /usr/bin/python3 (found version "3.10.12") found components: Interpreter 
[0.667s] -- Found console_bridge_vendor: 1.4.1 (/opt/ros/humble/share/console_bridge_vendor/cmake)
[0.679s] -- Found builtin_interfaces: 1.2.2 (/opt/ros/humble/share/builtin_interfaces/cmake)
[0.767s] -- Found rosidl_generator_c: 3.1.7 (/opt/ros/humble/share/rosidl_generator_c/cmake)
[0.785s] -- Found rosidl_adapter: 3.1.7 (/opt/ros/humble/share/rosidl_adapter/cmake)
[0.810s] -- Found rosidl_generator_cpp: 3.1.7 (/opt/ros/humble/share/rosidl_generator_cpp/cmake)
[0.837s] -- Using all available rosidl_typesupport_c: rosidl_typesupport_fastrtps_c;rosidl_typesupport_introspection_c
[0.857s] -- Using all available rosidl_typesupport_cpp: rosidl_typesupport_fastrtps_cpp;rosidl_typesupport_introspection_cpp
[0.880s] -- Found geometry_msgs: 4.9.0 (/opt/ros/humble/share/geometry_msgs/cmake)
[0.911s] -- Found ament_cmake_google_benchmark: 1.3.12 (/opt/ros/humble/share/ament_cmake_google_benchmark/cmake)
[0.914s] -- Found ament_cmake_copyright: 0.12.14 (/opt/ros/humble/share/ament_cmake_copyright/cmake)
[0.918s] -- Found ament_cmake_cppcheck: 0.12.14 (/opt/ros/humble/share/ament_cmake_cppcheck/cmake)
[0.921s] -- Found ament_cmake_cpplint: 0.12.14 (/opt/ros/humble/share/ament_cmake_cpplint/cmake)
[0.925s] -- Found ament_cmake_lint_cmake: 0.12.14 (/opt/ros/humble/share/ament_cmake_lint_cmake/cmake)
[0.929s] -- Found ament_cmake_uncrustify: 0.12.14 (/opt/ros/humble/share/ament_cmake_uncrustify/cmake)
[0.932s] -- Found ament_cmake_xmllint: 0.12.14 (/opt/ros/humble/share/ament_cmake_xmllint/cmake)
[0.941s] -- Found ament_cmake_gtest: 1.3.12 (/opt/ros/humble/share/ament_cmake_gtest/cmake)
[0.946s] -- Found gtest sources under '/opt/ros/humble/src/gtest_vendor': C++ tests using 'Google Test' will be built
[0.948s] -- Looking for pthread.h
[1.029s] -- Looking for pthread.h - found
[1.029s] -- Performing Test CMAKE_HAVE_LIBC_PTHREAD
[1.120s] -- Performing Test CMAKE_HAVE_LIBC_PTHREAD - Success
[1.121s] -- Found Threads: TRUE  
[1.128s] -- Performance tests are disabled by default, so Google Benchmark tests will be skipped. To enable these tests, set the CMake variable 'AMENT_RUN_PERFORMANCE_TESTS'.
[1.188s] -- Configuring done
[1.203s] -- Generating done
[1.208s] -- Build files have been written to: /home/jim/ros2_ws/build/tf2
[1.214s] Invoked command in '/home/jim/ros2_ws/build/tf2' returned '0': CMAKE_PREFIX_PATH=${CMAKE_PREFIX_PATH}:/home/jim/ws_moveit2/install/moveit_configs_utils:/home/jim/ws_moveit2/install/launch_param_builder:/opt/ros/humble /usr/bin/cmake /home/jim/ros2_ws/src/geometry2/tf2 -DCMAKE_INSTALL_PREFIX=/home/jim/ros2_ws/install/tf2
[1.215s] Invoking command in '/home/jim/ros2_ws/build/tf2': CMAKE_PREFIX_PATH=${CMAKE_PREFIX_PATH}:/home/jim/ws_moveit2/install/moveit_configs_utils:/home/jim/ws_moveit2/install/launch_param_builder:/opt/ros/humble /usr/bin/cmake --build /home/jim/ros2_ws/build/tf2 -- -j16 -l16
[1.277s] [  9%] [32mBuilding CXX object CMakeFiles/tf2.dir/src/time.cpp.o[0m
[1.277s] [  9%] [32mBuilding CXX object CMakeFiles/tf2.dir/src/static_cache.cpp.o[0m
[1.278s] [ 14%] [32mBuilding CXX object gtest/CMakeFiles/gtest_main.dir/src/gtest_main.cc.o[0m
[1.280s] [ 19%] [32mBuilding CXX object CMakeFiles/tf2.dir/src/buffer_core.cpp.o[0m
[1.281s] [ 23%] [32mBuilding CXX object CMakeFiles/tf2.dir/src/cache.cpp.o[0m
[1.282s] [ 28%] [32mBuilding CXX object gtest/CMakeFiles/gtest.dir/src/gtest-all.cc.o[0m
[1.760s] [ 33%] [32m[1mLinking CXX static library libgtest_main.a[0m
[1.810s] [ 33%] Built target gtest_main
[2.588s] [ 38%] [32m[1mLinking CXX shared library libtf2.so[0m
[2.741s] [ 38%] Built target tf2
[2.773s] [ 42%] [32mBuilding CXX object CMakeFiles/cache_benchmark.dir/test/cache_benchmark.cpp.o[0m
[3.368s] [ 47%] [32m[1mLinking CXX static library libgtest.a[0m
[3.465s] [ 47%] Built target gtest
[3.535s] [ 52%] [32mBuilding CXX object CMakeFiles/test_simple_tf2_core.dir/test/simple_tf2_core.cpp.o[0m
[3.535s] [ 57%] [32mBuilding CXX object CMakeFiles/test_static_cache_unittest.dir/test/static_cache_test.cpp.o[0m
[3.543s] [ 61%] [32mBuilding CXX object CMakeFiles/test_cache_unittest.dir/test/cache_unittest.cpp.o[0m
[3.555s] [ 66%] [32mBuilding CXX object CMakeFiles/test_time.dir/test/test_time.cpp.o[0m
[3.561s] [ 71%] [32mBuilding CXX object CMakeFiles/test_storage.dir/test/test_storage.cpp.o[0m
[3.581s] [ 76%] [32m[1mLinking CXX executable cache_benchmark[0m
[3.749s] [ 76%] Built target cache_benchmark
[4.387s] [ 80%] [32m[1mLinking CXX executable test_static_cache_unittest[0m
[4.395s] [ 85%] [32m[1mLinking CXX executable test_time[0m
[4.478s] [ 90%] [32m[1mLinking CXX executable test_cache_unittest[0m
[4.530s] [ 90%] Built target test_time
[4.542s] [ 90%] Built target test_static_cache_unittest
[4.636s] [ 90%] Built target test_cache_unittest
[4.642s] [ 95%] [32m[1mLinking CXX executable test_storage[0m
[4.764s] [ 95%] Built target test_storage
[4.975s] [100%] [32m[1mLinking CXX executable test_simple_tf2_core[0m
[5.143s] [100%] Built target test_simple_tf2_core
[5.160s] Invoked command in '/home/jim/ros2_ws/build/tf2' returned '0': CMAKE_PREFIX_PATH=${CMAKE_PREFIX_PATH}:/home/jim/ws_moveit2/install/moveit_configs_utils:/home/jim/ws_moveit2/install/launch_param_builder:/opt/ros/humble /usr/bin/cmake --build /home/jim/ros2_ws/build/tf2 -- -j16 -l16
[5.161s] Invoking command in '/home/jim/ros2_ws/build/tf2': CMAKE_PREFIX_PATH=${CMAKE_PREFIX_PATH}:/home/jim/ws_moveit2/install/moveit_configs_utils:/home/jim/ws_moveit2/install/launch_param_builder:/opt/ros/humble /usr/bin/cmake --install /home/jim/ros2_ws/build/tf2
[5.173s] -- Install configuration: ""
[5.173s] -- Installing: /home/jim/ros2_ws/install/tf2/lib/libtf2.so
[5.174s] -- Set runtime path of "/home/jim/ros2_ws/install/tf2/lib/libtf2.so" to ""
[5.175s] -- Installing: /home/jim/ros2_ws/install/tf2/include/tf2
[5.175s] -- Installing: /home/jim/ros2_ws/install/tf2/include/tf2/tf2
[5.175s] -- Installing: /home/jim/ros2_ws/install/tf2/include/tf2/tf2/time_cache.h
[5.175s] -- Installing: /home/jim/ros2_ws/install/tf2/include/tf2/tf2/LinearMath
[5.175s] -- Installing: /home/jim/ros2_ws/install/tf2/include/tf2/tf2/LinearMath/Transform.hpp
[5.175s] -- Installing: /home/jim/ros2_ws/install/tf2/include/tf2/tf2/LinearMath/MinMax.hpp
[5.175s] -- Installing: /home/jim/ros2_ws/install/tf2/include/tf2/tf2/LinearMath/Matrix3x3.h
[5.175s] -- Installing: /home/jim/ros2_ws/install/tf2/include/tf2/tf2/LinearMath/Quaternion.hpp
[5.176s] -- Installing: /home/jim/ros2_ws/install/tf2/include/tf2/tf2/LinearMath/QuadWord.hpp
[5.176s] -- Installing: /home/jim/ros2_ws/install/tf2/include/tf2/tf2/LinearMath/Vector3.hpp
[5.176s] -- Installing: /home/jim/ros2_ws/install/tf2/include/tf2/tf2/LinearMath/Vector3.h
[5.176s] -- Installing: /home/jim/ros2_ws/install/tf2/include/tf2/tf2/LinearMath/Matrix3x3.hpp
[5.176s] -- Installing: /home/jim/ros2_ws/install/tf2/include/tf2/tf2/LinearMath/Scalar.hpp
[5.176s] -- Installing: /home/jim/ros2_ws/install/tf2/include/tf2/tf2/LinearMath/Scalar.h
[5.176s] -- Installing: /home/jim/ros2_ws/install/tf2/include/tf2/tf2/LinearMath/QuadWord.h
[5.176s] -- Installing: /home/jim/ros2_ws/install/tf2/include/tf2/tf2/LinearMath/MinMax.h
[5.176s] -- Installing: /home/jim/ros2_ws/install/tf2/include/tf2/tf2/LinearMath/Quaternion.h
[5.176s] -- Installing: /home/jim/ros2_ws/install/tf2/include/tf2/tf2/LinearMath/Transform.h
[5.177s] -- Installing: /home/jim/ros2_ws/install/tf2/include/tf2/tf2/transform_datatypes.h
[5.177s] -- Installing: /home/jim/ros2_ws/install/tf2/include/tf2/tf2/buffer_core_interface.h
[5.177s] -- Installing: /home/jim/ros2_ws/install/tf2/include/tf2/tf2/buffer_core_interface.hpp
[5.177s] -- Installing: /home/jim/ros2_ws/install/tf2/include/tf2/tf2/exceptions.h
[5.177s] -- Installing: /home/jim/ros2_ws/install/tf2/include/tf2/tf2/time_cache.hpp
[5.177s] -- Installing: /home/jim/ros2_ws/install/tf2/include/tf2/tf2/visibility_control.h
[5.177s] -- Installing: /home/jim/ros2_ws/install/tf2/include/tf2/tf2/exceptions.hpp
[5.177s] -- Installing: /home/jim/ros2_ws/install/tf2/include/tf2/tf2/transform_storage.h
[5.177s] -- Installing: /home/jim/ros2_ws/install/tf2/include/tf2/tf2/convert.h
[5.177s] -- Installing: /home/jim/ros2_ws/install/tf2/include/tf2/tf2/time.h
[5.177s] -- Installing: /home/jim/ros2_ws/install/tf2/include/tf2/tf2/time.hpp
[5.178s] -- Installing: /home/jim/ros2_ws/install/tf2/include/tf2/tf2/utils.hpp
[5.178s] -- Installing: /home/jim/ros2_ws/install/tf2/include/tf2/tf2/impl
[5.178s] -- Installing: /home/jim/ros2_ws/install/tf2/include/tf2/tf2/impl/convert.h
[5.178s] -- Installing: /home/jim/ros2_ws/install/tf2/include/tf2/tf2/impl/utils.hpp
[5.178s] -- Installing: /home/jim/ros2_ws/install/tf2/include/tf2/tf2/impl/utils.h
[5.178s] -- Installing: /home/jim/ros2_ws/install/tf2/include/tf2/tf2/impl/convert.hpp
[5.178s] -- Installing: /home/jim/ros2_ws/install/tf2/include/tf2/tf2/buffer_core.h
[5.178s] -- Installing: /home/jim/ros2_ws/install/tf2/include/tf2/tf2/buffer_core.hpp
[5.178s] -- Installing: /home/jim/ros2_ws/install/tf2/include/tf2/tf2/transform_datatypes.hpp
[5.178s] -- Installing: /home/jim/ros2_ws/install/tf2/include/tf2/tf2/transform_storage.hpp
[5.178s] -- Installing: /home/jim/ros2_ws/install/tf2/include/tf2/tf2/utils.h
[5.178s] -- Installing: /home/jim/ros2_ws/install/tf2/include/tf2/tf2/convert.hpp
[5.179s] -- Installing: /home/jim/ros2_ws/install/tf2/share/tf2/environment/library_path.sh
[5.179s] -- Installing: /home/jim/ros2_ws/install/tf2/share/tf2/environment/library_path.dsv
[5.179s] -- Installing: /home/jim/ros2_ws/install/tf2/share/ament_index/resource_index/package_run_dependencies/tf2
[5.179s] -- Installing: /home/jim/ros2_ws/install/tf2/share/ament_index/resource_index/parent_prefix_path/tf2
[5.179s] -- Installing: /home/jim/ros2_ws/install/tf2/share/tf2/environment/ament_prefix_path.sh
[5.180s] -- Installing: /home/jim/ros2_ws/install/tf2/share/tf2/environment/ament_prefix_path.dsv
[5.180s] -- Installing: /home/jim/ros2_ws/install/tf2/share/tf2/environment/path.sh
[5.180s] -- Installing: /home/jim/ros2_ws/install/tf2/share/tf2/environment/path.dsv
[5.180s] -- Installing: /home/jim/ros2_ws/install/tf2/share/tf2/local_setup.bash
[5.180s] -- Installing: /home/jim/ros2_ws/install/tf2/share/tf2/local_setup.sh
[5.180s] -- Installing: /home/jim/ros2_ws/install/tf2/share/tf2/local_setup.zsh
[5.180s] -- Installing: /home/jim/ros2_ws/install/tf2/share/tf2/local_setup.dsv
[5.180s] -- Installing: /home/jim/ros2_ws/install/tf2/share/tf2/package.dsv
[5.181s] -- Installing: /home/jim/ros2_ws/install/tf2/share/ament_index/resource_index/packages/tf2
[5.181s] -- Installing: /home/jim/ros2_ws/install/tf2/share/tf2/cmake/export_tf2Export.cmake
[5.181s] -- Installing: /home/jim/ros2_ws/install/tf2/share/tf2/cmake/export_tf2Export-noconfig.cmake
[5.181s] -- Installing: /home/jim/ros2_ws/install/tf2/share/tf2/cmake/ament_cmake_export_dependencies-extras.cmake
[5.181s] -- Installing: /home/jim/ros2_ws/install/tf2/share/tf2/cmake/ament_cmake_export_include_directories-extras.cmake
[5.181s] -- Installing: /home/jim/ros2_ws/install/tf2/share/tf2/cmake/ament_cmake_export_libraries-extras.cmake
[5.181s] -- Installing: /home/jim/ros2_ws/install/tf2/share/tf2/cmake/ament_cmake_export_targets-extras.cmake
[5.182s] -- Installing: /home/jim/ros2_ws/install/tf2/share/tf2/cmake/tf2Config.cmake
[5.182s] -- Installing: /home/jim/ros2_ws/install/tf2/share/tf2/cmake/tf2Config-version.cmake
[5.182s] -- Installing: /home/jim/ros2_ws/install/tf2/share/tf2/package.xml
[5.185s] Invoked command in '/home/jim/ros2_ws/build/tf2' returned '0': CMAKE_PREFIX_PATH=${CMAKE_PREFIX_PATH}:/home/jim/ws_moveit2/install/moveit_configs_utils:/home/jim/ws_moveit2/install/launch_param_builder:/opt/ros/humble /usr/bin/cmake --install /home/jim/ros2_ws/build/tf2
