[0.100s] Invoking command in '/home/jim/ros2_ws/build/tf2_geometry_msgs': AMENT_PREFIX_PATH=/home/jim/ros2_ws/install/tf2_ros_py:/home/jim/ros2_ws/install/tf2_ros:/home/jim/ros2_ws/install/tf2_py:/home/jim/ros2_ws/install/tf2_msgs:/home/jim/ros2_ws/install/tf2:${AMENT_PREFIX_PATH} CMAKE_PREFIX_PATH=/home/jim/ros2_ws/install/tf2_ros:/home/jim/ros2_ws/install/tf2_py:/home/jim/ros2_ws/install/tf2_msgs:/home/jim/ros2_ws/install/tf2:/home/jim/ws_moveit2/install/pilz_industrial_motion_planner_testutils:/home/jim/ws_moveit2/install/moveit_runtime:/home/jim/ws_moveit2/install/moveit2_tutorials:/home/jim/ws_moveit2/install/moveit:/home/jim/ws_moveit2/install/moveit_planners:/home/jim/ws_moveit2/install/pilz_industrial_motion_planner:/home/jim/ws_moveit2/install/moveit_visual_tools:/home/jim/ws_moveit2/install/moveit_task_constructor_visualization:/home/jim/ws_moveit2/install/moveit_task_constructor_demo:/home/jim/ws_moveit2/install/moveit_task_constructor_capabilities:/home/jim/ws_moveit2/install/moveit_task_constructor_core:/home/jim/ws_moveit2/install/moveit_ros_control_interface:/home/jim/ws_moveit2/install/moveit_plugins:/home/jim/ws_moveit2/install/moveit_simple_controller_manager:/home/jim/ws_moveit2/install/moveit_setup_assistant:/home/jim/ws_moveit2/install/moveit_setup_srdf_plugins:/home/jim/ws_moveit2/install/moveit_setup_core_plugins:/home/jim/ws_moveit2/install/moveit_setup_controllers:/home/jim/ws_moveit2/install/moveit_setup_app_plugins:/home/jim/ws_moveit2/install/moveit_setup_framework:/home/jim/ws_moveit2/install/moveit_servo:/home/jim/ws_moveit2/install/moveit_ros:/home/jim/ws_moveit2/install/moveit_ros_visualization:/home/jim/ws_moveit2/install/moveit_hybrid_planning:/home/jim/ws_moveit2/install/moveit_ros_planning_interface:/home/jim/ws_moveit2/install/moveit_ros_benchmarks:/home/jim/ws_moveit2/install/moveit_ros_warehouse:/home/jim/ws_moveit2/install/moveit_ros_robot_interaction:/home/jim/ws_moveit2/install/moveit_ros_perception:/home/jim/ws_moveit2/install/moveit_resources_prbt_pg70_support:/home/jim/ws_moveit2/install/moveit_resources_prbt_moveit_config:/home/jim/ws_moveit2/install/moveit_ros_move_group:/home/jim/ws_moveit2/install/moveit_planners_ompl:/home/jim/ws_moveit2/install/moveit_ros_planning:/home/jim/ws_moveit2/install/moveit_ros_occupancy_map_monitor:/home/jim/ws_moveit2/install/moveit_resources_prbt_ikfast_manipulator_plugin:/home/jim/ws_moveit2/install/moveit_planners_chomp:/home/jim/ws_moveit2/install/moveit_kinematics:/home/jim/ws_moveit2/install/moveit_chomp_optimizer_adapter:/home/jim/ws_moveit2/install/chomp_motion_planner:/home/jim/ws_moveit2/install/moveit_core:/home/jim/ws_moveit2/install/srdfdom:/home/jim/ws_moveit2/install/rviz_marker_tools:/home/jim/ws_moveit2/install/rosparam_shortcuts:/home/jim/ws_moveit2/install/moveit_task_constructor_msgs:/home/jim/ws_moveit2/install/moveit_resources_prbt_support:/home/jim/ws_moveit2/install/moveit_resources:/home/jim/ws_moveit2/install/moveit_resources_pr2_description:/home/jim/ws_moveit2/install/moveit_resources_panda_moveit_config:/home/jim/ws_moveit2/install/moveit_resources_panda_description:/home/jim/ws_moveit2/install/moveit_resources_fanuc_moveit_config:/home/jim/ws_moveit2/install/moveit_resources_fanuc_description:/home/jim/ws_moveit2/install/moveit_common:/home/jim/ws_moveit2/install/moveit_configs_utils:/home/jim/ws_moveit2/install/launch_param_builder:/opt/ros/humble LD_LIBRARY_PATH=/home/jim/ros2_ws/install/tf2_ros/lib:/home/jim/ros2_ws/install/tf2_msgs/lib:/home/jim/ros2_ws/install/tf2/lib:${LD_LIBRARY_PATH} PYTHONPATH=/home/jim/ros2_ws/install/tf2_ros_py/lib/python3.10/site-packages:/home/jim/ros2_ws/install/tf2_py/local/lib/python3.10/dist-packages:/home/jim/ros2_ws/install/tf2_msgs/local/lib/python3.10/dist-packages:${PYTHONPATH} /usr/bin/cmake /home/jim/ros2_ws/src/geometry2/tf2_geometry_msgs -DCMAKE_INSTALL_PREFIX=/home/jim/ros2_ws/install/tf2_geometry_msgs
[0.203s] -- The C compiler identification is GNU 11.4.0
[0.322s] -- The CXX compiler identification is GNU 11.4.0
[0.360s] -- Detecting C compiler ABI info
[0.597s] -- Detecting C compiler ABI info - done
[0.621s] -- Check for working C compiler: /usr/bin/cc - skipped
[0.627s] -- Detecting C compile features
[0.627s] -- Detecting C compile features - done
[0.639s] -- Detecting CXX compiler ABI info
[0.942s] -- Detecting CXX compiler ABI info - done
[0.981s] -- Check for working CXX compiler: /usr/bin/c++ - skipped
[0.981s] -- Detecting CXX compile features
[0.983s] -- Detecting CXX compile features - done
[1.897s] -- Found Python3: /usr/bin/python3 (found version "3.10.12") found components: Interpreter Development Development.Module Development.Embed 
[1.915s] -- Found geometry_msgs: 4.9.0 (/opt/ros/humble/share/geometry_msgs/cmake)
[2.736s] -- Found rosidl_generator_c: 3.1.7 (/opt/ros/humble/share/rosidl_generator_c/cmake)
[2.759s] -- Found rosidl_adapter: 3.1.7 (/opt/ros/humble/share/rosidl_adapter/cmake)
[2.811s] -- Found rosidl_generator_cpp: 3.1.7 (/opt/ros/humble/share/rosidl_generator_cpp/cmake)
[2.849s] -- Using all available rosidl_typesupport_c: rosidl_typesupport_fastrtps_c;rosidl_typesupport_introspection_c
[2.915s] -- Using all available rosidl_typesupport_cpp: rosidl_typesupport_fastrtps_cpp;rosidl_typesupport_introspection_cpp
[2.990s] -- Found orocos_kdl_vendor: 0.2.5 (/opt/ros/humble/share/orocos_kdl_vendor/cmake)
[3.024s] -- Found eigen3_cmake_module: 0.1.1 (/opt/ros/humble/share/eigen3_cmake_module/cmake)
[3.026s] -- Found Eigen3: TRUE (found version "3.4.0") 
[3.026s] -- Ensuring Eigen3 include directory is part of orocos-kdl CMake target
[3.030s] -- Found tf2: 0.25.17 (/home/jim/ros2_ws/install/tf2/share/tf2/cmake)
[3.052s] -- Found tf2_ros: 0.25.17 (/home/jim/ros2_ws/install/tf2_ros/share/tf2_ros/cmake)
[3.258s] -- Found rmw_implementation_cmake: 6.1.2 (/opt/ros/humble/share/rmw_implementation_cmake/cmake)
[3.272s] -- Found rmw_fastrtps_cpp: 6.2.9 (/opt/ros/humble/share/rmw_fastrtps_cpp/cmake)
[3.536s] -- Found OpenSSL: /usr/lib/x86_64-linux-gnu/libcrypto.so (found version "3.0.2")  
[3.614s] -- Found FastRTPS: /opt/ros/humble/include  
[3.710s] -- Using RMW implementation 'rmw_fastrtps_cpp' as default
[3.745s] -- Looking for pthread.h
[3.936s] -- Looking for pthread.h - found
[3.936s] -- Performing Test CMAKE_HAVE_LIBC_PTHREAD
[4.185s] -- Performing Test CMAKE_HAVE_LIBC_PTHREAD - Success
[4.188s] -- Found Threads: TRUE  
[5.026s] -- Found ament_lint_auto: 0.12.14 (/opt/ros/humble/share/ament_lint_auto/cmake)
[7.998s] -- Found gtest sources under '/opt/ros/humble/src/gtest_vendor': C++ tests using 'Google Test' will be built
[8.012s] -- Added test 'copyright' to check source files copyright and LICENSE
[8.020s] -- Added test 'cpplint' to check C / C++ code against the Google style
[8.020s] -- Configured cpplint exclude dirs and/or files: 
[8.020s] -- Added test 'flake8' to check Python code syntax and style conventions
[8.021s] -- Added test 'lint_cmake' to check CMake code style
[8.023s] -- Added test 'pep257' to check Python code against some of the docstring style conventions in PEP 257
[8.029s] -- Added test 'uncrustify' to check C / C++ code style
[8.029s] -- Configured uncrustify additional arguments: 
[8.029s] -- Added test 'xmllint' to check XML markup files
[8.037s] -- Configuring done
[8.065s] -- Generating done
[8.075s] -- Build files have been written to: /home/jim/ros2_ws/build/tf2_geometry_msgs
[8.138s] Invoked command in '/home/jim/ros2_ws/build/tf2_geometry_msgs' returned '0': AMENT_PREFIX_PATH=/home/jim/ros2_ws/install/tf2_ros_py:/home/jim/ros2_ws/install/tf2_ros:/home/jim/ros2_ws/install/tf2_py:/home/jim/ros2_ws/install/tf2_msgs:/home/jim/ros2_ws/install/tf2:${AMENT_PREFIX_PATH} CMAKE_PREFIX_PATH=/home/jim/ros2_ws/install/tf2_ros:/home/jim/ros2_ws/install/tf2_py:/home/jim/ros2_ws/install/tf2_msgs:/home/jim/ros2_ws/install/tf2:/home/jim/ws_moveit2/install/pilz_industrial_motion_planner_testutils:/home/jim/ws_moveit2/install/moveit_runtime:/home/jim/ws_moveit2/install/moveit2_tutorials:/home/jim/ws_moveit2/install/moveit:/home/jim/ws_moveit2/install/moveit_planners:/home/jim/ws_moveit2/install/pilz_industrial_motion_planner:/home/jim/ws_moveit2/install/moveit_visual_tools:/home/jim/ws_moveit2/install/moveit_task_constructor_visualization:/home/jim/ws_moveit2/install/moveit_task_constructor_demo:/home/jim/ws_moveit2/install/moveit_task_constructor_capabilities:/home/jim/ws_moveit2/install/moveit_task_constructor_core:/home/jim/ws_moveit2/install/moveit_ros_control_interface:/home/jim/ws_moveit2/install/moveit_plugins:/home/jim/ws_moveit2/install/moveit_simple_controller_manager:/home/jim/ws_moveit2/install/moveit_setup_assistant:/home/jim/ws_moveit2/install/moveit_setup_srdf_plugins:/home/jim/ws_moveit2/install/moveit_setup_core_plugins:/home/jim/ws_moveit2/install/moveit_setup_controllers:/home/jim/ws_moveit2/install/moveit_setup_app_plugins:/home/jim/ws_moveit2/install/moveit_setup_framework:/home/jim/ws_moveit2/install/moveit_servo:/home/jim/ws_moveit2/install/moveit_ros:/home/jim/ws_moveit2/install/moveit_ros_visualization:/home/jim/ws_moveit2/install/moveit_hybrid_planning:/home/jim/ws_moveit2/install/moveit_ros_planning_interface:/home/jim/ws_moveit2/install/moveit_ros_benchmarks:/home/jim/ws_moveit2/install/moveit_ros_warehouse:/home/jim/ws_moveit2/install/moveit_ros_robot_interaction:/home/jim/ws_moveit2/install/moveit_ros_perception:/home/jim/ws_moveit2/install/moveit_resources_prbt_pg70_support:/home/jim/ws_moveit2/install/moveit_resources_prbt_moveit_config:/home/jim/ws_moveit2/install/moveit_ros_move_group:/home/jim/ws_moveit2/install/moveit_planners_ompl:/home/jim/ws_moveit2/install/moveit_ros_planning:/home/jim/ws_moveit2/install/moveit_ros_occupancy_map_monitor:/home/jim/ws_moveit2/install/moveit_resources_prbt_ikfast_manipulator_plugin:/home/jim/ws_moveit2/install/moveit_planners_chomp:/home/jim/ws_moveit2/install/moveit_kinematics:/home/jim/ws_moveit2/install/moveit_chomp_optimizer_adapter:/home/jim/ws_moveit2/install/chomp_motion_planner:/home/jim/ws_moveit2/install/moveit_core:/home/jim/ws_moveit2/install/srdfdom:/home/jim/ws_moveit2/install/rviz_marker_tools:/home/jim/ws_moveit2/install/rosparam_shortcuts:/home/jim/ws_moveit2/install/moveit_task_constructor_msgs:/home/jim/ws_moveit2/install/moveit_resources_prbt_support:/home/jim/ws_moveit2/install/moveit_resources:/home/jim/ws_moveit2/install/moveit_resources_pr2_description:/home/jim/ws_moveit2/install/moveit_resources_panda_moveit_config:/home/jim/ws_moveit2/install/moveit_resources_panda_description:/home/jim/ws_moveit2/install/moveit_resources_fanuc_moveit_config:/home/jim/ws_moveit2/install/moveit_resources_fanuc_description:/home/jim/ws_moveit2/install/moveit_common:/home/jim/ws_moveit2/install/moveit_configs_utils:/home/jim/ws_moveit2/install/launch_param_builder:/opt/ros/humble LD_LIBRARY_PATH=/home/jim/ros2_ws/install/tf2_ros/lib:/home/jim/ros2_ws/install/tf2_msgs/lib:/home/jim/ros2_ws/install/tf2/lib:${LD_LIBRARY_PATH} PYTHONPATH=/home/jim/ros2_ws/install/tf2_ros_py/lib/python3.10/site-packages:/home/jim/ros2_ws/install/tf2_py/local/lib/python3.10/dist-packages:/home/jim/ros2_ws/install/tf2_msgs/local/lib/python3.10/dist-packages:${PYTHONPATH} /usr/bin/cmake /home/jim/ros2_ws/src/geometry2/tf2_geometry_msgs -DCMAKE_INSTALL_PREFIX=/home/jim/ros2_ws/install/tf2_geometry_msgs
[8.139s] Invoking command in '/home/jim/ros2_ws/build/tf2_geometry_msgs': AMENT_PREFIX_PATH=/home/jim/ros2_ws/install/tf2_ros_py:/home/jim/ros2_ws/install/tf2_ros:/home/jim/ros2_ws/install/tf2_py:/home/jim/ros2_ws/install/tf2_msgs:/home/jim/ros2_ws/install/tf2:${AMENT_PREFIX_PATH} CMAKE_PREFIX_PATH=/home/jim/ros2_ws/install/tf2_ros:/home/jim/ros2_ws/install/tf2_py:/home/jim/ros2_ws/install/tf2_msgs:/home/jim/ros2_ws/install/tf2:/home/jim/ws_moveit2/install/pilz_industrial_motion_planner_testutils:/home/jim/ws_moveit2/install/moveit_runtime:/home/jim/ws_moveit2/install/moveit2_tutorials:/home/jim/ws_moveit2/install/moveit:/home/jim/ws_moveit2/install/moveit_planners:/home/jim/ws_moveit2/install/pilz_industrial_motion_planner:/home/jim/ws_moveit2/install/moveit_visual_tools:/home/jim/ws_moveit2/install/moveit_task_constructor_visualization:/home/jim/ws_moveit2/install/moveit_task_constructor_demo:/home/jim/ws_moveit2/install/moveit_task_constructor_capabilities:/home/jim/ws_moveit2/install/moveit_task_constructor_core:/home/jim/ws_moveit2/install/moveit_ros_control_interface:/home/jim/ws_moveit2/install/moveit_plugins:/home/jim/ws_moveit2/install/moveit_simple_controller_manager:/home/jim/ws_moveit2/install/moveit_setup_assistant:/home/jim/ws_moveit2/install/moveit_setup_srdf_plugins:/home/jim/ws_moveit2/install/moveit_setup_core_plugins:/home/jim/ws_moveit2/install/moveit_setup_controllers:/home/jim/ws_moveit2/install/moveit_setup_app_plugins:/home/jim/ws_moveit2/install/moveit_setup_framework:/home/jim/ws_moveit2/install/moveit_servo:/home/jim/ws_moveit2/install/moveit_ros:/home/jim/ws_moveit2/install/moveit_ros_visualization:/home/jim/ws_moveit2/install/moveit_hybrid_planning:/home/jim/ws_moveit2/install/moveit_ros_planning_interface:/home/jim/ws_moveit2/install/moveit_ros_benchmarks:/home/jim/ws_moveit2/install/moveit_ros_warehouse:/home/jim/ws_moveit2/install/moveit_ros_robot_interaction:/home/jim/ws_moveit2/install/moveit_ros_perception:/home/jim/ws_moveit2/install/moveit_resources_prbt_pg70_support:/home/jim/ws_moveit2/install/moveit_resources_prbt_moveit_config:/home/jim/ws_moveit2/install/moveit_ros_move_group:/home/jim/ws_moveit2/install/moveit_planners_ompl:/home/jim/ws_moveit2/install/moveit_ros_planning:/home/jim/ws_moveit2/install/moveit_ros_occupancy_map_monitor:/home/jim/ws_moveit2/install/moveit_resources_prbt_ikfast_manipulator_plugin:/home/jim/ws_moveit2/install/moveit_planners_chomp:/home/jim/ws_moveit2/install/moveit_kinematics:/home/jim/ws_moveit2/install/moveit_chomp_optimizer_adapter:/home/jim/ws_moveit2/install/chomp_motion_planner:/home/jim/ws_moveit2/install/moveit_core:/home/jim/ws_moveit2/install/srdfdom:/home/jim/ws_moveit2/install/rviz_marker_tools:/home/jim/ws_moveit2/install/rosparam_shortcuts:/home/jim/ws_moveit2/install/moveit_task_constructor_msgs:/home/jim/ws_moveit2/install/moveit_resources_prbt_support:/home/jim/ws_moveit2/install/moveit_resources:/home/jim/ws_moveit2/install/moveit_resources_pr2_description:/home/jim/ws_moveit2/install/moveit_resources_panda_moveit_config:/home/jim/ws_moveit2/install/moveit_resources_panda_description:/home/jim/ws_moveit2/install/moveit_resources_fanuc_moveit_config:/home/jim/ws_moveit2/install/moveit_resources_fanuc_description:/home/jim/ws_moveit2/install/moveit_common:/home/jim/ws_moveit2/install/moveit_configs_utils:/home/jim/ws_moveit2/install/launch_param_builder:/opt/ros/humble LD_LIBRARY_PATH=/home/jim/ros2_ws/install/tf2_ros/lib:/home/jim/ros2_ws/install/tf2_msgs/lib:/home/jim/ros2_ws/install/tf2/lib:${LD_LIBRARY_PATH} PYTHONPATH=/home/jim/ros2_ws/install/tf2_ros_py/lib/python3.10/site-packages:/home/jim/ros2_ws/install/tf2_py/local/lib/python3.10/dist-packages:/home/jim/ros2_ws/install/tf2_msgs/local/lib/python3.10/dist-packages:${PYTHONPATH} /usr/bin/cmake --build /home/jim/ros2_ws/build/tf2_geometry_msgs -- -j16 -l16
[16.919s] [ 16%] [32mBuilding CXX object gtest/CMakeFiles/gtest_main.dir/src/gtest_main.cc.o[0m
[16.923s] [ 33%] [32mBuilding CXX object gtest/CMakeFiles/gtest.dir/src/gtest-all.cc.o[0m
[16.923s] [ 33%] Built target ament_cmake_python_copy_tf2_geometry_msgs
[16.923s] running egg_info
[16.923s] creating tf2_geometry_msgs.egg-info
[16.924s] writing tf2_geometry_msgs.egg-info/PKG-INFO
[16.924s] writing dependency_links to tf2_geometry_msgs.egg-info/dependency_links.txt
[16.924s] writing top-level names to tf2_geometry_msgs.egg-info/top_level.txt
[16.924s] writing manifest file 'tf2_geometry_msgs.egg-info/SOURCES.txt'
[16.924s] reading manifest file 'tf2_geometry_msgs.egg-info/SOURCES.txt'
[16.930s] writing manifest file 'tf2_geometry_msgs.egg-info/SOURCES.txt'
[16.930s] [ 33%] Built target ament_cmake_python_build_tf2_geometry_msgs_egg
[16.930s] [ 50%] [32m[1mLinking CXX static library libgtest_main.a[0m
[16.930s] [ 50%] Built target gtest_main
[16.930s] [ 66%] [32m[1mLinking CXX static library libgtest.a[0m
[16.930s] [ 66%] Built target gtest
[16.930s] [ 83%] [32mBuilding CXX object CMakeFiles/test_tf2_geometry_msgs.dir/test/test_tf2_geometry_msgs.cpp.o[0m
[19.848s] [100%] [32m[1mLinking CXX executable test_tf2_geometry_msgs[0m
[20.146s] [100%] Built target test_tf2_geometry_msgs
[20.163s] Invoked command in '/home/jim/ros2_ws/build/tf2_geometry_msgs' returned '0': AMENT_PREFIX_PATH=/home/jim/ros2_ws/install/tf2_ros_py:/home/jim/ros2_ws/install/tf2_ros:/home/jim/ros2_ws/install/tf2_py:/home/jim/ros2_ws/install/tf2_msgs:/home/jim/ros2_ws/install/tf2:${AMENT_PREFIX_PATH} CMAKE_PREFIX_PATH=/home/jim/ros2_ws/install/tf2_ros:/home/jim/ros2_ws/install/tf2_py:/home/jim/ros2_ws/install/tf2_msgs:/home/jim/ros2_ws/install/tf2:/home/jim/ws_moveit2/install/pilz_industrial_motion_planner_testutils:/home/jim/ws_moveit2/install/moveit_runtime:/home/jim/ws_moveit2/install/moveit2_tutorials:/home/jim/ws_moveit2/install/moveit:/home/jim/ws_moveit2/install/moveit_planners:/home/jim/ws_moveit2/install/pilz_industrial_motion_planner:/home/jim/ws_moveit2/install/moveit_visual_tools:/home/jim/ws_moveit2/install/moveit_task_constructor_visualization:/home/jim/ws_moveit2/install/moveit_task_constructor_demo:/home/jim/ws_moveit2/install/moveit_task_constructor_capabilities:/home/jim/ws_moveit2/install/moveit_task_constructor_core:/home/jim/ws_moveit2/install/moveit_ros_control_interface:/home/jim/ws_moveit2/install/moveit_plugins:/home/jim/ws_moveit2/install/moveit_simple_controller_manager:/home/jim/ws_moveit2/install/moveit_setup_assistant:/home/jim/ws_moveit2/install/moveit_setup_srdf_plugins:/home/jim/ws_moveit2/install/moveit_setup_core_plugins:/home/jim/ws_moveit2/install/moveit_setup_controllers:/home/jim/ws_moveit2/install/moveit_setup_app_plugins:/home/jim/ws_moveit2/install/moveit_setup_framework:/home/jim/ws_moveit2/install/moveit_servo:/home/jim/ws_moveit2/install/moveit_ros:/home/jim/ws_moveit2/install/moveit_ros_visualization:/home/jim/ws_moveit2/install/moveit_hybrid_planning:/home/jim/ws_moveit2/install/moveit_ros_planning_interface:/home/jim/ws_moveit2/install/moveit_ros_benchmarks:/home/jim/ws_moveit2/install/moveit_ros_warehouse:/home/jim/ws_moveit2/install/moveit_ros_robot_interaction:/home/jim/ws_moveit2/install/moveit_ros_perception:/home/jim/ws_moveit2/install/moveit_resources_prbt_pg70_support:/home/jim/ws_moveit2/install/moveit_resources_prbt_moveit_config:/home/jim/ws_moveit2/install/moveit_ros_move_group:/home/jim/ws_moveit2/install/moveit_planners_ompl:/home/jim/ws_moveit2/install/moveit_ros_planning:/home/jim/ws_moveit2/install/moveit_ros_occupancy_map_monitor:/home/jim/ws_moveit2/install/moveit_resources_prbt_ikfast_manipulator_plugin:/home/jim/ws_moveit2/install/moveit_planners_chomp:/home/jim/ws_moveit2/install/moveit_kinematics:/home/jim/ws_moveit2/install/moveit_chomp_optimizer_adapter:/home/jim/ws_moveit2/install/chomp_motion_planner:/home/jim/ws_moveit2/install/moveit_core:/home/jim/ws_moveit2/install/srdfdom:/home/jim/ws_moveit2/install/rviz_marker_tools:/home/jim/ws_moveit2/install/rosparam_shortcuts:/home/jim/ws_moveit2/install/moveit_task_constructor_msgs:/home/jim/ws_moveit2/install/moveit_resources_prbt_support:/home/jim/ws_moveit2/install/moveit_resources:/home/jim/ws_moveit2/install/moveit_resources_pr2_description:/home/jim/ws_moveit2/install/moveit_resources_panda_moveit_config:/home/jim/ws_moveit2/install/moveit_resources_panda_description:/home/jim/ws_moveit2/install/moveit_resources_fanuc_moveit_config:/home/jim/ws_moveit2/install/moveit_resources_fanuc_description:/home/jim/ws_moveit2/install/moveit_common:/home/jim/ws_moveit2/install/moveit_configs_utils:/home/jim/ws_moveit2/install/launch_param_builder:/opt/ros/humble LD_LIBRARY_PATH=/home/jim/ros2_ws/install/tf2_ros/lib:/home/jim/ros2_ws/install/tf2_msgs/lib:/home/jim/ros2_ws/install/tf2/lib:${LD_LIBRARY_PATH} PYTHONPATH=/home/jim/ros2_ws/install/tf2_ros_py/lib/python3.10/site-packages:/home/jim/ros2_ws/install/tf2_py/local/lib/python3.10/dist-packages:/home/jim/ros2_ws/install/tf2_msgs/local/lib/python3.10/dist-packages:${PYTHONPATH} /usr/bin/cmake --build /home/jim/ros2_ws/build/tf2_geometry_msgs -- -j16 -l16
[20.165s] Invoking command in '/home/jim/ros2_ws/build/tf2_geometry_msgs': AMENT_PREFIX_PATH=/home/jim/ros2_ws/install/tf2_ros_py:/home/jim/ros2_ws/install/tf2_ros:/home/jim/ros2_ws/install/tf2_py:/home/jim/ros2_ws/install/tf2_msgs:/home/jim/ros2_ws/install/tf2:${AMENT_PREFIX_PATH} CMAKE_PREFIX_PATH=/home/jim/ros2_ws/install/tf2_ros:/home/jim/ros2_ws/install/tf2_py:/home/jim/ros2_ws/install/tf2_msgs:/home/jim/ros2_ws/install/tf2:/home/jim/ws_moveit2/install/pilz_industrial_motion_planner_testutils:/home/jim/ws_moveit2/install/moveit_runtime:/home/jim/ws_moveit2/install/moveit2_tutorials:/home/jim/ws_moveit2/install/moveit:/home/jim/ws_moveit2/install/moveit_planners:/home/jim/ws_moveit2/install/pilz_industrial_motion_planner:/home/jim/ws_moveit2/install/moveit_visual_tools:/home/jim/ws_moveit2/install/moveit_task_constructor_visualization:/home/jim/ws_moveit2/install/moveit_task_constructor_demo:/home/jim/ws_moveit2/install/moveit_task_constructor_capabilities:/home/jim/ws_moveit2/install/moveit_task_constructor_core:/home/jim/ws_moveit2/install/moveit_ros_control_interface:/home/jim/ws_moveit2/install/moveit_plugins:/home/jim/ws_moveit2/install/moveit_simple_controller_manager:/home/jim/ws_moveit2/install/moveit_setup_assistant:/home/jim/ws_moveit2/install/moveit_setup_srdf_plugins:/home/jim/ws_moveit2/install/moveit_setup_core_plugins:/home/jim/ws_moveit2/install/moveit_setup_controllers:/home/jim/ws_moveit2/install/moveit_setup_app_plugins:/home/jim/ws_moveit2/install/moveit_setup_framework:/home/jim/ws_moveit2/install/moveit_servo:/home/jim/ws_moveit2/install/moveit_ros:/home/jim/ws_moveit2/install/moveit_ros_visualization:/home/jim/ws_moveit2/install/moveit_hybrid_planning:/home/jim/ws_moveit2/install/moveit_ros_planning_interface:/home/jim/ws_moveit2/install/moveit_ros_benchmarks:/home/jim/ws_moveit2/install/moveit_ros_warehouse:/home/jim/ws_moveit2/install/moveit_ros_robot_interaction:/home/jim/ws_moveit2/install/moveit_ros_perception:/home/jim/ws_moveit2/install/moveit_resources_prbt_pg70_support:/home/jim/ws_moveit2/install/moveit_resources_prbt_moveit_config:/home/jim/ws_moveit2/install/moveit_ros_move_group:/home/jim/ws_moveit2/install/moveit_planners_ompl:/home/jim/ws_moveit2/install/moveit_ros_planning:/home/jim/ws_moveit2/install/moveit_ros_occupancy_map_monitor:/home/jim/ws_moveit2/install/moveit_resources_prbt_ikfast_manipulator_plugin:/home/jim/ws_moveit2/install/moveit_planners_chomp:/home/jim/ws_moveit2/install/moveit_kinematics:/home/jim/ws_moveit2/install/moveit_chomp_optimizer_adapter:/home/jim/ws_moveit2/install/chomp_motion_planner:/home/jim/ws_moveit2/install/moveit_core:/home/jim/ws_moveit2/install/srdfdom:/home/jim/ws_moveit2/install/rviz_marker_tools:/home/jim/ws_moveit2/install/rosparam_shortcuts:/home/jim/ws_moveit2/install/moveit_task_constructor_msgs:/home/jim/ws_moveit2/install/moveit_resources_prbt_support:/home/jim/ws_moveit2/install/moveit_resources:/home/jim/ws_moveit2/install/moveit_resources_pr2_description:/home/jim/ws_moveit2/install/moveit_resources_panda_moveit_config:/home/jim/ws_moveit2/install/moveit_resources_panda_description:/home/jim/ws_moveit2/install/moveit_resources_fanuc_moveit_config:/home/jim/ws_moveit2/install/moveit_resources_fanuc_description:/home/jim/ws_moveit2/install/moveit_common:/home/jim/ws_moveit2/install/moveit_configs_utils:/home/jim/ws_moveit2/install/launch_param_builder:/opt/ros/humble LD_LIBRARY_PATH=/home/jim/ros2_ws/install/tf2_ros/lib:/home/jim/ros2_ws/install/tf2_msgs/lib:/home/jim/ros2_ws/install/tf2/lib:${LD_LIBRARY_PATH} PYTHONPATH=/home/jim/ros2_ws/install/tf2_ros_py/lib/python3.10/site-packages:/home/jim/ros2_ws/install/tf2_py/local/lib/python3.10/dist-packages:/home/jim/ros2_ws/install/tf2_msgs/local/lib/python3.10/dist-packages:${PYTHONPATH} /usr/bin/cmake --install /home/jim/ros2_ws/build/tf2_geometry_msgs
[20.177s] -- Install configuration: ""
[20.177s] -- Installing: /home/jim/ros2_ws/install/tf2_geometry_msgs/share/tf2_geometry_msgs/environment/pythonpath.sh
[20.177s] -- Installing: /home/jim/ros2_ws/install/tf2_geometry_msgs/share/tf2_geometry_msgs/environment/pythonpath.dsv
[20.178s] -- Installing: /home/jim/ros2_ws/install/tf2_geometry_msgs/local/lib/python3.10/dist-packages/tf2_geometry_msgs-0.25.17-py3.10.egg-info
[20.178s] -- Installing: /home/jim/ros2_ws/install/tf2_geometry_msgs/local/lib/python3.10/dist-packages/tf2_geometry_msgs-0.25.17-py3.10.egg-info/dependency_links.txt
[20.178s] -- Installing: /home/jim/ros2_ws/install/tf2_geometry_msgs/local/lib/python3.10/dist-packages/tf2_geometry_msgs-0.25.17-py3.10.egg-info/PKG-INFO
[20.178s] -- Installing: /home/jim/ros2_ws/install/tf2_geometry_msgs/local/lib/python3.10/dist-packages/tf2_geometry_msgs-0.25.17-py3.10.egg-info/SOURCES.txt
[20.178s] -- Installing: /home/jim/ros2_ws/install/tf2_geometry_msgs/local/lib/python3.10/dist-packages/tf2_geometry_msgs-0.25.17-py3.10.egg-info/top_level.txt
[20.178s] -- Installing: /home/jim/ros2_ws/install/tf2_geometry_msgs/local/lib/python3.10/dist-packages/tf2_geometry_msgs
[20.178s] -- Installing: /home/jim/ros2_ws/install/tf2_geometry_msgs/local/lib/python3.10/dist-packages/tf2_geometry_msgs/__init__.py
[20.178s] -- Installing: /home/jim/ros2_ws/install/tf2_geometry_msgs/local/lib/python3.10/dist-packages/tf2_geometry_msgs/tf2_geometry_msgs.py
[20.227s] Listing '/home/jim/ros2_ws/install/tf2_geometry_msgs/local/lib/python3.10/dist-packages/tf2_geometry_msgs'...
[20.227s] Compiling '/home/jim/ros2_ws/install/tf2_geometry_msgs/local/lib/python3.10/dist-packages/tf2_geometry_msgs/__init__.py'...
[20.227s] Compiling '/home/jim/ros2_ws/install/tf2_geometry_msgs/local/lib/python3.10/dist-packages/tf2_geometry_msgs/tf2_geometry_msgs.py'...
[20.233s] -- Installing: /home/jim/ros2_ws/install/tf2_geometry_msgs/include/tf2_geometry_msgs
[20.233s] -- Installing: /home/jim/ros2_ws/install/tf2_geometry_msgs/include/tf2_geometry_msgs/tf2_geometry_msgs
[20.233s] -- Installing: /home/jim/ros2_ws/install/tf2_geometry_msgs/include/tf2_geometry_msgs/tf2_geometry_msgs/tf2_geometry_msgs.hpp
[20.233s] -- Installing: /home/jim/ros2_ws/install/tf2_geometry_msgs/include/tf2_geometry_msgs/tf2_geometry_msgs/tf2_geometry_msgs.h
[20.234s] -- Installing: /home/jim/ros2_ws/install/tf2_geometry_msgs/share/ament_index/resource_index/package_run_dependencies/tf2_geometry_msgs
[20.234s] -- Installing: /home/jim/ros2_ws/install/tf2_geometry_msgs/share/ament_index/resource_index/parent_prefix_path/tf2_geometry_msgs
[20.235s] -- Installing: /home/jim/ros2_ws/install/tf2_geometry_msgs/share/tf2_geometry_msgs/environment/ament_prefix_path.sh
[20.235s] -- Installing: /home/jim/ros2_ws/install/tf2_geometry_msgs/share/tf2_geometry_msgs/environment/ament_prefix_path.dsv
[20.235s] -- Installing: /home/jim/ros2_ws/install/tf2_geometry_msgs/share/tf2_geometry_msgs/environment/path.sh
[20.235s] -- Installing: /home/jim/ros2_ws/install/tf2_geometry_msgs/share/tf2_geometry_msgs/environment/path.dsv
[20.235s] -- Installing: /home/jim/ros2_ws/install/tf2_geometry_msgs/share/tf2_geometry_msgs/local_setup.bash
[20.235s] -- Installing: /home/jim/ros2_ws/install/tf2_geometry_msgs/share/tf2_geometry_msgs/local_setup.sh
[20.235s] -- Installing: /home/jim/ros2_ws/install/tf2_geometry_msgs/share/tf2_geometry_msgs/local_setup.zsh
[20.235s] -- Installing: /home/jim/ros2_ws/install/tf2_geometry_msgs/share/tf2_geometry_msgs/local_setup.dsv
[20.236s] -- Installing: /home/jim/ros2_ws/install/tf2_geometry_msgs/share/tf2_geometry_msgs/package.dsv
[20.236s] -- Installing: /home/jim/ros2_ws/install/tf2_geometry_msgs/share/ament_index/resource_index/packages/tf2_geometry_msgs
[20.236s] -- Installing: /home/jim/ros2_ws/install/tf2_geometry_msgs/share/tf2_geometry_msgs/cmake/export_tf2_geometry_msgsExport.cmake
[20.236s] -- Installing: /home/jim/ros2_ws/install/tf2_geometry_msgs/share/tf2_geometry_msgs/cmake/ament_cmake_export_include_directories-extras.cmake
[20.236s] -- Installing: /home/jim/ros2_ws/install/tf2_geometry_msgs/share/tf2_geometry_msgs/cmake/ament_cmake_export_targets-extras.cmake
[20.236s] -- Installing: /home/jim/ros2_ws/install/tf2_geometry_msgs/share/tf2_geometry_msgs/cmake/ament_cmake_export_dependencies-extras.cmake
[20.236s] -- Installing: /home/jim/ros2_ws/install/tf2_geometry_msgs/share/tf2_geometry_msgs/cmake/tf2_geometry_msgsConfig.cmake
[20.237s] -- Installing: /home/jim/ros2_ws/install/tf2_geometry_msgs/share/tf2_geometry_msgs/cmake/tf2_geometry_msgsConfig-version.cmake
[20.237s] -- Installing: /home/jim/ros2_ws/install/tf2_geometry_msgs/share/tf2_geometry_msgs/package.xml
[20.240s] Invoked command in '/home/jim/ros2_ws/build/tf2_geometry_msgs' returned '0': AMENT_PREFIX_PATH=/home/jim/ros2_ws/install/tf2_ros_py:/home/jim/ros2_ws/install/tf2_ros:/home/jim/ros2_ws/install/tf2_py:/home/jim/ros2_ws/install/tf2_msgs:/home/jim/ros2_ws/install/tf2:${AMENT_PREFIX_PATH} CMAKE_PREFIX_PATH=/home/jim/ros2_ws/install/tf2_ros:/home/jim/ros2_ws/install/tf2_py:/home/jim/ros2_ws/install/tf2_msgs:/home/jim/ros2_ws/install/tf2:/home/jim/ws_moveit2/install/pilz_industrial_motion_planner_testutils:/home/jim/ws_moveit2/install/moveit_runtime:/home/jim/ws_moveit2/install/moveit2_tutorials:/home/jim/ws_moveit2/install/moveit:/home/jim/ws_moveit2/install/moveit_planners:/home/jim/ws_moveit2/install/pilz_industrial_motion_planner:/home/jim/ws_moveit2/install/moveit_visual_tools:/home/jim/ws_moveit2/install/moveit_task_constructor_visualization:/home/jim/ws_moveit2/install/moveit_task_constructor_demo:/home/jim/ws_moveit2/install/moveit_task_constructor_capabilities:/home/jim/ws_moveit2/install/moveit_task_constructor_core:/home/jim/ws_moveit2/install/moveit_ros_control_interface:/home/jim/ws_moveit2/install/moveit_plugins:/home/jim/ws_moveit2/install/moveit_simple_controller_manager:/home/jim/ws_moveit2/install/moveit_setup_assistant:/home/jim/ws_moveit2/install/moveit_setup_srdf_plugins:/home/jim/ws_moveit2/install/moveit_setup_core_plugins:/home/jim/ws_moveit2/install/moveit_setup_controllers:/home/jim/ws_moveit2/install/moveit_setup_app_plugins:/home/jim/ws_moveit2/install/moveit_setup_framework:/home/jim/ws_moveit2/install/moveit_servo:/home/jim/ws_moveit2/install/moveit_ros:/home/jim/ws_moveit2/install/moveit_ros_visualization:/home/jim/ws_moveit2/install/moveit_hybrid_planning:/home/jim/ws_moveit2/install/moveit_ros_planning_interface:/home/jim/ws_moveit2/install/moveit_ros_benchmarks:/home/jim/ws_moveit2/install/moveit_ros_warehouse:/home/jim/ws_moveit2/install/moveit_ros_robot_interaction:/home/jim/ws_moveit2/install/moveit_ros_perception:/home/jim/ws_moveit2/install/moveit_resources_prbt_pg70_support:/home/jim/ws_moveit2/install/moveit_resources_prbt_moveit_config:/home/jim/ws_moveit2/install/moveit_ros_move_group:/home/jim/ws_moveit2/install/moveit_planners_ompl:/home/jim/ws_moveit2/install/moveit_ros_planning:/home/jim/ws_moveit2/install/moveit_ros_occupancy_map_monitor:/home/jim/ws_moveit2/install/moveit_resources_prbt_ikfast_manipulator_plugin:/home/jim/ws_moveit2/install/moveit_planners_chomp:/home/jim/ws_moveit2/install/moveit_kinematics:/home/jim/ws_moveit2/install/moveit_chomp_optimizer_adapter:/home/jim/ws_moveit2/install/chomp_motion_planner:/home/jim/ws_moveit2/install/moveit_core:/home/jim/ws_moveit2/install/srdfdom:/home/jim/ws_moveit2/install/rviz_marker_tools:/home/jim/ws_moveit2/install/rosparam_shortcuts:/home/jim/ws_moveit2/install/moveit_task_constructor_msgs:/home/jim/ws_moveit2/install/moveit_resources_prbt_support:/home/jim/ws_moveit2/install/moveit_resources:/home/jim/ws_moveit2/install/moveit_resources_pr2_description:/home/jim/ws_moveit2/install/moveit_resources_panda_moveit_config:/home/jim/ws_moveit2/install/moveit_resources_panda_description:/home/jim/ws_moveit2/install/moveit_resources_fanuc_moveit_config:/home/jim/ws_moveit2/install/moveit_resources_fanuc_description:/home/jim/ws_moveit2/install/moveit_common:/home/jim/ws_moveit2/install/moveit_configs_utils:/home/jim/ws_moveit2/install/launch_param_builder:/opt/ros/humble LD_LIBRARY_PATH=/home/jim/ros2_ws/install/tf2_ros/lib:/home/jim/ros2_ws/install/tf2_msgs/lib:/home/jim/ros2_ws/install/tf2/lib:${LD_LIBRARY_PATH} PYTHONPATH=/home/jim/ros2_ws/install/tf2_ros_py/lib/python3.10/site-packages:/home/jim/ros2_ws/install/tf2_py/local/lib/python3.10/dist-packages:/home/jim/ros2_ws/install/tf2_msgs/local/lib/python3.10/dist-packages:${PYTHONPATH} /usr/bin/cmake --install /home/jim/ros2_ws/build/tf2_geometry_msgs
