-- The C compiler identification is GNU 11.4.0
-- The CXX compiler identification is GNU 11.4.0
-- Detecting C compiler ABI info
-- Detecting C compiler ABI info - done
-- Check for working C compiler: /usr/bin/cc - skipped
-- Detecting C compile features
-- Detecting C compile features - done
-- Detecting CXX compiler ABI info
-- Detecting CXX compiler ABI info - done
-- Check for working CXX compiler: /usr/bin/c++ - skipped
-- Detecting CXX compile features
-- Detecting CXX compile features - done
-- Found ament_cmake: 1.3.12 (/opt/ros/humble/share/ament_cmake/cmake)
-- Found Python3: /usr/bin/python3 (found version "3.10.12") found components: Interpreter 
-- Found rclcpp: 16.0.15 (/opt/ros/humble/share/rclcpp/cmake)
-- Found rosidl_generator_c: 3.1.7 (/opt/ros/humble/share/rosidl_generator_c/cmake)
-- Found rosidl_adapter: 3.1.7 (/opt/ros/humble/share/rosidl_adapter/cmake)
-- Found rosidl_generator_cpp: 3.1.7 (/opt/ros/humble/share/rosidl_generator_cpp/cmake)
-- Using all available rosidl_typesupport_c: rosidl_typesupport_fastrtps_c;rosidl_typesupport_introspection_c
-- Using all available rosidl_typesupport_cpp: rosidl_typesupport_fastrtps_cpp;rosidl_typesupport_introspection_cpp
-- Found rmw_implementation_cmake: 6.1.2 (/opt/ros/humble/share/rmw_implementation_cmake/cmake)
-- Found rmw_fastrtps_cpp: 6.2.9 (/opt/ros/humble/share/rmw_fastrtps_cpp/cmake)
-- Found OpenSSL: /usr/lib/x86_64-linux-gnu/libcrypto.so (found version "3.0.2")  
-- Found FastRTPS: /opt/ros/humble/include  
-- Using RMW implementation 'rmw_fastrtps_cpp' as default
-- Looking for pthread.h
-- Looking for pthread.h - found
-- Performing Test CMAKE_HAVE_LIBC_PTHREAD
-- Performing Test CMAKE_HAVE_LIBC_PTHREAD - Success
-- Found Threads: TRUE  
-- Found sensor_msgs: 4.9.0 (/opt/ros/humble/share/sensor_msgs/cmake)
-- Found rm_ros_interfaces: 0.0.0 (/home/jim/ros2_ws/install/rm_ros_interfaces/share/rm_ros_interfaces/cmake)
-- Found ament_lint_auto: 0.12.14 (/opt/ros/humble/share/ament_lint_auto/cmake)
-- Added test 'cppcheck' to perform static code analysis on C / C++ code
-- Configured cppcheck include dirs: 
-- Configured cppcheck exclude dirs and/or files: 
-- Added test 'flake8' to check Python code syntax and style conventions
-- Added test 'lint_cmake' to check CMake code style
-- Added test 'pep257' to check Python code against some of the docstring style conventions in PEP 257
-- Added test 'uncrustify' to check C / C++ code style
-- Configured uncrustify additional arguments: 
-- Added test 'xmllint' to check XML markup files
-- Configuring done
-- Generating done
-- Build files have been written to: /home/jim/ros2_ws/build/rm_example
[  7%] [32mBuilding CXX object CMakeFiles/movejp_demo.dir/src/api_MoveJP_demo.cpp.o[0m
[ 14%] [32mBuilding CXX object CMakeFiles/movejp_gen72_demo.dir/src/api_MoveJP_Gen72_demo.cpp.o[0m
[ 21%] [32mBuilding CXX object CMakeFiles/movej_demo.dir/src/api_MoveJ_demo.cpp.o[0m
[ 28%] [32mBuilding CXX object CMakeFiles/movel_demo.dir/src/api_MoveL_demo.cpp.o[0m
[ 35%] [32mBuilding CXX object CMakeFiles/rm_get_state.dir/src/api_Get_Arm_State_demo.cpp.o[0m
[ 42%] [32mBuilding CXX object CMakeFiles/rm_change_work_frame.dir/src/api_ChangeWorkFrame_demo.cpp.o[0m
[ 50%] [32mBuilding CXX object CMakeFiles/movel_gen72_demo.dir/src/api_MoveL_Gen72_demo.cpp.o[0m
[ 57%] [32m[1mLinking CXX executable movel_gen72_demo[0m
[ 64%] [32m[1mLinking CXX executable movej_demo[0m
[ 71%] [32m[1mLinking CXX executable movejp_gen72_demo[0m
[ 71%] Built target movejp_gen72_demo
[ 71%] Built target movej_demo
[ 71%] Built target movel_gen72_demo
[ 78%] [32m[1mLinking CXX executable movejp_demo[0m
[ 85%] [32m[1mLinking CXX executable rm_change_work_frame[0m
[ 85%] Built target movejp_demo
[ 92%] [32m[1mLinking CXX executable rm_get_state[0m
[ 92%] Built target rm_change_work_frame
[100%] [32m[1mLinking CXX executable movel_demo[0m
[100%] Built target rm_get_state
[100%] Built target movel_demo
-- Install configuration: ""
-- Installing: /home/jim/ros2_ws/install/rm_example/share/rm_example/launch
-- Installing: /home/jim/ros2_ws/install/rm_example/share/rm_example/launch/rm_7dof_movej.launch.py
-- Installing: /home/jim/ros2_ws/install/rm_example/share/rm_example/launch/rm_6dof_movej.launch.py
-- Installing: /home/jim/ros2_ws/install/rm_example/lib/rm_example/rm_change_work_frame
-- Set runtime path of "/home/jim/ros2_ws/install/rm_example/lib/rm_example/rm_change_work_frame" to ""
-- Installing: /home/jim/ros2_ws/install/rm_example/lib/rm_example/rm_get_state
-- Set runtime path of "/home/jim/ros2_ws/install/rm_example/lib/rm_example/rm_get_state" to ""
-- Installing: /home/jim/ros2_ws/install/rm_example/lib/rm_example/movej_demo
-- Set runtime path of "/home/jim/ros2_ws/install/rm_example/lib/rm_example/movej_demo" to ""
-- Installing: /home/jim/ros2_ws/install/rm_example/lib/rm_example/movejp_demo
-- Set runtime path of "/home/jim/ros2_ws/install/rm_example/lib/rm_example/movejp_demo" to ""
-- Installing: /home/jim/ros2_ws/install/rm_example/lib/rm_example/movel_demo
-- Set runtime path of "/home/jim/ros2_ws/install/rm_example/lib/rm_example/movel_demo" to ""
-- Installing: /home/jim/ros2_ws/install/rm_example/lib/rm_example/movejp_gen72_demo
-- Set runtime path of "/home/jim/ros2_ws/install/rm_example/lib/rm_example/movejp_gen72_demo" to ""
-- Installing: /home/jim/ros2_ws/install/rm_example/lib/rm_example/movel_gen72_demo
-- Set runtime path of "/home/jim/ros2_ws/install/rm_example/lib/rm_example/movel_gen72_demo" to ""
-- Installing: /home/jim/ros2_ws/install/rm_example/share/ament_index/resource_index/package_run_dependencies/rm_example
-- Installing: /home/jim/ros2_ws/install/rm_example/share/ament_index/resource_index/parent_prefix_path/rm_example
-- Installing: /home/jim/ros2_ws/install/rm_example/share/rm_example/environment/ament_prefix_path.sh
-- Installing: /home/jim/ros2_ws/install/rm_example/share/rm_example/environment/ament_prefix_path.dsv
-- Installing: /home/jim/ros2_ws/install/rm_example/share/rm_example/environment/path.sh
-- Installing: /home/jim/ros2_ws/install/rm_example/share/rm_example/environment/path.dsv
-- Installing: /home/jim/ros2_ws/install/rm_example/share/rm_example/local_setup.bash
-- Installing: /home/jim/ros2_ws/install/rm_example/share/rm_example/local_setup.sh
-- Installing: /home/jim/ros2_ws/install/rm_example/share/rm_example/local_setup.zsh
-- Installing: /home/jim/ros2_ws/install/rm_example/share/rm_example/local_setup.dsv
-- Installing: /home/jim/ros2_ws/install/rm_example/share/rm_example/package.dsv
-- Installing: /home/jim/ros2_ws/install/rm_example/share/ament_index/resource_index/packages/rm_example
-- Installing: /home/jim/ros2_ws/install/rm_example/share/rm_example/cmake/rm_exampleConfig.cmake
-- Installing: /home/jim/ros2_ws/install/rm_example/share/rm_example/cmake/rm_exampleConfig-version.cmake
-- Installing: /home/jim/ros2_ws/install/rm_example/share/rm_example/package.xml
