[0.023s] Invoking command in '/home/jim/ros2_ws/build/rm_example': AMENT_PREFIX_PATH=/home/jim/ros2_ws/install/rm_ros_interfaces:${AMENT_PREFIX_PATH} CMAKE_PREFIX_PATH=/home/jim/ros2_ws/install/rm_ros_interfaces:/home/jim/ws_moveit2/install/pilz_industrial_motion_planner_testutils:/home/jim/ws_moveit2/install/moveit_runtime:/home/jim/ws_moveit2/install/moveit2_tutorials:/home/jim/ws_moveit2/install/moveit:/home/jim/ws_moveit2/install/moveit_planners:/home/jim/ws_moveit2/install/pilz_industrial_motion_planner:/home/jim/ws_moveit2/install/moveit_visual_tools:/home/jim/ws_moveit2/install/moveit_task_constructor_visualization:/home/jim/ws_moveit2/install/moveit_task_constructor_demo:/home/jim/ws_moveit2/install/moveit_task_constructor_capabilities:/home/jim/ws_moveit2/install/moveit_task_constructor_core:/home/jim/ws_moveit2/install/moveit_ros_control_interface:/home/jim/ws_moveit2/install/moveit_plugins:/home/jim/ws_moveit2/install/moveit_simple_controller_manager:/home/jim/ws_moveit2/install/moveit_setup_assistant:/home/jim/ws_moveit2/install/moveit_setup_srdf_plugins:/home/jim/ws_moveit2/install/moveit_setup_core_plugins:/home/jim/ws_moveit2/install/moveit_setup_controllers:/home/jim/ws_moveit2/install/moveit_setup_app_plugins:/home/jim/ws_moveit2/install/moveit_setup_framework:/home/jim/ws_moveit2/install/moveit_servo:/home/jim/ws_moveit2/install/moveit_ros:/home/jim/ws_moveit2/install/moveit_ros_visualization:/home/jim/ws_moveit2/install/moveit_hybrid_planning:/home/jim/ws_moveit2/install/moveit_ros_planning_interface:/home/jim/ws_moveit2/install/moveit_ros_benchmarks:/home/jim/ws_moveit2/install/moveit_ros_warehouse:/home/jim/ws_moveit2/install/moveit_ros_robot_interaction:/home/jim/ws_moveit2/install/moveit_ros_perception:/home/jim/ws_moveit2/install/moveit_resources_prbt_pg70_support:/home/jim/ws_moveit2/install/moveit_resources_prbt_moveit_config:/home/jim/ws_moveit2/install/moveit_ros_move_group:/home/jim/ws_moveit2/install/moveit_planners_ompl:/home/jim/ws_moveit2/install/moveit_ros_planning:/home/jim/ws_moveit2/install/moveit_ros_occupancy_map_monitor:/home/jim/ws_moveit2/install/moveit_resources_prbt_ikfast_manipulator_plugin:/home/jim/ws_moveit2/install/moveit_planners_chomp:/home/jim/ws_moveit2/install/moveit_kinematics:/home/jim/ws_moveit2/install/moveit_chomp_optimizer_adapter:/home/jim/ws_moveit2/install/chomp_motion_planner:/home/jim/ws_moveit2/install/moveit_core:/home/jim/ws_moveit2/install/srdfdom:/home/jim/ws_moveit2/install/rviz_marker_tools:/home/jim/ws_moveit2/install/rosparam_shortcuts:/home/jim/ws_moveit2/install/moveit_task_constructor_msgs:/home/jim/ws_moveit2/install/moveit_resources_prbt_support:/home/jim/ws_moveit2/install/moveit_resources:/home/jim/ws_moveit2/install/moveit_resources_pr2_description:/home/jim/ws_moveit2/install/moveit_resources_panda_moveit_config:/home/jim/ws_moveit2/install/moveit_resources_panda_description:/home/jim/ws_moveit2/install/moveit_resources_fanuc_moveit_config:/home/jim/ws_moveit2/install/moveit_resources_fanuc_description:/home/jim/ws_moveit2/install/moveit_common:/home/jim/ws_moveit2/install/moveit_configs_utils:/home/jim/ws_moveit2/install/launch_param_builder:/opt/ros/humble LD_LIBRARY_PATH=/home/jim/ros2_ws/install/rm_ros_interfaces/lib:${LD_LIBRARY_PATH} PYTHONPATH=/home/jim/ros2_ws/install/rm_ros_interfaces/local/lib/python3.10/dist-packages:${PYTHONPATH} /usr/bin/cmake /home/jim/ros2_ws/src/ros2_rm_robot/rm_example -DCMAKE_INSTALL_PREFIX=/home/jim/ros2_ws/install/rm_example
[0.086s] -- The C compiler identification is GNU 11.4.0
[0.134s] -- The CXX compiler identification is GNU 11.4.0
[0.142s] -- Detecting C compiler ABI info
[0.210s] -- Detecting C compiler ABI info - done
[0.216s] -- Check for working C compiler: /usr/bin/cc - skipped
[0.216s] -- Detecting C compile features
[0.216s] -- Detecting C compile features - done
[0.218s] -- Detecting CXX compiler ABI info
[0.289s] -- Detecting CXX compiler ABI info - done
[0.296s] -- Check for working CXX compiler: /usr/bin/c++ - skipped
[0.296s] -- Detecting CXX compile features
[0.296s] -- Detecting CXX compile features - done
[0.301s] -- Found ament_cmake: 1.3.12 (/opt/ros/humble/share/ament_cmake/cmake)
[0.444s] -- Found Python3: /usr/bin/python3 (found version "3.10.12") found components: Interpreter 
[0.569s] -- Found rclcpp: 16.0.15 (/opt/ros/humble/share/rclcpp/cmake)
[0.633s] -- Found rosidl_generator_c: 3.1.7 (/opt/ros/humble/share/rosidl_generator_c/cmake)
[0.641s] -- Found rosidl_adapter: 3.1.7 (/opt/ros/humble/share/rosidl_adapter/cmake)
[0.653s] -- Found rosidl_generator_cpp: 3.1.7 (/opt/ros/humble/share/rosidl_generator_cpp/cmake)
[0.669s] -- Using all available rosidl_typesupport_c: rosidl_typesupport_fastrtps_c;rosidl_typesupport_introspection_c
[0.690s] -- Using all available rosidl_typesupport_cpp: rosidl_typesupport_fastrtps_cpp;rosidl_typesupport_introspection_cpp
[0.750s] -- Found rmw_implementation_cmake: 6.1.2 (/opt/ros/humble/share/rmw_implementation_cmake/cmake)
[0.756s] -- Found rmw_fastrtps_cpp: 6.2.9 (/opt/ros/humble/share/rmw_fastrtps_cpp/cmake)
[0.882s] -- Found OpenSSL: /usr/lib/x86_64-linux-gnu/libcrypto.so (found version "3.0.2")  
[0.911s] -- Found FastRTPS: /opt/ros/humble/include  
[0.954s] -- Using RMW implementation 'rmw_fastrtps_cpp' as default
[0.968s] -- Looking for pthread.h
[1.052s] -- Looking for pthread.h - found
[1.052s] -- Performing Test CMAKE_HAVE_LIBC_PTHREAD
[1.126s] -- Performing Test CMAKE_HAVE_LIBC_PTHREAD - Success
[1.128s] -- Found Threads: TRUE  
[1.227s] -- Found sensor_msgs: 4.9.0 (/opt/ros/humble/share/sensor_msgs/cmake)
[1.259s] -- Found rm_ros_interfaces: 0.0.0 (/home/jim/ros2_ws/install/rm_ros_interfaces/share/rm_ros_interfaces/cmake)
[1.276s] -- Found ament_lint_auto: 0.12.14 (/opt/ros/humble/share/ament_lint_auto/cmake)
[1.371s] -- Added test 'cppcheck' to perform static code analysis on C / C++ code
[1.371s] -- Configured cppcheck include dirs: 
[1.371s] -- Configured cppcheck exclude dirs and/or files: 
[1.372s] -- Added test 'flake8' to check Python code syntax and style conventions
[1.373s] -- Added test 'lint_cmake' to check CMake code style
[1.374s] -- Added test 'pep257' to check Python code against some of the docstring style conventions in PEP 257
[1.375s] -- Added test 'uncrustify' to check C / C++ code style
[1.375s] -- Configured uncrustify additional arguments: 
[1.376s] -- Added test 'xmllint' to check XML markup files
[1.377s] -- Configuring done
[1.394s] -- Generating done
[1.402s] -- Build files have been written to: /home/jim/ros2_ws/build/rm_example
[1.411s] Invoked command in '/home/jim/ros2_ws/build/rm_example' returned '0': AMENT_PREFIX_PATH=/home/jim/ros2_ws/install/rm_ros_interfaces:${AMENT_PREFIX_PATH} CMAKE_PREFIX_PATH=/home/jim/ros2_ws/install/rm_ros_interfaces:/home/jim/ws_moveit2/install/pilz_industrial_motion_planner_testutils:/home/jim/ws_moveit2/install/moveit_runtime:/home/jim/ws_moveit2/install/moveit2_tutorials:/home/jim/ws_moveit2/install/moveit:/home/jim/ws_moveit2/install/moveit_planners:/home/jim/ws_moveit2/install/pilz_industrial_motion_planner:/home/jim/ws_moveit2/install/moveit_visual_tools:/home/jim/ws_moveit2/install/moveit_task_constructor_visualization:/home/jim/ws_moveit2/install/moveit_task_constructor_demo:/home/jim/ws_moveit2/install/moveit_task_constructor_capabilities:/home/jim/ws_moveit2/install/moveit_task_constructor_core:/home/jim/ws_moveit2/install/moveit_ros_control_interface:/home/jim/ws_moveit2/install/moveit_plugins:/home/jim/ws_moveit2/install/moveit_simple_controller_manager:/home/jim/ws_moveit2/install/moveit_setup_assistant:/home/jim/ws_moveit2/install/moveit_setup_srdf_plugins:/home/jim/ws_moveit2/install/moveit_setup_core_plugins:/home/jim/ws_moveit2/install/moveit_setup_controllers:/home/jim/ws_moveit2/install/moveit_setup_app_plugins:/home/jim/ws_moveit2/install/moveit_setup_framework:/home/jim/ws_moveit2/install/moveit_servo:/home/jim/ws_moveit2/install/moveit_ros:/home/jim/ws_moveit2/install/moveit_ros_visualization:/home/jim/ws_moveit2/install/moveit_hybrid_planning:/home/jim/ws_moveit2/install/moveit_ros_planning_interface:/home/jim/ws_moveit2/install/moveit_ros_benchmarks:/home/jim/ws_moveit2/install/moveit_ros_warehouse:/home/jim/ws_moveit2/install/moveit_ros_robot_interaction:/home/jim/ws_moveit2/install/moveit_ros_perception:/home/jim/ws_moveit2/install/moveit_resources_prbt_pg70_support:/home/jim/ws_moveit2/install/moveit_resources_prbt_moveit_config:/home/jim/ws_moveit2/install/moveit_ros_move_group:/home/jim/ws_moveit2/install/moveit_planners_ompl:/home/jim/ws_moveit2/install/moveit_ros_planning:/home/jim/ws_moveit2/install/moveit_ros_occupancy_map_monitor:/home/jim/ws_moveit2/install/moveit_resources_prbt_ikfast_manipulator_plugin:/home/jim/ws_moveit2/install/moveit_planners_chomp:/home/jim/ws_moveit2/install/moveit_kinematics:/home/jim/ws_moveit2/install/moveit_chomp_optimizer_adapter:/home/jim/ws_moveit2/install/chomp_motion_planner:/home/jim/ws_moveit2/install/moveit_core:/home/jim/ws_moveit2/install/srdfdom:/home/jim/ws_moveit2/install/rviz_marker_tools:/home/jim/ws_moveit2/install/rosparam_shortcuts:/home/jim/ws_moveit2/install/moveit_task_constructor_msgs:/home/jim/ws_moveit2/install/moveit_resources_prbt_support:/home/jim/ws_moveit2/install/moveit_resources:/home/jim/ws_moveit2/install/moveit_resources_pr2_description:/home/jim/ws_moveit2/install/moveit_resources_panda_moveit_config:/home/jim/ws_moveit2/install/moveit_resources_panda_description:/home/jim/ws_moveit2/install/moveit_resources_fanuc_moveit_config:/home/jim/ws_moveit2/install/moveit_resources_fanuc_description:/home/jim/ws_moveit2/install/moveit_common:/home/jim/ws_moveit2/install/moveit_configs_utils:/home/jim/ws_moveit2/install/launch_param_builder:/opt/ros/humble LD_LIBRARY_PATH=/home/jim/ros2_ws/install/rm_ros_interfaces/lib:${LD_LIBRARY_PATH} PYTHONPATH=/home/jim/ros2_ws/install/rm_ros_interfaces/local/lib/python3.10/dist-packages:${PYTHONPATH} /usr/bin/cmake /home/jim/ros2_ws/src/ros2_rm_robot/rm_example -DCMAKE_INSTALL_PREFIX=/home/jim/ros2_ws/install/rm_example
[1.412s] Invoking command in '/home/jim/ros2_ws/build/rm_example': AMENT_PREFIX_PATH=/home/jim/ros2_ws/install/rm_ros_interfaces:${AMENT_PREFIX_PATH} CMAKE_PREFIX_PATH=/home/jim/ros2_ws/install/rm_ros_interfaces:/home/jim/ws_moveit2/install/pilz_industrial_motion_planner_testutils:/home/jim/ws_moveit2/install/moveit_runtime:/home/jim/ws_moveit2/install/moveit2_tutorials:/home/jim/ws_moveit2/install/moveit:/home/jim/ws_moveit2/install/moveit_planners:/home/jim/ws_moveit2/install/pilz_industrial_motion_planner:/home/jim/ws_moveit2/install/moveit_visual_tools:/home/jim/ws_moveit2/install/moveit_task_constructor_visualization:/home/jim/ws_moveit2/install/moveit_task_constructor_demo:/home/jim/ws_moveit2/install/moveit_task_constructor_capabilities:/home/jim/ws_moveit2/install/moveit_task_constructor_core:/home/jim/ws_moveit2/install/moveit_ros_control_interface:/home/jim/ws_moveit2/install/moveit_plugins:/home/jim/ws_moveit2/install/moveit_simple_controller_manager:/home/jim/ws_moveit2/install/moveit_setup_assistant:/home/jim/ws_moveit2/install/moveit_setup_srdf_plugins:/home/jim/ws_moveit2/install/moveit_setup_core_plugins:/home/jim/ws_moveit2/install/moveit_setup_controllers:/home/jim/ws_moveit2/install/moveit_setup_app_plugins:/home/jim/ws_moveit2/install/moveit_setup_framework:/home/jim/ws_moveit2/install/moveit_servo:/home/jim/ws_moveit2/install/moveit_ros:/home/jim/ws_moveit2/install/moveit_ros_visualization:/home/jim/ws_moveit2/install/moveit_hybrid_planning:/home/jim/ws_moveit2/install/moveit_ros_planning_interface:/home/jim/ws_moveit2/install/moveit_ros_benchmarks:/home/jim/ws_moveit2/install/moveit_ros_warehouse:/home/jim/ws_moveit2/install/moveit_ros_robot_interaction:/home/jim/ws_moveit2/install/moveit_ros_perception:/home/jim/ws_moveit2/install/moveit_resources_prbt_pg70_support:/home/jim/ws_moveit2/install/moveit_resources_prbt_moveit_config:/home/jim/ws_moveit2/install/moveit_ros_move_group:/home/jim/ws_moveit2/install/moveit_planners_ompl:/home/jim/ws_moveit2/install/moveit_ros_planning:/home/jim/ws_moveit2/install/moveit_ros_occupancy_map_monitor:/home/jim/ws_moveit2/install/moveit_resources_prbt_ikfast_manipulator_plugin:/home/jim/ws_moveit2/install/moveit_planners_chomp:/home/jim/ws_moveit2/install/moveit_kinematics:/home/jim/ws_moveit2/install/moveit_chomp_optimizer_adapter:/home/jim/ws_moveit2/install/chomp_motion_planner:/home/jim/ws_moveit2/install/moveit_core:/home/jim/ws_moveit2/install/srdfdom:/home/jim/ws_moveit2/install/rviz_marker_tools:/home/jim/ws_moveit2/install/rosparam_shortcuts:/home/jim/ws_moveit2/install/moveit_task_constructor_msgs:/home/jim/ws_moveit2/install/moveit_resources_prbt_support:/home/jim/ws_moveit2/install/moveit_resources:/home/jim/ws_moveit2/install/moveit_resources_pr2_description:/home/jim/ws_moveit2/install/moveit_resources_panda_moveit_config:/home/jim/ws_moveit2/install/moveit_resources_panda_description:/home/jim/ws_moveit2/install/moveit_resources_fanuc_moveit_config:/home/jim/ws_moveit2/install/moveit_resources_fanuc_description:/home/jim/ws_moveit2/install/moveit_common:/home/jim/ws_moveit2/install/moveit_configs_utils:/home/jim/ws_moveit2/install/launch_param_builder:/opt/ros/humble LD_LIBRARY_PATH=/home/jim/ros2_ws/install/rm_ros_interfaces/lib:${LD_LIBRARY_PATH} PYTHONPATH=/home/jim/ros2_ws/install/rm_ros_interfaces/local/lib/python3.10/dist-packages:${PYTHONPATH} /usr/bin/cmake --build /home/jim/ros2_ws/build/rm_example -- -j16 -l16
[1.468s] [  7%] [32mBuilding CXX object CMakeFiles/movejp_demo.dir/src/api_MoveJP_demo.cpp.o[0m
[1.472s] [ 14%] [32mBuilding CXX object CMakeFiles/movejp_gen72_demo.dir/src/api_MoveJP_Gen72_demo.cpp.o[0m
[1.474s] [ 21%] [32mBuilding CXX object CMakeFiles/movej_demo.dir/src/api_MoveJ_demo.cpp.o[0m
[1.475s] [ 28%] [32mBuilding CXX object CMakeFiles/movel_demo.dir/src/api_MoveL_demo.cpp.o[0m
[1.475s] [ 35%] [32mBuilding CXX object CMakeFiles/rm_get_state.dir/src/api_Get_Arm_State_demo.cpp.o[0m
[1.476s] [ 42%] [32mBuilding CXX object CMakeFiles/rm_change_work_frame.dir/src/api_ChangeWorkFrame_demo.cpp.o[0m
[1.476s] [ 50%] [32mBuilding CXX object CMakeFiles/movel_gen72_demo.dir/src/api_MoveL_Gen72_demo.cpp.o[0m
[16.454s] [ 57%] [32m[1mLinking CXX executable movel_gen72_demo[0m
[16.632s] [ 64%] [32m[1mLinking CXX executable movej_demo[0m
[16.682s] [ 71%] [32m[1mLinking CXX executable movejp_gen72_demo[0m
[17.368s] [ 71%] Built target movejp_gen72_demo
[17.501s] [ 71%] Built target movej_demo
[17.525s] [ 71%] Built target movel_gen72_demo
[17.755s] [ 78%] [32m[1mLinking CXX executable movejp_demo[0m
[17.877s] [ 85%] [32m[1mLinking CXX executable rm_change_work_frame[0m
[18.439s] [ 85%] Built target movejp_demo
[18.521s] [ 92%] [32m[1mLinking CXX executable rm_get_state[0m
[18.548s] [ 92%] Built target rm_change_work_frame
[18.555s] [100%] [32m[1mLinking CXX executable movel_demo[0m
[18.999s] [100%] Built target rm_get_state
[19.031s] [100%] Built target movel_demo
[19.047s] Invoked command in '/home/jim/ros2_ws/build/rm_example' returned '0': AMENT_PREFIX_PATH=/home/jim/ros2_ws/install/rm_ros_interfaces:${AMENT_PREFIX_PATH} CMAKE_PREFIX_PATH=/home/jim/ros2_ws/install/rm_ros_interfaces:/home/jim/ws_moveit2/install/pilz_industrial_motion_planner_testutils:/home/jim/ws_moveit2/install/moveit_runtime:/home/jim/ws_moveit2/install/moveit2_tutorials:/home/jim/ws_moveit2/install/moveit:/home/jim/ws_moveit2/install/moveit_planners:/home/jim/ws_moveit2/install/pilz_industrial_motion_planner:/home/jim/ws_moveit2/install/moveit_visual_tools:/home/jim/ws_moveit2/install/moveit_task_constructor_visualization:/home/jim/ws_moveit2/install/moveit_task_constructor_demo:/home/jim/ws_moveit2/install/moveit_task_constructor_capabilities:/home/jim/ws_moveit2/install/moveit_task_constructor_core:/home/jim/ws_moveit2/install/moveit_ros_control_interface:/home/jim/ws_moveit2/install/moveit_plugins:/home/jim/ws_moveit2/install/moveit_simple_controller_manager:/home/jim/ws_moveit2/install/moveit_setup_assistant:/home/jim/ws_moveit2/install/moveit_setup_srdf_plugins:/home/jim/ws_moveit2/install/moveit_setup_core_plugins:/home/jim/ws_moveit2/install/moveit_setup_controllers:/home/jim/ws_moveit2/install/moveit_setup_app_plugins:/home/jim/ws_moveit2/install/moveit_setup_framework:/home/jim/ws_moveit2/install/moveit_servo:/home/jim/ws_moveit2/install/moveit_ros:/home/jim/ws_moveit2/install/moveit_ros_visualization:/home/jim/ws_moveit2/install/moveit_hybrid_planning:/home/jim/ws_moveit2/install/moveit_ros_planning_interface:/home/jim/ws_moveit2/install/moveit_ros_benchmarks:/home/jim/ws_moveit2/install/moveit_ros_warehouse:/home/jim/ws_moveit2/install/moveit_ros_robot_interaction:/home/jim/ws_moveit2/install/moveit_ros_perception:/home/jim/ws_moveit2/install/moveit_resources_prbt_pg70_support:/home/jim/ws_moveit2/install/moveit_resources_prbt_moveit_config:/home/jim/ws_moveit2/install/moveit_ros_move_group:/home/jim/ws_moveit2/install/moveit_planners_ompl:/home/jim/ws_moveit2/install/moveit_ros_planning:/home/jim/ws_moveit2/install/moveit_ros_occupancy_map_monitor:/home/jim/ws_moveit2/install/moveit_resources_prbt_ikfast_manipulator_plugin:/home/jim/ws_moveit2/install/moveit_planners_chomp:/home/jim/ws_moveit2/install/moveit_kinematics:/home/jim/ws_moveit2/install/moveit_chomp_optimizer_adapter:/home/jim/ws_moveit2/install/chomp_motion_planner:/home/jim/ws_moveit2/install/moveit_core:/home/jim/ws_moveit2/install/srdfdom:/home/jim/ws_moveit2/install/rviz_marker_tools:/home/jim/ws_moveit2/install/rosparam_shortcuts:/home/jim/ws_moveit2/install/moveit_task_constructor_msgs:/home/jim/ws_moveit2/install/moveit_resources_prbt_support:/home/jim/ws_moveit2/install/moveit_resources:/home/jim/ws_moveit2/install/moveit_resources_pr2_description:/home/jim/ws_moveit2/install/moveit_resources_panda_moveit_config:/home/jim/ws_moveit2/install/moveit_resources_panda_description:/home/jim/ws_moveit2/install/moveit_resources_fanuc_moveit_config:/home/jim/ws_moveit2/install/moveit_resources_fanuc_description:/home/jim/ws_moveit2/install/moveit_common:/home/jim/ws_moveit2/install/moveit_configs_utils:/home/jim/ws_moveit2/install/launch_param_builder:/opt/ros/humble LD_LIBRARY_PATH=/home/jim/ros2_ws/install/rm_ros_interfaces/lib:${LD_LIBRARY_PATH} PYTHONPATH=/home/jim/ros2_ws/install/rm_ros_interfaces/local/lib/python3.10/dist-packages:${PYTHONPATH} /usr/bin/cmake --build /home/jim/ros2_ws/build/rm_example -- -j16 -l16
[19.049s] Invoking command in '/home/jim/ros2_ws/build/rm_example': AMENT_PREFIX_PATH=/home/jim/ros2_ws/install/rm_ros_interfaces:${AMENT_PREFIX_PATH} CMAKE_PREFIX_PATH=/home/jim/ros2_ws/install/rm_ros_interfaces:/home/jim/ws_moveit2/install/pilz_industrial_motion_planner_testutils:/home/jim/ws_moveit2/install/moveit_runtime:/home/jim/ws_moveit2/install/moveit2_tutorials:/home/jim/ws_moveit2/install/moveit:/home/jim/ws_moveit2/install/moveit_planners:/home/jim/ws_moveit2/install/pilz_industrial_motion_planner:/home/jim/ws_moveit2/install/moveit_visual_tools:/home/jim/ws_moveit2/install/moveit_task_constructor_visualization:/home/jim/ws_moveit2/install/moveit_task_constructor_demo:/home/jim/ws_moveit2/install/moveit_task_constructor_capabilities:/home/jim/ws_moveit2/install/moveit_task_constructor_core:/home/jim/ws_moveit2/install/moveit_ros_control_interface:/home/jim/ws_moveit2/install/moveit_plugins:/home/jim/ws_moveit2/install/moveit_simple_controller_manager:/home/jim/ws_moveit2/install/moveit_setup_assistant:/home/jim/ws_moveit2/install/moveit_setup_srdf_plugins:/home/jim/ws_moveit2/install/moveit_setup_core_plugins:/home/jim/ws_moveit2/install/moveit_setup_controllers:/home/jim/ws_moveit2/install/moveit_setup_app_plugins:/home/jim/ws_moveit2/install/moveit_setup_framework:/home/jim/ws_moveit2/install/moveit_servo:/home/jim/ws_moveit2/install/moveit_ros:/home/jim/ws_moveit2/install/moveit_ros_visualization:/home/jim/ws_moveit2/install/moveit_hybrid_planning:/home/jim/ws_moveit2/install/moveit_ros_planning_interface:/home/jim/ws_moveit2/install/moveit_ros_benchmarks:/home/jim/ws_moveit2/install/moveit_ros_warehouse:/home/jim/ws_moveit2/install/moveit_ros_robot_interaction:/home/jim/ws_moveit2/install/moveit_ros_perception:/home/jim/ws_moveit2/install/moveit_resources_prbt_pg70_support:/home/jim/ws_moveit2/install/moveit_resources_prbt_moveit_config:/home/jim/ws_moveit2/install/moveit_ros_move_group:/home/jim/ws_moveit2/install/moveit_planners_ompl:/home/jim/ws_moveit2/install/moveit_ros_planning:/home/jim/ws_moveit2/install/moveit_ros_occupancy_map_monitor:/home/jim/ws_moveit2/install/moveit_resources_prbt_ikfast_manipulator_plugin:/home/jim/ws_moveit2/install/moveit_planners_chomp:/home/jim/ws_moveit2/install/moveit_kinematics:/home/jim/ws_moveit2/install/moveit_chomp_optimizer_adapter:/home/jim/ws_moveit2/install/chomp_motion_planner:/home/jim/ws_moveit2/install/moveit_core:/home/jim/ws_moveit2/install/srdfdom:/home/jim/ws_moveit2/install/rviz_marker_tools:/home/jim/ws_moveit2/install/rosparam_shortcuts:/home/jim/ws_moveit2/install/moveit_task_constructor_msgs:/home/jim/ws_moveit2/install/moveit_resources_prbt_support:/home/jim/ws_moveit2/install/moveit_resources:/home/jim/ws_moveit2/install/moveit_resources_pr2_description:/home/jim/ws_moveit2/install/moveit_resources_panda_moveit_config:/home/jim/ws_moveit2/install/moveit_resources_panda_description:/home/jim/ws_moveit2/install/moveit_resources_fanuc_moveit_config:/home/jim/ws_moveit2/install/moveit_resources_fanuc_description:/home/jim/ws_moveit2/install/moveit_common:/home/jim/ws_moveit2/install/moveit_configs_utils:/home/jim/ws_moveit2/install/launch_param_builder:/opt/ros/humble LD_LIBRARY_PATH=/home/jim/ros2_ws/install/rm_ros_interfaces/lib:${LD_LIBRARY_PATH} PYTHONPATH=/home/jim/ros2_ws/install/rm_ros_interfaces/local/lib/python3.10/dist-packages:${PYTHONPATH} /usr/bin/cmake --install /home/jim/ros2_ws/build/rm_example
[19.065s] -- Install configuration: ""
[19.065s] -- Installing: /home/jim/ros2_ws/install/rm_example/share/rm_example/launch
[19.066s] -- Installing: /home/jim/ros2_ws/install/rm_example/share/rm_example/launch/rm_7dof_movej.launch.py
[19.066s] -- Installing: /home/jim/ros2_ws/install/rm_example/share/rm_example/launch/rm_6dof_movej.launch.py
[19.066s] -- Installing: /home/jim/ros2_ws/install/rm_example/lib/rm_example/rm_change_work_frame
[19.071s] -- Set runtime path of "/home/jim/ros2_ws/install/rm_example/lib/rm_example/rm_change_work_frame" to ""
[19.071s] -- Installing: /home/jim/ros2_ws/install/rm_example/lib/rm_example/rm_get_state
[19.076s] -- Set runtime path of "/home/jim/ros2_ws/install/rm_example/lib/rm_example/rm_get_state" to ""
[19.077s] -- Installing: /home/jim/ros2_ws/install/rm_example/lib/rm_example/movej_demo
[19.081s] -- Set runtime path of "/home/jim/ros2_ws/install/rm_example/lib/rm_example/movej_demo" to ""
[19.082s] -- Installing: /home/jim/ros2_ws/install/rm_example/lib/rm_example/movejp_demo
[19.086s] -- Set runtime path of "/home/jim/ros2_ws/install/rm_example/lib/rm_example/movejp_demo" to ""
[19.086s] -- Installing: /home/jim/ros2_ws/install/rm_example/lib/rm_example/movel_demo
[19.091s] -- Set runtime path of "/home/jim/ros2_ws/install/rm_example/lib/rm_example/movel_demo" to ""
[19.092s] -- Installing: /home/jim/ros2_ws/install/rm_example/lib/rm_example/movejp_gen72_demo
[19.096s] -- Set runtime path of "/home/jim/ros2_ws/install/rm_example/lib/rm_example/movejp_gen72_demo" to ""
[19.096s] -- Installing: /home/jim/ros2_ws/install/rm_example/lib/rm_example/movel_gen72_demo
[19.101s] -- Set runtime path of "/home/jim/ros2_ws/install/rm_example/lib/rm_example/movel_gen72_demo" to ""
[19.101s] -- Installing: /home/jim/ros2_ws/install/rm_example/share/ament_index/resource_index/package_run_dependencies/rm_example
[19.103s] -- Installing: /home/jim/ros2_ws/install/rm_example/share/ament_index/resource_index/parent_prefix_path/rm_example
[19.103s] -- Installing: /home/jim/ros2_ws/install/rm_example/share/rm_example/environment/ament_prefix_path.sh
[19.103s] -- Installing: /home/jim/ros2_ws/install/rm_example/share/rm_example/environment/ament_prefix_path.dsv
[19.103s] -- Installing: /home/jim/ros2_ws/install/rm_example/share/rm_example/environment/path.sh
[19.103s] -- Installing: /home/jim/ros2_ws/install/rm_example/share/rm_example/environment/path.dsv
[19.104s] -- Installing: /home/jim/ros2_ws/install/rm_example/share/rm_example/local_setup.bash
[19.104s] -- Installing: /home/jim/ros2_ws/install/rm_example/share/rm_example/local_setup.sh
[19.104s] -- Installing: /home/jim/ros2_ws/install/rm_example/share/rm_example/local_setup.zsh
[19.104s] -- Installing: /home/jim/ros2_ws/install/rm_example/share/rm_example/local_setup.dsv
[19.105s] -- Installing: /home/jim/ros2_ws/install/rm_example/share/rm_example/package.dsv
[19.105s] -- Installing: /home/jim/ros2_ws/install/rm_example/share/ament_index/resource_index/packages/rm_example
[19.105s] -- Installing: /home/jim/ros2_ws/install/rm_example/share/rm_example/cmake/rm_exampleConfig.cmake
[19.105s] -- Installing: /home/jim/ros2_ws/install/rm_example/share/rm_example/cmake/rm_exampleConfig-version.cmake
[19.106s] -- Installing: /home/jim/ros2_ws/install/rm_example/share/rm_example/package.xml
[19.109s] Invoked command in '/home/jim/ros2_ws/build/rm_example' returned '0': AMENT_PREFIX_PATH=/home/jim/ros2_ws/install/rm_ros_interfaces:${AMENT_PREFIX_PATH} CMAKE_PREFIX_PATH=/home/jim/ros2_ws/install/rm_ros_interfaces:/home/jim/ws_moveit2/install/pilz_industrial_motion_planner_testutils:/home/jim/ws_moveit2/install/moveit_runtime:/home/jim/ws_moveit2/install/moveit2_tutorials:/home/jim/ws_moveit2/install/moveit:/home/jim/ws_moveit2/install/moveit_planners:/home/jim/ws_moveit2/install/pilz_industrial_motion_planner:/home/jim/ws_moveit2/install/moveit_visual_tools:/home/jim/ws_moveit2/install/moveit_task_constructor_visualization:/home/jim/ws_moveit2/install/moveit_task_constructor_demo:/home/jim/ws_moveit2/install/moveit_task_constructor_capabilities:/home/jim/ws_moveit2/install/moveit_task_constructor_core:/home/jim/ws_moveit2/install/moveit_ros_control_interface:/home/jim/ws_moveit2/install/moveit_plugins:/home/jim/ws_moveit2/install/moveit_simple_controller_manager:/home/jim/ws_moveit2/install/moveit_setup_assistant:/home/jim/ws_moveit2/install/moveit_setup_srdf_plugins:/home/jim/ws_moveit2/install/moveit_setup_core_plugins:/home/jim/ws_moveit2/install/moveit_setup_controllers:/home/jim/ws_moveit2/install/moveit_setup_app_plugins:/home/jim/ws_moveit2/install/moveit_setup_framework:/home/jim/ws_moveit2/install/moveit_servo:/home/jim/ws_moveit2/install/moveit_ros:/home/jim/ws_moveit2/install/moveit_ros_visualization:/home/jim/ws_moveit2/install/moveit_hybrid_planning:/home/jim/ws_moveit2/install/moveit_ros_planning_interface:/home/jim/ws_moveit2/install/moveit_ros_benchmarks:/home/jim/ws_moveit2/install/moveit_ros_warehouse:/home/jim/ws_moveit2/install/moveit_ros_robot_interaction:/home/jim/ws_moveit2/install/moveit_ros_perception:/home/jim/ws_moveit2/install/moveit_resources_prbt_pg70_support:/home/jim/ws_moveit2/install/moveit_resources_prbt_moveit_config:/home/jim/ws_moveit2/install/moveit_ros_move_group:/home/jim/ws_moveit2/install/moveit_planners_ompl:/home/jim/ws_moveit2/install/moveit_ros_planning:/home/jim/ws_moveit2/install/moveit_ros_occupancy_map_monitor:/home/jim/ws_moveit2/install/moveit_resources_prbt_ikfast_manipulator_plugin:/home/jim/ws_moveit2/install/moveit_planners_chomp:/home/jim/ws_moveit2/install/moveit_kinematics:/home/jim/ws_moveit2/install/moveit_chomp_optimizer_adapter:/home/jim/ws_moveit2/install/chomp_motion_planner:/home/jim/ws_moveit2/install/moveit_core:/home/jim/ws_moveit2/install/srdfdom:/home/jim/ws_moveit2/install/rviz_marker_tools:/home/jim/ws_moveit2/install/rosparam_shortcuts:/home/jim/ws_moveit2/install/moveit_task_constructor_msgs:/home/jim/ws_moveit2/install/moveit_resources_prbt_support:/home/jim/ws_moveit2/install/moveit_resources:/home/jim/ws_moveit2/install/moveit_resources_pr2_description:/home/jim/ws_moveit2/install/moveit_resources_panda_moveit_config:/home/jim/ws_moveit2/install/moveit_resources_panda_description:/home/jim/ws_moveit2/install/moveit_resources_fanuc_moveit_config:/home/jim/ws_moveit2/install/moveit_resources_fanuc_description:/home/jim/ws_moveit2/install/moveit_common:/home/jim/ws_moveit2/install/moveit_configs_utils:/home/jim/ws_moveit2/install/launch_param_builder:/opt/ros/humble LD_LIBRARY_PATH=/home/jim/ros2_ws/install/rm_ros_interfaces/lib:${LD_LIBRARY_PATH} PYTHONPATH=/home/jim/ros2_ws/install/rm_ros_interfaces/local/lib/python3.10/dist-packages:${PYTHONPATH} /usr/bin/cmake --install /home/jim/ros2_ws/build/rm_example
