[0.023s] Invoking command in '/home/jim/ros2_ws/build/tf2_ros': AMENT_PREFIX_PATH=/home/jim/ros2_ws/install/tf2_msgs:/home/jim/ros2_ws/install/tf2:${AMENT_PREFIX_PATH} CMAKE_PREFIX_PATH=/home/jim/ros2_ws/install/tf2_msgs:/home/jim/ros2_ws/install/tf2:/home/jim/ws_moveit2/install/pilz_industrial_motion_planner_testutils:/home/jim/ws_moveit2/install/moveit_runtime:/home/jim/ws_moveit2/install/moveit2_tutorials:/home/jim/ws_moveit2/install/moveit:/home/jim/ws_moveit2/install/moveit_planners:/home/jim/ws_moveit2/install/pilz_industrial_motion_planner:/home/jim/ws_moveit2/install/moveit_visual_tools:/home/jim/ws_moveit2/install/moveit_task_constructor_visualization:/home/jim/ws_moveit2/install/moveit_task_constructor_demo:/home/jim/ws_moveit2/install/moveit_task_constructor_capabilities:/home/jim/ws_moveit2/install/moveit_task_constructor_core:/home/jim/ws_moveit2/install/moveit_ros_control_interface:/home/jim/ws_moveit2/install/moveit_plugins:/home/jim/ws_moveit2/install/moveit_simple_controller_manager:/home/jim/ws_moveit2/install/moveit_setup_assistant:/home/jim/ws_moveit2/install/moveit_setup_srdf_plugins:/home/jim/ws_moveit2/install/moveit_setup_core_plugins:/home/jim/ws_moveit2/install/moveit_setup_controllers:/home/jim/ws_moveit2/install/moveit_setup_app_plugins:/home/jim/ws_moveit2/install/moveit_setup_framework:/home/jim/ws_moveit2/install/moveit_servo:/home/jim/ws_moveit2/install/moveit_ros:/home/jim/ws_moveit2/install/moveit_ros_visualization:/home/jim/ws_moveit2/install/moveit_hybrid_planning:/home/jim/ws_moveit2/install/moveit_ros_planning_interface:/home/jim/ws_moveit2/install/moveit_ros_benchmarks:/home/jim/ws_moveit2/install/moveit_ros_warehouse:/home/jim/ws_moveit2/install/moveit_ros_robot_interaction:/home/jim/ws_moveit2/install/moveit_ros_perception:/home/jim/ws_moveit2/install/moveit_resources_prbt_pg70_support:/home/jim/ws_moveit2/install/moveit_resources_prbt_moveit_config:/home/jim/ws_moveit2/install/moveit_ros_move_group:/home/jim/ws_moveit2/install/moveit_planners_ompl:/home/jim/ws_moveit2/install/moveit_ros_planning:/home/jim/ws_moveit2/install/moveit_ros_occupancy_map_monitor:/home/jim/ws_moveit2/install/moveit_resources_prbt_ikfast_manipulator_plugin:/home/jim/ws_moveit2/install/moveit_planners_chomp:/home/jim/ws_moveit2/install/moveit_kinematics:/home/jim/ws_moveit2/install/moveit_chomp_optimizer_adapter:/home/jim/ws_moveit2/install/chomp_motion_planner:/home/jim/ws_moveit2/install/moveit_core:/home/jim/ws_moveit2/install/srdfdom:/home/jim/ws_moveit2/install/rviz_marker_tools:/home/jim/ws_moveit2/install/rosparam_shortcuts:/home/jim/ws_moveit2/install/moveit_task_constructor_msgs:/home/jim/ws_moveit2/install/moveit_resources_prbt_support:/home/jim/ws_moveit2/install/moveit_resources:/home/jim/ws_moveit2/install/moveit_resources_pr2_description:/home/jim/ws_moveit2/install/moveit_resources_panda_moveit_config:/home/jim/ws_moveit2/install/moveit_resources_panda_description:/home/jim/ws_moveit2/install/moveit_resources_fanuc_moveit_config:/home/jim/ws_moveit2/install/moveit_resources_fanuc_description:/home/jim/ws_moveit2/install/moveit_common:/home/jim/ws_moveit2/install/moveit_configs_utils:/home/jim/ws_moveit2/install/launch_param_builder:/opt/ros/humble LD_LIBRARY_PATH=/home/jim/ros2_ws/install/tf2_msgs/lib:/home/jim/ros2_ws/install/tf2/lib:${LD_LIBRARY_PATH} PYTHONPATH=/home/jim/ros2_ws/install/tf2_msgs/local/lib/python3.10/dist-packages:${PYTHONPATH} /usr/bin/cmake /home/jim/ros2_ws/src/geometry2/tf2_ros -DCMAKE_INSTALL_PREFIX=/home/jim/ros2_ws/install/tf2_ros
[0.086s] -- The C compiler identification is GNU 11.4.0
[0.136s] -- The CXX compiler identification is GNU 11.4.0
[0.145s] -- Detecting C compiler ABI info
[0.241s] -- Detecting C compiler ABI info - done
[0.249s] -- Check for working C compiler: /usr/bin/cc - skipped
[0.249s] -- Detecting C compile features
[0.249s] -- Detecting C compile features - done
[0.251s] -- Detecting CXX compiler ABI info
[0.339s] -- Detecting CXX compiler ABI info - done
[0.349s] -- Check for working CXX compiler: /usr/bin/c++ - skipped
[0.349s] -- Detecting CXX compile features
[0.350s] -- Detecting CXX compile features - done
[0.359s] -- Found ament_cmake: 1.3.12 (/opt/ros/humble/share/ament_cmake/cmake)
[0.523s] -- Found Python3: /usr/bin/python3 (found version "3.10.12") found components: Interpreter 
[0.680s] -- Found builtin_interfaces: 1.2.2 (/opt/ros/humble/share/builtin_interfaces/cmake)
[0.777s] -- Found rosidl_generator_c: 3.1.7 (/opt/ros/humble/share/rosidl_generator_c/cmake)
[0.798s] -- Found rosidl_adapter: 3.1.7 (/opt/ros/humble/share/rosidl_adapter/cmake)
[0.822s] -- Found rosidl_generator_cpp: 3.1.7 (/opt/ros/humble/share/rosidl_generator_cpp/cmake)
[0.854s] -- Using all available rosidl_typesupport_c: rosidl_typesupport_fastrtps_c;rosidl_typesupport_introspection_c
[0.899s] -- Using all available rosidl_typesupport_cpp: rosidl_typesupport_fastrtps_cpp;rosidl_typesupport_introspection_cpp
[0.944s] -- Found geometry_msgs: 4.9.0 (/opt/ros/humble/share/geometry_msgs/cmake)
[0.997s] -- Found message_filters: 4.3.11 (/opt/ros/humble/share/message_filters/cmake)
[1.102s] -- Found rmw_implementation_cmake: 6.1.2 (/opt/ros/humble/share/rmw_implementation_cmake/cmake)
[1.109s] -- Found rmw_fastrtps_cpp: 6.2.9 (/opt/ros/humble/share/rmw_fastrtps_cpp/cmake)
[1.293s] -- Found OpenSSL: /usr/lib/x86_64-linux-gnu/libcrypto.so (found version "3.0.2")  
[1.352s] -- Found FastRTPS: /opt/ros/humble/include  
[1.410s] -- Using RMW implementation 'rmw_fastrtps_cpp' as default
[1.444s] -- Looking for pthread.h
[1.536s] -- Looking for pthread.h - found
[1.536s] -- Performing Test CMAKE_HAVE_LIBC_PTHREAD
[1.662s] -- Performing Test CMAKE_HAVE_LIBC_PTHREAD - Success
[1.666s] -- Found Threads: TRUE  
[1.826s] -- Found rclcpp_action: 16.0.15 (/opt/ros/humble/share/rclcpp_action/cmake)
[1.910s] -- Found rclcpp_components: 16.0.15 (/opt/ros/humble/share/rclcpp_components/cmake)
[1.986s] -- Found tf2: 0.25.17 (/home/jim/ros2_ws/install/tf2/share/tf2/cmake)
[1.991s] -- Found tf2_msgs: 0.25.17 (/home/jim/ros2_ws/install/tf2_msgs/share/tf2_msgs/cmake)
[2.010s] -- Found ament_cmake_cppcheck: 0.12.14 (/opt/ros/humble/share/ament_cmake_cppcheck/cmake)
[2.014s] -- Found ament_cmake_cpplint: 0.12.14 (/opt/ros/humble/share/ament_cmake_cpplint/cmake)
[2.019s] -- Found ament_cmake_lint_cmake: 0.12.14 (/opt/ros/humble/share/ament_cmake_lint_cmake/cmake)
[2.023s] -- Found ament_cmake_uncrustify: 0.12.14 (/opt/ros/humble/share/ament_cmake_uncrustify/cmake)
[2.029s] -- Found ament_cmake_gtest: 1.3.12 (/opt/ros/humble/share/ament_cmake_gtest/cmake)
[2.034s] -- Found gtest sources under '/opt/ros/humble/src/gtest_vendor': C++ tests using 'Google Test' will be built
[2.104s] -- Configuring done
[2.191s] -- Generating done
[2.224s] -- Build files have been written to: /home/jim/ros2_ws/build/tf2_ros
[2.241s] Invoked command in '/home/jim/ros2_ws/build/tf2_ros' returned '0': AMENT_PREFIX_PATH=/home/jim/ros2_ws/install/tf2_msgs:/home/jim/ros2_ws/install/tf2:${AMENT_PREFIX_PATH} CMAKE_PREFIX_PATH=/home/jim/ros2_ws/install/tf2_msgs:/home/jim/ros2_ws/install/tf2:/home/jim/ws_moveit2/install/pilz_industrial_motion_planner_testutils:/home/jim/ws_moveit2/install/moveit_runtime:/home/jim/ws_moveit2/install/moveit2_tutorials:/home/jim/ws_moveit2/install/moveit:/home/jim/ws_moveit2/install/moveit_planners:/home/jim/ws_moveit2/install/pilz_industrial_motion_planner:/home/jim/ws_moveit2/install/moveit_visual_tools:/home/jim/ws_moveit2/install/moveit_task_constructor_visualization:/home/jim/ws_moveit2/install/moveit_task_constructor_demo:/home/jim/ws_moveit2/install/moveit_task_constructor_capabilities:/home/jim/ws_moveit2/install/moveit_task_constructor_core:/home/jim/ws_moveit2/install/moveit_ros_control_interface:/home/jim/ws_moveit2/install/moveit_plugins:/home/jim/ws_moveit2/install/moveit_simple_controller_manager:/home/jim/ws_moveit2/install/moveit_setup_assistant:/home/jim/ws_moveit2/install/moveit_setup_srdf_plugins:/home/jim/ws_moveit2/install/moveit_setup_core_plugins:/home/jim/ws_moveit2/install/moveit_setup_controllers:/home/jim/ws_moveit2/install/moveit_setup_app_plugins:/home/jim/ws_moveit2/install/moveit_setup_framework:/home/jim/ws_moveit2/install/moveit_servo:/home/jim/ws_moveit2/install/moveit_ros:/home/jim/ws_moveit2/install/moveit_ros_visualization:/home/jim/ws_moveit2/install/moveit_hybrid_planning:/home/jim/ws_moveit2/install/moveit_ros_planning_interface:/home/jim/ws_moveit2/install/moveit_ros_benchmarks:/home/jim/ws_moveit2/install/moveit_ros_warehouse:/home/jim/ws_moveit2/install/moveit_ros_robot_interaction:/home/jim/ws_moveit2/install/moveit_ros_perception:/home/jim/ws_moveit2/install/moveit_resources_prbt_pg70_support:/home/jim/ws_moveit2/install/moveit_resources_prbt_moveit_config:/home/jim/ws_moveit2/install/moveit_ros_move_group:/home/jim/ws_moveit2/install/moveit_planners_ompl:/home/jim/ws_moveit2/install/moveit_ros_planning:/home/jim/ws_moveit2/install/moveit_ros_occupancy_map_monitor:/home/jim/ws_moveit2/install/moveit_resources_prbt_ikfast_manipulator_plugin:/home/jim/ws_moveit2/install/moveit_planners_chomp:/home/jim/ws_moveit2/install/moveit_kinematics:/home/jim/ws_moveit2/install/moveit_chomp_optimizer_adapter:/home/jim/ws_moveit2/install/chomp_motion_planner:/home/jim/ws_moveit2/install/moveit_core:/home/jim/ws_moveit2/install/srdfdom:/home/jim/ws_moveit2/install/rviz_marker_tools:/home/jim/ws_moveit2/install/rosparam_shortcuts:/home/jim/ws_moveit2/install/moveit_task_constructor_msgs:/home/jim/ws_moveit2/install/moveit_resources_prbt_support:/home/jim/ws_moveit2/install/moveit_resources:/home/jim/ws_moveit2/install/moveit_resources_pr2_description:/home/jim/ws_moveit2/install/moveit_resources_panda_moveit_config:/home/jim/ws_moveit2/install/moveit_resources_panda_description:/home/jim/ws_moveit2/install/moveit_resources_fanuc_moveit_config:/home/jim/ws_moveit2/install/moveit_resources_fanuc_description:/home/jim/ws_moveit2/install/moveit_common:/home/jim/ws_moveit2/install/moveit_configs_utils:/home/jim/ws_moveit2/install/launch_param_builder:/opt/ros/humble LD_LIBRARY_PATH=/home/jim/ros2_ws/install/tf2_msgs/lib:/home/jim/ros2_ws/install/tf2/lib:${LD_LIBRARY_PATH} PYTHONPATH=/home/jim/ros2_ws/install/tf2_msgs/local/lib/python3.10/dist-packages:${PYTHONPATH} /usr/bin/cmake /home/jim/ros2_ws/src/geometry2/tf2_ros -DCMAKE_INSTALL_PREFIX=/home/jim/ros2_ws/install/tf2_ros
[2.242s] Invoking command in '/home/jim/ros2_ws/build/tf2_ros': AMENT_PREFIX_PATH=/home/jim/ros2_ws/install/tf2_msgs:/home/jim/ros2_ws/install/tf2:${AMENT_PREFIX_PATH} CMAKE_PREFIX_PATH=/home/jim/ros2_ws/install/tf2_msgs:/home/jim/ros2_ws/install/tf2:/home/jim/ws_moveit2/install/pilz_industrial_motion_planner_testutils:/home/jim/ws_moveit2/install/moveit_runtime:/home/jim/ws_moveit2/install/moveit2_tutorials:/home/jim/ws_moveit2/install/moveit:/home/jim/ws_moveit2/install/moveit_planners:/home/jim/ws_moveit2/install/pilz_industrial_motion_planner:/home/jim/ws_moveit2/install/moveit_visual_tools:/home/jim/ws_moveit2/install/moveit_task_constructor_visualization:/home/jim/ws_moveit2/install/moveit_task_constructor_demo:/home/jim/ws_moveit2/install/moveit_task_constructor_capabilities:/home/jim/ws_moveit2/install/moveit_task_constructor_core:/home/jim/ws_moveit2/install/moveit_ros_control_interface:/home/jim/ws_moveit2/install/moveit_plugins:/home/jim/ws_moveit2/install/moveit_simple_controller_manager:/home/jim/ws_moveit2/install/moveit_setup_assistant:/home/jim/ws_moveit2/install/moveit_setup_srdf_plugins:/home/jim/ws_moveit2/install/moveit_setup_core_plugins:/home/jim/ws_moveit2/install/moveit_setup_controllers:/home/jim/ws_moveit2/install/moveit_setup_app_plugins:/home/jim/ws_moveit2/install/moveit_setup_framework:/home/jim/ws_moveit2/install/moveit_servo:/home/jim/ws_moveit2/install/moveit_ros:/home/jim/ws_moveit2/install/moveit_ros_visualization:/home/jim/ws_moveit2/install/moveit_hybrid_planning:/home/jim/ws_moveit2/install/moveit_ros_planning_interface:/home/jim/ws_moveit2/install/moveit_ros_benchmarks:/home/jim/ws_moveit2/install/moveit_ros_warehouse:/home/jim/ws_moveit2/install/moveit_ros_robot_interaction:/home/jim/ws_moveit2/install/moveit_ros_perception:/home/jim/ws_moveit2/install/moveit_resources_prbt_pg70_support:/home/jim/ws_moveit2/install/moveit_resources_prbt_moveit_config:/home/jim/ws_moveit2/install/moveit_ros_move_group:/home/jim/ws_moveit2/install/moveit_planners_ompl:/home/jim/ws_moveit2/install/moveit_ros_planning:/home/jim/ws_moveit2/install/moveit_ros_occupancy_map_monitor:/home/jim/ws_moveit2/install/moveit_resources_prbt_ikfast_manipulator_plugin:/home/jim/ws_moveit2/install/moveit_planners_chomp:/home/jim/ws_moveit2/install/moveit_kinematics:/home/jim/ws_moveit2/install/moveit_chomp_optimizer_adapter:/home/jim/ws_moveit2/install/chomp_motion_planner:/home/jim/ws_moveit2/install/moveit_core:/home/jim/ws_moveit2/install/srdfdom:/home/jim/ws_moveit2/install/rviz_marker_tools:/home/jim/ws_moveit2/install/rosparam_shortcuts:/home/jim/ws_moveit2/install/moveit_task_constructor_msgs:/home/jim/ws_moveit2/install/moveit_resources_prbt_support:/home/jim/ws_moveit2/install/moveit_resources:/home/jim/ws_moveit2/install/moveit_resources_pr2_description:/home/jim/ws_moveit2/install/moveit_resources_panda_moveit_config:/home/jim/ws_moveit2/install/moveit_resources_panda_description:/home/jim/ws_moveit2/install/moveit_resources_fanuc_moveit_config:/home/jim/ws_moveit2/install/moveit_resources_fanuc_description:/home/jim/ws_moveit2/install/moveit_common:/home/jim/ws_moveit2/install/moveit_configs_utils:/home/jim/ws_moveit2/install/launch_param_builder:/opt/ros/humble LD_LIBRARY_PATH=/home/jim/ros2_ws/install/tf2_msgs/lib:/home/jim/ros2_ws/install/tf2/lib:${LD_LIBRARY_PATH} PYTHONPATH=/home/jim/ros2_ws/install/tf2_msgs/local/lib/python3.10/dist-packages:${PYTHONPATH} /usr/bin/cmake --build /home/jim/ros2_ws/build/tf2_ros -- -j16 -l16
[2.305s] [  2%] [32mBuilding CXX object gtest/CMakeFiles/gtest_main.dir/src/gtest_main.cc.o[0m
[2.313s] [  4%] [32mBuilding CXX object CMakeFiles/tf2_ros.dir/src/buffer.cpp.o[0m
[2.313s] [  7%] [32mBuilding CXX object CMakeFiles/tf2_ros.dir/src/create_timer_ros.cpp.o[0m
[2.313s] [  9%] [32mBuilding CXX object CMakeFiles/tf2_ros.dir/src/transform_listener.cpp.o[0m
[2.313s] [ 11%] [32mBuilding CXX object gtest/CMakeFiles/gtest.dir/src/gtest-all.cc.o[0m
[2.314s] [ 14%] [32mBuilding CXX object CMakeFiles/tf2_ros.dir/src/buffer_client.cpp.o[0m
[2.315s] [ 16%] [32mBuilding CXX object CMakeFiles/tf2_ros.dir/src/buffer_server.cpp.o[0m
[2.319s] [ 19%] [32mBuilding CXX object CMakeFiles/tf2_ros.dir/src/transform_broadcaster.cpp.o[0m
[2.321s] [ 21%] [32mBuilding CXX object CMakeFiles/tf2_ros.dir/src/static_transform_broadcaster.cpp.o[0m
[3.191s] [ 23%] [32m[1mLinking CXX static library libgtest_main.a[0m
[3.242s] [ 23%] Built target gtest_main
[6.204s] [ 26%] [32m[1mLinking CXX static library libgtest.a[0m
[6.363s] [ 26%] Built target gtest
[13.718s] [ 28%] [32m[1mLinking CXX shared library libtf2_ros.so[0m
[14.515s] [ 28%] Built target tf2_ros
[14.590s] [ 30%] [32mBuilding CXX object CMakeFiles/buffer_server.dir/src/buffer_server_main.cpp.o[0m
[14.594s] [ 35%] [32mBuilding CXX object CMakeFiles/test_buffer.dir/test/test_buffer.cpp.o[0m
[14.594s] [ 38%] [32mBuilding CXX object CMakeFiles/test_buffer_server.dir/test/test_buffer_server.cpp.o[0m
[14.595s] [ 40%] [32mBuilding CXX object CMakeFiles/static_transform_broadcaster_node.dir/src/static_transform_broadcaster_node.cpp.o[0m
[14.595s] [ 42%] [32mBuilding CXX object CMakeFiles/tf2_monitor.dir/src/tf2_monitor.cpp.o[0m
[14.600s] [ 42%] [32mBuilding CXX object CMakeFiles/tf2_echo.dir/src/tf2_echo.cpp.o[0m
[14.611s] [ 45%] [32mBuilding CXX object CMakeFiles/test_buffer_client.dir/test/test_buffer_client.cpp.o[0m
[14.617s] [ 47%] [32mBuilding CXX object CMakeFiles/tf2_ros_test_static_transform_broadcaster.dir/test/test_static_transform_broadcaster.cpp.o[0m
[14.617s] [ 50%] [32mBuilding CXX object CMakeFiles/tf2_ros_test_message_filter.dir/test/message_filter_test.cpp.o[0m
[14.622s] [ 52%] [32mBuilding CXX object CMakeFiles/tf2_ros_test_transform_broadcaster.dir/test/test_transform_broadcaster.cpp.o[0m
[14.622s] [ 54%] [32mBuilding CXX object CMakeFiles/tf2_ros_test_transform_listener.dir/test/test_transform_listener.cpp.o[0m
[14.632s] [ 57%] [32mBuilding CXX object CMakeFiles/tf2_ros_test_time_reset.dir/test/time_reset_test.cpp.o[0m
[14.641s] [ 59%] [32mBuilding CXX object CMakeFiles/tf2_ros_test_velocity.dir/test/velocity_test.cpp.o[0m
[14.652s] [ 61%] [32mBuilding CXX object CMakeFiles/tf2_ros_test_listener.dir/test/listener_unittest.cpp.o[0m
[19.371s] [ 64%] [32m[1mLinking CXX executable tf2_echo[0m
[19.694s] [ 64%] Built target tf2_echo
[20.383s] [ 66%] [32m[1mLinking CXX executable tf2_ros_test_velocity[0m
[20.538s] [ 69%] [32m[1mLinking CXX executable buffer_server[0m
[20.624s] [ 71%] [32m[1mLinking CXX shared library libstatic_transform_broadcaster_node.so[0m
[20.955s] [ 71%] Built target tf2_ros_test_velocity
[21.040s] [ 73%] [32m[1mLinking CXX executable test_buffer[0m
[21.049s] [ 73%] Built target static_transform_broadcaster_node
[21.070s] [ 73%] Built target buffer_server
[21.076s] [ 76%] [32mBuilding CXX object CMakeFiles/static_transform_publisher.dir/src/static_transform_broadcaster_program.cpp.o[0m
[21.194s] [ 78%] [32m[1mLinking CXX executable test_buffer_client[0m
[21.445s] [ 80%] [32m[1mLinking CXX executable tf2_ros_test_transform_broadcaster[0m
[21.485s] [ 80%] Built target test_buffer
[21.787s] [ 80%] Built target tf2_ros_test_transform_broadcaster
[21.857s] [ 80%] Built target test_buffer_client
[21.909s] [ 83%] [32m[1mLinking CXX executable tf2_ros_test_time_reset[0m
[21.966s] [ 85%] [32m[1mLinking CXX executable tf2_ros_test_static_transform_broadcaster[0m
[22.264s] [ 85%] Built target tf2_ros_test_time_reset
[22.312s] [ 85%] Built target tf2_ros_test_static_transform_broadcaster
[22.704s] [ 88%] [32m[1mLinking CXX executable test_buffer_server[0m
[23.268s] [ 88%] Built target test_buffer_server
[24.270s] [ 90%] [32m[1mLinking CXX executable static_transform_publisher[0m
[24.585s] [ 90%] Built target static_transform_publisher
[25.037s] [ 92%] [32m[1mLinking CXX executable tf2_monitor[0m
[25.608s] [ 92%] Built target tf2_monitor
[25.755s] [ 95%] [32m[1mLinking CXX executable tf2_ros_test_message_filter[0m
[26.347s] [ 97%] [32m[1mLinking CXX executable tf2_ros_test_listener[0m
[26.485s] [100%] [32m[1mLinking CXX executable tf2_ros_test_transform_listener[0m
[26.631s] [100%] Built target tf2_ros_test_message_filter
[27.002s] [100%] Built target tf2_ros_test_transform_listener
[27.099s] [100%] Built target tf2_ros_test_listener
[27.112s] Invoked command in '/home/jim/ros2_ws/build/tf2_ros' returned '0': AMENT_PREFIX_PATH=/home/jim/ros2_ws/install/tf2_msgs:/home/jim/ros2_ws/install/tf2:${AMENT_PREFIX_PATH} CMAKE_PREFIX_PATH=/home/jim/ros2_ws/install/tf2_msgs:/home/jim/ros2_ws/install/tf2:/home/jim/ws_moveit2/install/pilz_industrial_motion_planner_testutils:/home/jim/ws_moveit2/install/moveit_runtime:/home/jim/ws_moveit2/install/moveit2_tutorials:/home/jim/ws_moveit2/install/moveit:/home/jim/ws_moveit2/install/moveit_planners:/home/jim/ws_moveit2/install/pilz_industrial_motion_planner:/home/jim/ws_moveit2/install/moveit_visual_tools:/home/jim/ws_moveit2/install/moveit_task_constructor_visualization:/home/jim/ws_moveit2/install/moveit_task_constructor_demo:/home/jim/ws_moveit2/install/moveit_task_constructor_capabilities:/home/jim/ws_moveit2/install/moveit_task_constructor_core:/home/jim/ws_moveit2/install/moveit_ros_control_interface:/home/jim/ws_moveit2/install/moveit_plugins:/home/jim/ws_moveit2/install/moveit_simple_controller_manager:/home/jim/ws_moveit2/install/moveit_setup_assistant:/home/jim/ws_moveit2/install/moveit_setup_srdf_plugins:/home/jim/ws_moveit2/install/moveit_setup_core_plugins:/home/jim/ws_moveit2/install/moveit_setup_controllers:/home/jim/ws_moveit2/install/moveit_setup_app_plugins:/home/jim/ws_moveit2/install/moveit_setup_framework:/home/jim/ws_moveit2/install/moveit_servo:/home/jim/ws_moveit2/install/moveit_ros:/home/jim/ws_moveit2/install/moveit_ros_visualization:/home/jim/ws_moveit2/install/moveit_hybrid_planning:/home/jim/ws_moveit2/install/moveit_ros_planning_interface:/home/jim/ws_moveit2/install/moveit_ros_benchmarks:/home/jim/ws_moveit2/install/moveit_ros_warehouse:/home/jim/ws_moveit2/install/moveit_ros_robot_interaction:/home/jim/ws_moveit2/install/moveit_ros_perception:/home/jim/ws_moveit2/install/moveit_resources_prbt_pg70_support:/home/jim/ws_moveit2/install/moveit_resources_prbt_moveit_config:/home/jim/ws_moveit2/install/moveit_ros_move_group:/home/jim/ws_moveit2/install/moveit_planners_ompl:/home/jim/ws_moveit2/install/moveit_ros_planning:/home/jim/ws_moveit2/install/moveit_ros_occupancy_map_monitor:/home/jim/ws_moveit2/install/moveit_resources_prbt_ikfast_manipulator_plugin:/home/jim/ws_moveit2/install/moveit_planners_chomp:/home/jim/ws_moveit2/install/moveit_kinematics:/home/jim/ws_moveit2/install/moveit_chomp_optimizer_adapter:/home/jim/ws_moveit2/install/chomp_motion_planner:/home/jim/ws_moveit2/install/moveit_core:/home/jim/ws_moveit2/install/srdfdom:/home/jim/ws_moveit2/install/rviz_marker_tools:/home/jim/ws_moveit2/install/rosparam_shortcuts:/home/jim/ws_moveit2/install/moveit_task_constructor_msgs:/home/jim/ws_moveit2/install/moveit_resources_prbt_support:/home/jim/ws_moveit2/install/moveit_resources:/home/jim/ws_moveit2/install/moveit_resources_pr2_description:/home/jim/ws_moveit2/install/moveit_resources_panda_moveit_config:/home/jim/ws_moveit2/install/moveit_resources_panda_description:/home/jim/ws_moveit2/install/moveit_resources_fanuc_moveit_config:/home/jim/ws_moveit2/install/moveit_resources_fanuc_description:/home/jim/ws_moveit2/install/moveit_common:/home/jim/ws_moveit2/install/moveit_configs_utils:/home/jim/ws_moveit2/install/launch_param_builder:/opt/ros/humble LD_LIBRARY_PATH=/home/jim/ros2_ws/install/tf2_msgs/lib:/home/jim/ros2_ws/install/tf2/lib:${LD_LIBRARY_PATH} PYTHONPATH=/home/jim/ros2_ws/install/tf2_msgs/local/lib/python3.10/dist-packages:${PYTHONPATH} /usr/bin/cmake --build /home/jim/ros2_ws/build/tf2_ros -- -j16 -l16
[27.114s] Invoking command in '/home/jim/ros2_ws/build/tf2_ros': AMENT_PREFIX_PATH=/home/jim/ros2_ws/install/tf2_msgs:/home/jim/ros2_ws/install/tf2:${AMENT_PREFIX_PATH} CMAKE_PREFIX_PATH=/home/jim/ros2_ws/install/tf2_msgs:/home/jim/ros2_ws/install/tf2:/home/jim/ws_moveit2/install/pilz_industrial_motion_planner_testutils:/home/jim/ws_moveit2/install/moveit_runtime:/home/jim/ws_moveit2/install/moveit2_tutorials:/home/jim/ws_moveit2/install/moveit:/home/jim/ws_moveit2/install/moveit_planners:/home/jim/ws_moveit2/install/pilz_industrial_motion_planner:/home/jim/ws_moveit2/install/moveit_visual_tools:/home/jim/ws_moveit2/install/moveit_task_constructor_visualization:/home/jim/ws_moveit2/install/moveit_task_constructor_demo:/home/jim/ws_moveit2/install/moveit_task_constructor_capabilities:/home/jim/ws_moveit2/install/moveit_task_constructor_core:/home/jim/ws_moveit2/install/moveit_ros_control_interface:/home/jim/ws_moveit2/install/moveit_plugins:/home/jim/ws_moveit2/install/moveit_simple_controller_manager:/home/jim/ws_moveit2/install/moveit_setup_assistant:/home/jim/ws_moveit2/install/moveit_setup_srdf_plugins:/home/jim/ws_moveit2/install/moveit_setup_core_plugins:/home/jim/ws_moveit2/install/moveit_setup_controllers:/home/jim/ws_moveit2/install/moveit_setup_app_plugins:/home/jim/ws_moveit2/install/moveit_setup_framework:/home/jim/ws_moveit2/install/moveit_servo:/home/jim/ws_moveit2/install/moveit_ros:/home/jim/ws_moveit2/install/moveit_ros_visualization:/home/jim/ws_moveit2/install/moveit_hybrid_planning:/home/jim/ws_moveit2/install/moveit_ros_planning_interface:/home/jim/ws_moveit2/install/moveit_ros_benchmarks:/home/jim/ws_moveit2/install/moveit_ros_warehouse:/home/jim/ws_moveit2/install/moveit_ros_robot_interaction:/home/jim/ws_moveit2/install/moveit_ros_perception:/home/jim/ws_moveit2/install/moveit_resources_prbt_pg70_support:/home/jim/ws_moveit2/install/moveit_resources_prbt_moveit_config:/home/jim/ws_moveit2/install/moveit_ros_move_group:/home/jim/ws_moveit2/install/moveit_planners_ompl:/home/jim/ws_moveit2/install/moveit_ros_planning:/home/jim/ws_moveit2/install/moveit_ros_occupancy_map_monitor:/home/jim/ws_moveit2/install/moveit_resources_prbt_ikfast_manipulator_plugin:/home/jim/ws_moveit2/install/moveit_planners_chomp:/home/jim/ws_moveit2/install/moveit_kinematics:/home/jim/ws_moveit2/install/moveit_chomp_optimizer_adapter:/home/jim/ws_moveit2/install/chomp_motion_planner:/home/jim/ws_moveit2/install/moveit_core:/home/jim/ws_moveit2/install/srdfdom:/home/jim/ws_moveit2/install/rviz_marker_tools:/home/jim/ws_moveit2/install/rosparam_shortcuts:/home/jim/ws_moveit2/install/moveit_task_constructor_msgs:/home/jim/ws_moveit2/install/moveit_resources_prbt_support:/home/jim/ws_moveit2/install/moveit_resources:/home/jim/ws_moveit2/install/moveit_resources_pr2_description:/home/jim/ws_moveit2/install/moveit_resources_panda_moveit_config:/home/jim/ws_moveit2/install/moveit_resources_panda_description:/home/jim/ws_moveit2/install/moveit_resources_fanuc_moveit_config:/home/jim/ws_moveit2/install/moveit_resources_fanuc_description:/home/jim/ws_moveit2/install/moveit_common:/home/jim/ws_moveit2/install/moveit_configs_utils:/home/jim/ws_moveit2/install/launch_param_builder:/opt/ros/humble LD_LIBRARY_PATH=/home/jim/ros2_ws/install/tf2_msgs/lib:/home/jim/ros2_ws/install/tf2/lib:${LD_LIBRARY_PATH} PYTHONPATH=/home/jim/ros2_ws/install/tf2_msgs/local/lib/python3.10/dist-packages:${PYTHONPATH} /usr/bin/cmake --install /home/jim/ros2_ws/build/tf2_ros
[27.127s] -- Install configuration: ""
[27.127s] -- Installing: /home/jim/ros2_ws/install/tf2_ros/lib/libtf2_ros.so
[27.135s] -- Set runtime path of "/home/jim/ros2_ws/install/tf2_ros/lib/libtf2_ros.so" to ""
[27.136s] -- Installing: /home/jim/ros2_ws/install/tf2_ros/lib/libstatic_transform_broadcaster_node.so
[27.137s] -- Set runtime path of "/home/jim/ros2_ws/install/tf2_ros/lib/libstatic_transform_broadcaster_node.so" to ""
[27.137s] -- Installing: /home/jim/ros2_ws/install/tf2_ros/lib/tf2_ros/buffer_server
[27.138s] -- Set runtime path of "/home/jim/ros2_ws/install/tf2_ros/lib/tf2_ros/buffer_server" to ""
[27.138s] -- Installing: /home/jim/ros2_ws/install/tf2_ros/lib/tf2_ros/static_transform_publisher
[27.139s] -- Set runtime path of "/home/jim/ros2_ws/install/tf2_ros/lib/tf2_ros/static_transform_publisher" to ""
[27.139s] -- Installing: /home/jim/ros2_ws/install/tf2_ros/lib/tf2_ros/tf2_echo
[27.140s] -- Set runtime path of "/home/jim/ros2_ws/install/tf2_ros/lib/tf2_ros/tf2_echo" to ""
[27.140s] -- Installing: /home/jim/ros2_ws/install/tf2_ros/lib/tf2_ros/tf2_monitor
[27.146s] -- Set runtime path of "/home/jim/ros2_ws/install/tf2_ros/lib/tf2_ros/tf2_monitor" to ""
[27.146s] -- Installing: /home/jim/ros2_ws/install/tf2_ros/include/tf2_ros
[27.146s] -- Installing: /home/jim/ros2_ws/install/tf2_ros/include/tf2_ros/tf2_ros
[27.146s] -- Installing: /home/jim/ros2_ws/install/tf2_ros/include/tf2_ros/tf2_ros/buffer_server.h
[27.146s] -- Installing: /home/jim/ros2_ws/install/tf2_ros/include/tf2_ros/tf2_ros/buffer_client.h
[27.146s] -- Installing: /home/jim/ros2_ws/install/tf2_ros/include/tf2_ros/tf2_ros/visibility_control.h
[27.146s] -- Installing: /home/jim/ros2_ws/install/tf2_ros/include/tf2_ros/tf2_ros/async_buffer_interface.h
[27.147s] -- Installing: /home/jim/ros2_ws/install/tf2_ros/include/tf2_ros/tf2_ros/static_transform_broadcaster.hpp
[27.147s] -- Installing: /home/jim/ros2_ws/install/tf2_ros/include/tf2_ros/tf2_ros/message_filter.h
[27.147s] -- Installing: /home/jim/ros2_ws/install/tf2_ros/include/tf2_ros/tf2_ros/create_timer_ros.h
[27.147s] -- Installing: /home/jim/ros2_ws/install/tf2_ros/include/tf2_ros/tf2_ros/transform_listener.hpp
[27.147s] -- Installing: /home/jim/ros2_ws/install/tf2_ros/include/tf2_ros/tf2_ros/create_timer_interface.hpp
[27.147s] -- Installing: /home/jim/ros2_ws/install/tf2_ros/include/tf2_ros/tf2_ros/static_transform_broadcaster.h
[27.147s] -- Installing: /home/jim/ros2_ws/install/tf2_ros/include/tf2_ros/tf2_ros/buffer_interface.hpp
[27.147s] -- Installing: /home/jim/ros2_ws/install/tf2_ros/include/tf2_ros/tf2_ros/transform_listener.h
[27.147s] -- Installing: /home/jim/ros2_ws/install/tf2_ros/include/tf2_ros/tf2_ros/transform_broadcaster.hpp
[27.147s] -- Installing: /home/jim/ros2_ws/install/tf2_ros/include/tf2_ros/tf2_ros/async_buffer_interface.hpp
[27.147s] -- Installing: /home/jim/ros2_ws/install/tf2_ros/include/tf2_ros/tf2_ros/create_timer_ros.hpp
[27.148s] -- Installing: /home/jim/ros2_ws/install/tf2_ros/include/tf2_ros/tf2_ros/static_transform_broadcaster_visibility_control.h
[27.148s] -- Installing: /home/jim/ros2_ws/install/tf2_ros/include/tf2_ros/tf2_ros/buffer_interface.h
[27.148s] -- Installing: /home/jim/ros2_ws/install/tf2_ros/include/tf2_ros/tf2_ros/visibility_control.hpp
[27.148s] -- Installing: /home/jim/ros2_ws/install/tf2_ros/include/tf2_ros/tf2_ros/transform_broadcaster.h
[27.148s] -- Installing: /home/jim/ros2_ws/install/tf2_ros/include/tf2_ros/tf2_ros/create_timer_interface.h
[27.148s] -- Installing: /home/jim/ros2_ws/install/tf2_ros/include/tf2_ros/tf2_ros/static_transform_broadcaster_node.hpp
[27.148s] -- Installing: /home/jim/ros2_ws/install/tf2_ros/include/tf2_ros/tf2_ros/buffer.hpp
[27.148s] -- Installing: /home/jim/ros2_ws/install/tf2_ros/include/tf2_ros/tf2_ros/qos.hpp
[27.148s] -- Installing: /home/jim/ros2_ws/install/tf2_ros/include/tf2_ros/tf2_ros/buffer.h
[27.148s] -- Installing: /home/jim/ros2_ws/install/tf2_ros/include/tf2_ros/tf2_ros/static_transform_broadcaster_visibility_control.hpp
[27.149s] -- Installing: /home/jim/ros2_ws/install/tf2_ros/include/tf2_ros/tf2_ros/message_filter.hpp
[27.149s] -- Installing: /home/jim/ros2_ws/install/tf2_ros/include/tf2_ros/tf2_ros/buffer_server.hpp
[27.149s] -- Installing: /home/jim/ros2_ws/install/tf2_ros/include/tf2_ros/tf2_ros/buffer_client.hpp
[27.149s] -- Installing: /home/jim/ros2_ws/install/tf2_ros/share/tf2_ros/environment/library_path.sh
[27.149s] -- Installing: /home/jim/ros2_ws/install/tf2_ros/share/tf2_ros/environment/library_path.dsv
[27.149s] -- Installing: /home/jim/ros2_ws/install/tf2_ros/share/ament_index/resource_index/package_run_dependencies/tf2_ros
[27.149s] -- Installing: /home/jim/ros2_ws/install/tf2_ros/share/ament_index/resource_index/parent_prefix_path/tf2_ros
[27.149s] -- Installing: /home/jim/ros2_ws/install/tf2_ros/share/tf2_ros/environment/ament_prefix_path.sh
[27.150s] -- Installing: /home/jim/ros2_ws/install/tf2_ros/share/tf2_ros/environment/ament_prefix_path.dsv
[27.150s] -- Installing: /home/jim/ros2_ws/install/tf2_ros/share/tf2_ros/environment/path.sh
[27.150s] -- Installing: /home/jim/ros2_ws/install/tf2_ros/share/tf2_ros/environment/path.dsv
[27.150s] -- Installing: /home/jim/ros2_ws/install/tf2_ros/share/tf2_ros/local_setup.bash
[27.150s] -- Installing: /home/jim/ros2_ws/install/tf2_ros/share/tf2_ros/local_setup.sh
[27.150s] -- Installing: /home/jim/ros2_ws/install/tf2_ros/share/tf2_ros/local_setup.zsh
[27.150s] -- Installing: /home/jim/ros2_ws/install/tf2_ros/share/tf2_ros/local_setup.dsv
[27.150s] -- Installing: /home/jim/ros2_ws/install/tf2_ros/share/tf2_ros/package.dsv
[27.151s] -- Installing: /home/jim/ros2_ws/install/tf2_ros/share/ament_index/resource_index/packages/tf2_ros
[27.151s] -- Installing: /home/jim/ros2_ws/install/tf2_ros/share/ament_index/resource_index/rclcpp_components/tf2_ros
[27.151s] -- Installing: /home/jim/ros2_ws/install/tf2_ros/share/tf2_ros/cmake/export_tf2_rosExport.cmake
[27.151s] -- Installing: /home/jim/ros2_ws/install/tf2_ros/share/tf2_ros/cmake/export_tf2_rosExport-noconfig.cmake
[27.151s] -- Installing: /home/jim/ros2_ws/install/tf2_ros/share/tf2_ros/cmake/ament_cmake_export_include_directories-extras.cmake
[27.151s] -- Installing: /home/jim/ros2_ws/install/tf2_ros/share/tf2_ros/cmake/ament_cmake_export_libraries-extras.cmake
[27.152s] -- Installing: /home/jim/ros2_ws/install/tf2_ros/share/tf2_ros/cmake/ament_cmake_export_targets-extras.cmake
[27.152s] -- Installing: /home/jim/ros2_ws/install/tf2_ros/share/tf2_ros/cmake/ament_cmake_export_dependencies-extras.cmake
[27.152s] -- Installing: /home/jim/ros2_ws/install/tf2_ros/share/tf2_ros/cmake/tf2_rosConfig.cmake
[27.152s] -- Installing: /home/jim/ros2_ws/install/tf2_ros/share/tf2_ros/cmake/tf2_rosConfig-version.cmake
[27.152s] -- Installing: /home/jim/ros2_ws/install/tf2_ros/share/tf2_ros/package.xml
[27.155s] Invoked command in '/home/jim/ros2_ws/build/tf2_ros' returned '0': AMENT_PREFIX_PATH=/home/jim/ros2_ws/install/tf2_msgs:/home/jim/ros2_ws/install/tf2:${AMENT_PREFIX_PATH} CMAKE_PREFIX_PATH=/home/jim/ros2_ws/install/tf2_msgs:/home/jim/ros2_ws/install/tf2:/home/jim/ws_moveit2/install/pilz_industrial_motion_planner_testutils:/home/jim/ws_moveit2/install/moveit_runtime:/home/jim/ws_moveit2/install/moveit2_tutorials:/home/jim/ws_moveit2/install/moveit:/home/jim/ws_moveit2/install/moveit_planners:/home/jim/ws_moveit2/install/pilz_industrial_motion_planner:/home/jim/ws_moveit2/install/moveit_visual_tools:/home/jim/ws_moveit2/install/moveit_task_constructor_visualization:/home/jim/ws_moveit2/install/moveit_task_constructor_demo:/home/jim/ws_moveit2/install/moveit_task_constructor_capabilities:/home/jim/ws_moveit2/install/moveit_task_constructor_core:/home/jim/ws_moveit2/install/moveit_ros_control_interface:/home/jim/ws_moveit2/install/moveit_plugins:/home/jim/ws_moveit2/install/moveit_simple_controller_manager:/home/jim/ws_moveit2/install/moveit_setup_assistant:/home/jim/ws_moveit2/install/moveit_setup_srdf_plugins:/home/jim/ws_moveit2/install/moveit_setup_core_plugins:/home/jim/ws_moveit2/install/moveit_setup_controllers:/home/jim/ws_moveit2/install/moveit_setup_app_plugins:/home/jim/ws_moveit2/install/moveit_setup_framework:/home/jim/ws_moveit2/install/moveit_servo:/home/jim/ws_moveit2/install/moveit_ros:/home/jim/ws_moveit2/install/moveit_ros_visualization:/home/jim/ws_moveit2/install/moveit_hybrid_planning:/home/jim/ws_moveit2/install/moveit_ros_planning_interface:/home/jim/ws_moveit2/install/moveit_ros_benchmarks:/home/jim/ws_moveit2/install/moveit_ros_warehouse:/home/jim/ws_moveit2/install/moveit_ros_robot_interaction:/home/jim/ws_moveit2/install/moveit_ros_perception:/home/jim/ws_moveit2/install/moveit_resources_prbt_pg70_support:/home/jim/ws_moveit2/install/moveit_resources_prbt_moveit_config:/home/jim/ws_moveit2/install/moveit_ros_move_group:/home/jim/ws_moveit2/install/moveit_planners_ompl:/home/jim/ws_moveit2/install/moveit_ros_planning:/home/jim/ws_moveit2/install/moveit_ros_occupancy_map_monitor:/home/jim/ws_moveit2/install/moveit_resources_prbt_ikfast_manipulator_plugin:/home/jim/ws_moveit2/install/moveit_planners_chomp:/home/jim/ws_moveit2/install/moveit_kinematics:/home/jim/ws_moveit2/install/moveit_chomp_optimizer_adapter:/home/jim/ws_moveit2/install/chomp_motion_planner:/home/jim/ws_moveit2/install/moveit_core:/home/jim/ws_moveit2/install/srdfdom:/home/jim/ws_moveit2/install/rviz_marker_tools:/home/jim/ws_moveit2/install/rosparam_shortcuts:/home/jim/ws_moveit2/install/moveit_task_constructor_msgs:/home/jim/ws_moveit2/install/moveit_resources_prbt_support:/home/jim/ws_moveit2/install/moveit_resources:/home/jim/ws_moveit2/install/moveit_resources_pr2_description:/home/jim/ws_moveit2/install/moveit_resources_panda_moveit_config:/home/jim/ws_moveit2/install/moveit_resources_panda_description:/home/jim/ws_moveit2/install/moveit_resources_fanuc_moveit_config:/home/jim/ws_moveit2/install/moveit_resources_fanuc_description:/home/jim/ws_moveit2/install/moveit_common:/home/jim/ws_moveit2/install/moveit_configs_utils:/home/jim/ws_moveit2/install/launch_param_builder:/opt/ros/humble LD_LIBRARY_PATH=/home/jim/ros2_ws/install/tf2_msgs/lib:/home/jim/ros2_ws/install/tf2/lib:${LD_LIBRARY_PATH} PYTHONPATH=/home/jim/ros2_ws/install/tf2_msgs/local/lib/python3.10/dist-packages:${PYTHONPATH} /usr/bin/cmake --install /home/jim/ros2_ws/build/tf2_ros
